{"/Users/kris/collections/spec/array-spec.js":{"path":"/Users/kris/collections/spec/array-spec.js","s":{"1":1,"2":1,"3":1,"4":1,"5":1,"6":1,"7":1,"8":1,"9":1,"10":1,"11":1,"12":1,"13":1,"14":3,"15":3,"16":2,"17":2,"18":3,"19":1,"20":1,"21":1,"22":1,"23":1,"24":0,"25":0,"26":0,"27":0,"28":1,"29":1,"30":1,"31":1,"32":1,"33":1,"34":1,"35":1,"36":1,"37":1,"38":1,"39":1,"40":1,"41":1,"42":1,"43":1,"44":1,"45":1,"46":1,"47":1,"48":1,"49":1,"50":1,"51":1,"52":1,"53":1,"54":1,"55":1,"56":1,"57":1,"58":1,"59":1,"60":1,"61":1,"62":1,"63":1,"64":1,"65":1,"66":1,"67":1,"68":1,"69":10,"70":1,"71":1,"72":1,"73":1,"74":1,"75":5,"76":1,"77":1,"78":1,"79":1,"80":1,"81":1,"82":1,"83":1,"84":1,"85":1,"86":1,"87":1,"88":1,"89":1,"90":1,"91":1,"92":1,"93":1,"94":1,"95":1,"96":1,"97":1,"98":1,"99":1,"100":1,"101":1,"102":1,"103":4,"104":1},"b":{"1":[2,1]},"f":{"1":1,"2":3,"3":2,"4":1,"5":0,"6":1,"7":1,"8":1,"9":1,"10":1,"11":1,"12":1,"13":1,"14":1,"15":1,"16":1,"17":1,"18":1,"19":1,"20":1,"21":1,"22":1,"23":1,"24":1,"25":1,"26":10,"27":1,"28":1,"29":5,"30":1,"31":1,"32":1,"33":1,"34":1,"35":1,"36":1,"37":1,"38":1,"39":4},"fnMap":{"1":{"name":"(anonymous_1)","line":10,"loc":{"start":{"line":10,"column":18},"end":{"line":10,"column":30}}},"2":{"name":"mapAlike","line":16,"loc":{"start":{"line":16,"column":4},"end":{"line":16,"column":29}}},"3":{"name":"(anonymous_3)","line":19,"loc":{"start":{"line":19,"column":26},"end":{"line":19,"column":42}}},"4":{"name":"FakeArray","line":36,"loc":{"start":{"line":36,"column":4},"end":{"line":36,"column":25}}},"5":{"name":"(anonymous_5)","line":40,"loc":{"start":{"line":40,"column":33},"end":{"line":40,"column":60}}},"6":{"name":"(anonymous_6)","line":53,"loc":{"start":{"line":53,"column":20},"end":{"line":53,"column":32}}},"7":{"name":"(anonymous_7)","line":55,"loc":{"start":{"line":55,"column":56},"end":{"line":55,"column":68}}},"8":{"name":"(anonymous_8)","line":59,"loc":{"start":{"line":59,"column":49},"end":{"line":59,"column":61}}},"9":{"name":"(anonymous_9)","line":60,"loc":{"start":{"line":60,"column":19},"end":{"line":60,"column":31}}},"10":{"name":"(anonymous_10)","line":65,"loc":{"start":{"line":65,"column":46},"end":{"line":65,"column":58}}},"11":{"name":"(anonymous_11)","line":66,"loc":{"start":{"line":66,"column":19},"end":{"line":66,"column":31}}},"12":{"name":"(anonymous_12)","line":77,"loc":{"start":{"line":77,"column":21},"end":{"line":77,"column":33}}},"13":{"name":"(anonymous_13)","line":79,"loc":{"start":{"line":79,"column":45},"end":{"line":79,"column":57}}},"14":{"name":"(anonymous_14)","line":83,"loc":{"start":{"line":83,"column":56},"end":{"line":83,"column":68}}},"15":{"name":"(anonymous_15)","line":89,"loc":{"start":{"line":89,"column":25},"end":{"line":89,"column":37}}},"16":{"name":"(anonymous_16)","line":91,"loc":{"start":{"line":91,"column":45},"end":{"line":91,"column":57}}},"17":{"name":"(anonymous_17)","line":95,"loc":{"start":{"line":95,"column":56},"end":{"line":95,"column":68}}},"18":{"name":"(anonymous_18)","line":99,"loc":{"start":{"line":99,"column":57},"end":{"line":99,"column":69}}},"19":{"name":"(anonymous_19)","line":106,"loc":{"start":{"line":106,"column":20},"end":{"line":106,"column":32}}},"20":{"name":"(anonymous_20)","line":108,"loc":{"start":{"line":108,"column":45},"end":{"line":108,"column":57}}},"21":{"name":"(anonymous_21)","line":112,"loc":{"start":{"line":112,"column":51},"end":{"line":112,"column":63}}},"22":{"name":"(anonymous_22)","line":116,"loc":{"start":{"line":116,"column":56},"end":{"line":116,"column":68}}},"23":{"name":"(anonymous_23)","line":124,"loc":{"start":{"line":124,"column":20},"end":{"line":124,"column":32}}},"24":{"name":"(anonymous_24)","line":126,"loc":{"start":{"line":126,"column":32},"end":{"line":126,"column":44}}},"25":{"name":"(anonymous_25)","line":136,"loc":{"start":{"line":136,"column":23},"end":{"line":136,"column":35}}},"26":{"name":"(anonymous_26)","line":144,"loc":{"start":{"line":144,"column":32},"end":{"line":144,"column":45}}},"27":{"name":"(anonymous_27)","line":148,"loc":{"start":{"line":148,"column":45},"end":{"line":148,"column":57}}},"28":{"name":"(anonymous_28)","line":152,"loc":{"start":{"line":152,"column":54},"end":{"line":152,"column":66}}},"29":{"name":"(anonymous_29)","line":154,"loc":{"start":{"line":154,"column":43},"end":{"line":154,"column":59}}},"30":{"name":"(anonymous_30)","line":161,"loc":{"start":{"line":161,"column":22},"end":{"line":161,"column":34}}},"31":{"name":"(anonymous_31)","line":165,"loc":{"start":{"line":165,"column":49},"end":{"line":165,"column":61}}},"32":{"name":"(anonymous_32)","line":172,"loc":{"start":{"line":172,"column":40},"end":{"line":172,"column":52}}},"33":{"name":"(anonymous_33)","line":177,"loc":{"start":{"line":177,"column":40},"end":{"line":177,"column":52}}},"34":{"name":"(anonymous_34)","line":183,"loc":{"start":{"line":183,"column":40},"end":{"line":183,"column":52}}},"35":{"name":"(anonymous_35)","line":192,"loc":{"start":{"line":192,"column":20},"end":{"line":192,"column":32}}},"36":{"name":"(anonymous_36)","line":193,"loc":{"start":{"line":193,"column":46},"end":{"line":193,"column":58}}},"37":{"name":"(anonymous_37)","line":204,"loc":{"start":{"line":204,"column":22},"end":{"line":204,"column":34}}},"38":{"name":"(anonymous_38)","line":205,"loc":{"start":{"line":205,"column":38},"end":{"line":205,"column":50}}},"39":{"name":"(anonymous_39)","line":212,"loc":{"start":{"line":212,"column":20},"end":{"line":212,"column":38}}}},"statementMap":{"1":{"start":{"line":2,"column":0},"end":{"line":2,"column":19}},"2":{"start":{"line":3,"column":0},"end":{"line":3,"column":35}},"3":{"start":{"line":4,"column":0},"end":{"line":4,"column":57}},"4":{"start":{"line":5,"column":0},"end":{"line":5,"column":43}},"5":{"start":{"line":6,"column":0},"end":{"line":6,"column":49}},"6":{"start":{"line":7,"column":0},"end":{"line":7,"column":39}},"7":{"start":{"line":8,"column":0},"end":{"line":8,"column":57}},"8":{"start":{"line":10,"column":0},"end":{"line":223,"column":3}},"9":{"start":{"line":11,"column":4},"end":{"line":11,"column":32}},"10":{"start":{"line":12,"column":4},"end":{"line":12,"column":49}},"11":{"start":{"line":13,"column":4},"end":{"line":13,"column":73}},"12":{"start":{"line":14,"column":4},"end":{"line":14,"column":30}},"13":{"start":{"line":16,"column":4},"end":{"line":24,"column":5}},"14":{"start":{"line":17,"column":8},"end":{"line":17,"column":23}},"15":{"start":{"line":18,"column":8},"end":{"line":22,"column":9}},"16":{"start":{"line":19,"column":12},"end":{"line":21,"column":15}},"17":{"start":{"line":20,"column":16},"end":{"line":20,"column":44}},"18":{"start":{"line":23,"column":8},"end":{"line":23,"column":21}},"19":{"start":{"line":26,"column":4},"end":{"line":26,"column":33}},"20":{"start":{"line":36,"column":4},"end":{"line":38,"column":5}},"21":{"start":{"line":37,"column":8},"end":{"line":37,"column":24}},"22":{"start":{"line":39,"column":4},"end":{"line":39,"column":69}},"23":{"start":{"line":40,"column":4},"end":{"line":45,"column":6}},"24":{"start":{"line":41,"column":8},"end":{"line":41,"column":45}},"25":{"start":{"line":42,"column":8},"end":{"line":42,"column":45}},"26":{"start":{"line":43,"column":8},"end":{"line":43,"column":45}},"27":{"start":{"line":44,"column":8},"end":{"line":44,"column":21}},"28":{"start":{"line":46,"column":4},"end":{"line":46,"column":36}},"29":{"start":{"line":53,"column":4},"end":{"line":71,"column":7}},"30":{"start":{"line":55,"column":8},"end":{"line":57,"column":11}},"31":{"start":{"line":56,"column":12},"end":{"line":56,"column":42}},"32":{"start":{"line":59,"column":8},"end":{"line":63,"column":11}},"33":{"start":{"line":60,"column":12},"end":{"line":62,"column":25}},"34":{"start":{"line":61,"column":16},"end":{"line":61,"column":33}},"35":{"start":{"line":65,"column":8},"end":{"line":69,"column":11}},"36":{"start":{"line":66,"column":12},"end":{"line":68,"column":25}},"37":{"start":{"line":67,"column":16},"end":{"line":67,"column":28}},"38":{"start":{"line":77,"column":4},"end":{"line":87,"column":7}},"39":{"start":{"line":79,"column":8},"end":{"line":81,"column":11}},"40":{"start":{"line":80,"column":12},"end":{"line":80,"column":53}},"41":{"start":{"line":83,"column":8},"end":{"line":85,"column":11}},"42":{"start":{"line":84,"column":12},"end":{"line":84,"column":65}},"43":{"start":{"line":89,"column":4},"end":{"line":104,"column":7}},"44":{"start":{"line":91,"column":8},"end":{"line":93,"column":11}},"45":{"start":{"line":92,"column":12},"end":{"line":92,"column":57}},"46":{"start":{"line":95,"column":8},"end":{"line":97,"column":11}},"47":{"start":{"line":96,"column":12},"end":{"line":96,"column":69}},"48":{"start":{"line":99,"column":8},"end":{"line":102,"column":11}},"49":{"start":{"line":100,"column":12},"end":{"line":100,"column":33}},"50":{"start":{"line":101,"column":12},"end":{"line":101,"column":66}},"51":{"start":{"line":106,"column":4},"end":{"line":122,"column":7}},"52":{"start":{"line":108,"column":8},"end":{"line":110,"column":11}},"53":{"start":{"line":109,"column":12},"end":{"line":109,"column":54}},"54":{"start":{"line":112,"column":8},"end":{"line":114,"column":11}},"55":{"start":{"line":113,"column":12},"end":{"line":113,"column":43}},"56":{"start":{"line":116,"column":8},"end":{"line":120,"column":11}},"57":{"start":{"line":117,"column":12},"end":{"line":117,"column":28}},"58":{"start":{"line":118,"column":12},"end":{"line":118,"column":60}},"59":{"start":{"line":119,"column":12},"end":{"line":119,"column":63}},"60":{"start":{"line":124,"column":4},"end":{"line":134,"column":7}},"61":{"start":{"line":126,"column":8},"end":{"line":132,"column":11}},"62":{"start":{"line":127,"column":12},"end":{"line":127,"column":34}},"63":{"start":{"line":128,"column":12},"end":{"line":128,"column":31}},"64":{"start":{"line":129,"column":12},"end":{"line":129,"column":46}},"65":{"start":{"line":130,"column":12},"end":{"line":130,"column":46}},"66":{"start":{"line":131,"column":12},"end":{"line":131,"column":50}},"67":{"start":{"line":136,"column":4},"end":{"line":159,"column":7}},"68":{"start":{"line":137,"column":8},"end":{"line":146,"column":15}},"69":{"start":{"line":145,"column":16},"end":{"line":145,"column":29}},"70":{"start":{"line":148,"column":8},"end":{"line":150,"column":11}},"71":{"start":{"line":149,"column":12},"end":{"line":149,"column":56}},"72":{"start":{"line":152,"column":8},"end":{"line":157,"column":11}},"73":{"start":{"line":153,"column":12},"end":{"line":153,"column":59}},"74":{"start":{"line":154,"column":12},"end":{"line":156,"column":15}},"75":{"start":{"line":155,"column":16},"end":{"line":155,"column":42}},"76":{"start":{"line":161,"column":4},"end":{"line":190,"column":7}},"77":{"start":{"line":165,"column":8},"end":{"line":170,"column":11}},"78":{"start":{"line":166,"column":12},"end":{"line":166,"column":31}},"79":{"start":{"line":167,"column":12},"end":{"line":167,"column":38}},"80":{"start":{"line":168,"column":12},"end":{"line":168,"column":41}},"81":{"start":{"line":169,"column":12},"end":{"line":169,"column":41}},"82":{"start":{"line":172,"column":8},"end":{"line":175,"column":11}},"83":{"start":{"line":173,"column":12},"end":{"line":173,"column":27}},"84":{"start":{"line":174,"column":12},"end":{"line":174,"column":47}},"85":{"start":{"line":177,"column":8},"end":{"line":181,"column":11}},"86":{"start":{"line":178,"column":12},"end":{"line":178,"column":29}},"87":{"start":{"line":179,"column":12},"end":{"line":179,"column":50}},"88":{"start":{"line":180,"column":12},"end":{"line":180,"column":53}},"89":{"start":{"line":183,"column":8},"end":{"line":188,"column":11}},"90":{"start":{"line":184,"column":12},"end":{"line":184,"column":34}},"91":{"start":{"line":185,"column":12},"end":{"line":185,"column":50}},"92":{"start":{"line":186,"column":12},"end":{"line":186,"column":56}},"93":{"start":{"line":187,"column":12},"end":{"line":187,"column":56}},"94":{"start":{"line":192,"column":4},"end":{"line":202,"column":7}},"95":{"start":{"line":193,"column":8},"end":{"line":201,"column":11}},"96":{"start":{"line":194,"column":12},"end":{"line":194,"column":27}},"97":{"start":{"line":195,"column":12},"end":{"line":195,"column":23}},"98":{"start":{"line":196,"column":12},"end":{"line":196,"column":23}},"99":{"start":{"line":197,"column":12},"end":{"line":200,"column":15}},"100":{"start":{"line":204,"column":4},"end":{"line":221,"column":7}},"101":{"start":{"line":205,"column":8},"end":{"line":220,"column":11}},"102":{"start":{"line":207,"column":12},"end":{"line":215,"column":12}},"103":{"start":{"line":213,"column":16},"end":{"line":213,"column":48}},"104":{"start":{"line":215,"column":12},"end":{"line":218,"column":15}}},"branchMap":{"1":{"line":18,"type":"if","locations":[{"start":{"line":18,"column":8},"end":{"line":18,"column":8}},{"start":{"line":18,"column":8},"end":{"line":18,"column":8}}]}}},"/Users/kris/collections/shim.js":{"path":"/Users/kris/collections/shim.js","s":{"1":1,"2":1,"3":1,"4":1},"b":{},"f":{},"fnMap":{},"statementMap":{"1":{"start":{"line":2,"column":0},"end":{"line":2,"column":36}},"2":{"start":{"line":3,"column":0},"end":{"line":3,"column":38}},"3":{"start":{"line":4,"column":0},"end":{"line":4,"column":42}},"4":{"start":{"line":5,"column":0},"end":{"line":5,"column":38}}},"branchMap":{}},"/Users/kris/collections/shim-array.js":{"path":"/Users/kris/collections/shim-array.js","s":{"1":1,"2":1,"3":1,"4":1,"5":1,"6":1,"7":1,"8":1,"9":1,"10":1,"11":102,"12":102,"13":102,"14":1,"15":34,"16":34,"17":34,"18":68,"19":68,"20":68,"21":38,"22":34,"23":68,"24":68,"25":188,"26":169,"27":169,"28":34,"29":1,"30":33,"31":1,"32":1,"33":1,"34":1,"35":1,"36":1,"37":1,"38":1,"39":1,"40":1,"41":1,"42":1,"43":1,"44":1,"45":1,"46":1,"47":1,"48":1,"49":0,"50":0,"51":0,"52":1,"53":125,"54":1,"55":3,"56":2,"57":1,"58":0,"59":1,"60":1,"61":1767,"62":1767,"63":1,"64":279,"65":279,"66":1,"67":10,"68":10,"69":7,"70":7,"71":3,"72":1,"73":138,"74":138,"75":281,"76":97,"77":41,"78":1,"79":4,"80":4,"81":4,"82":4,"83":4,"84":3,"85":1,"86":1,"87":334,"88":334,"89":329,"90":334,"91":1,"92":45,"93":36,"94":36,"95":1,"96":9,"97":9,"98":1,"99":50,"100":50,"101":50,"102":50,"103":50,"104":50,"105":50,"106":1,"107":49,"108":26,"109":23,"110":23,"111":26,"112":26,"113":0,"114":26,"115":26,"116":26,"117":26,"118":20,"119":0,"120":0,"121":3,"122":1,"123":107,"124":107,"125":107,"126":107,"127":107,"128":107,"129":1,"130":106,"131":80,"132":26,"133":8,"134":18,"135":24,"136":24,"137":24,"138":24,"139":0,"140":0,"141":0,"142":18,"143":1,"144":79,"145":2,"146":77,"147":2,"148":77,"149":77,"150":77,"151":129,"152":129,"153":77,"154":1,"155":3,"156":1,"157":1,"158":5,"159":5,"160":5,"161":1,"162":23,"163":5,"164":18},"b":{"1":[1,0],"2":[38,30],"3":[169,19],"4":[188,170],"5":[169,85],"6":[2,1],"7":[0,1],"8":[7,3],"9":[138,135,135],"10":[97,184],"11":[281,281],"12":[4,3,3],"13":[3,1],"14":[4,4],"15":[329,5],"16":[36,0],"17":[50,50],"18":[1,49],"19":[26,23],"20":[49,49],"21":[26,0],"22":[0,26],"23":[20,6],"24":[0,0],"25":[107,9],"26":[1,106],"27":[80,26],"28":[106,103],"29":[8,18],"30":[24,0],"31":[0,24],"32":[24,4,4,4],"33":[0,0],"34":[2,77],"35":[2,75],"36":[77,16],"37":[129,0],"38":[5,0],"39":[5,18],"40":[23,0]},"f":{"1":102,"2":34,"3":33,"4":0,"5":125,"6":3,"7":1767,"8":279,"9":10,"10":138,"11":4,"12":334,"13":45,"14":9,"15":50,"16":107,"17":79,"18":3,"19":5,"20":23},"fnMap":{"1":{"name":"(anonymous_1)","line":23,"loc":{"start":{"line":23,"column":13},"end":{"line":23,"column":31}}},"2":{"name":"(anonymous_2)","line":29,"loc":{"start":{"line":29,"column":14},"end":{"line":29,"column":31}}},"3":{"name":"define","line":52,"loc":{"start":{"line":52,"column":0},"end":{"line":52,"column":28}}},"4":{"name":"(anonymous_4)","line":79,"loc":{"start":{"line":79,"column":25},"end":{"line":79,"column":43}}},"5":{"name":"(anonymous_5)","line":85,"loc":{"start":{"line":85,"column":14},"end":{"line":85,"column":39}}},"6":{"name":"(anonymous_6)","line":89,"loc":{"start":{"line":89,"column":14},"end":{"line":89,"column":45}}},"7":{"name":"(anonymous_7)","line":99,"loc":{"start":{"line":99,"column":14},"end":{"line":99,"column":38}}},"8":{"name":"(anonymous_8)","line":104,"loc":{"start":{"line":104,"column":14},"end":{"line":104,"column":31}}},"9":{"name":"(anonymous_9)","line":109,"loc":{"start":{"line":109,"column":17},"end":{"line":109,"column":42}}},"10":{"name":"(anonymous_10)","line":118,"loc":{"start":{"line":118,"column":15},"end":{"line":118,"column":40}}},"11":{"name":"(anonymous_11)","line":128,"loc":{"start":{"line":128,"column":19},"end":{"line":128,"column":44}}},"12":{"name":"(anonymous_12)","line":140,"loc":{"start":{"line":140,"column":15},"end":{"line":140,"column":46}}},"13":{"name":"(anonymous_13)","line":148,"loc":{"start":{"line":148,"column":14},"end":{"line":148,"column":26}}},"14":{"name":"(anonymous_14)","line":156,"loc":{"start":{"line":156,"column":16},"end":{"line":156,"column":28}}},"15":{"name":"(anonymous_15)","line":161,"loc":{"start":{"line":161,"column":18},"end":{"line":161,"column":43}}},"16":{"name":"(anonymous_16)","line":199,"loc":{"start":{"line":199,"column":17},"end":{"line":199,"column":41}}},"17":{"name":"(anonymous_17)","line":233,"loc":{"start":{"line":233,"column":16},"end":{"line":233,"column":39}}},"18":{"name":"(anonymous_18)","line":249,"loc":{"start":{"line":249,"column":18},"end":{"line":249,"column":40}}},"19":{"name":"ArrayIterator","line":255,"loc":{"start":{"line":255,"column":0},"end":{"line":255,"column":42}}},"20":{"name":"(anonymous_20)","line":261,"loc":{"start":{"line":261,"column":31},"end":{"line":261,"column":43}}}},"statementMap":{"1":{"start":{"line":1,"column":0},"end":{"line":1,"column":13}},"2":{"start":{"line":10,"column":0},"end":{"line":10,"column":42}},"3":{"start":{"line":11,"column":0},"end":{"line":11,"column":56}},"4":{"start":{"line":12,"column":0},"end":{"line":12,"column":46}},"5":{"start":{"line":13,"column":0},"end":{"line":13,"column":36}},"6":{"start":{"line":15,"column":0},"end":{"line":15,"column":23}},"7":{"start":{"line":17,"column":0},"end":{"line":17,"column":17}},"8":{"start":{"line":19,"column":0},"end":{"line":21,"column":1}},"9":{"start":{"line":20,"column":4},"end":{"line":20,"column":31}},"10":{"start":{"line":23,"column":0},"end":{"line":27,"column":2}},"11":{"start":{"line":24,"column":4},"end":{"line":24,"column":19}},"12":{"start":{"line":25,"column":4},"end":{"line":25,"column":26}},"13":{"start":{"line":26,"column":4},"end":{"line":26,"column":17}},"14":{"start":{"line":29,"column":0},"end":{"line":50,"column":2}},"15":{"start":{"line":30,"column":4},"end":{"line":30,"column":23}},"16":{"start":{"line":31,"column":4},"end":{"line":31,"column":26}},"17":{"start":{"line":33,"column":4},"end":{"line":39,"column":5}},"18":{"start":{"line":34,"column":8},"end":{"line":34,"column":27}},"19":{"start":{"line":35,"column":8},"end":{"line":35,"column":33}},"20":{"start":{"line":36,"column":8},"end":{"line":38,"column":9}},"21":{"start":{"line":37,"column":12},"end":{"line":37,"column":32}},"22":{"start":{"line":40,"column":4},"end":{"line":48,"column":5}},"23":{"start":{"line":41,"column":8},"end":{"line":41,"column":27}},"24":{"start":{"line":42,"column":8},"end":{"line":47,"column":9}},"25":{"start":{"line":43,"column":12},"end":{"line":46,"column":13}},"26":{"start":{"line":44,"column":16},"end":{"line":44,"column":50}},"27":{"start":{"line":45,"column":16},"end":{"line":45,"column":41}},"28":{"start":{"line":49,"column":4},"end":{"line":49,"column":21}},"29":{"start":{"line":52,"column":0},"end":{"line":59,"column":1}},"30":{"start":{"line":53,"column":4},"end":{"line":58,"column":7}},"31":{"start":{"line":61,"column":0},"end":{"line":61,"column":55}},"32":{"start":{"line":62,"column":0},"end":{"line":62,"column":61}},"33":{"start":{"line":63,"column":0},"end":{"line":63,"column":55}},"34":{"start":{"line":64,"column":0},"end":{"line":64,"column":57}},"35":{"start":{"line":65,"column":0},"end":{"line":65,"column":47}},"36":{"start":{"line":66,"column":0},"end":{"line":66,"column":47}},"37":{"start":{"line":67,"column":0},"end":{"line":67,"column":47}},"38":{"start":{"line":68,"column":0},"end":{"line":68,"column":47}},"39":{"start":{"line":69,"column":0},"end":{"line":69,"column":47}},"40":{"start":{"line":70,"column":0},"end":{"line":70,"column":55}},"41":{"start":{"line":71,"column":0},"end":{"line":71,"column":49}},"42":{"start":{"line":72,"column":0},"end":{"line":72,"column":55}},"43":{"start":{"line":73,"column":0},"end":{"line":73,"column":47}},"44":{"start":{"line":74,"column":0},"end":{"line":74,"column":59}},"45":{"start":{"line":75,"column":0},"end":{"line":75,"column":51}},"46":{"start":{"line":76,"column":0},"end":{"line":76,"column":53}},"47":{"start":{"line":77,"column":0},"end":{"line":77,"column":57}},"48":{"start":{"line":79,"column":0},"end":{"line":83,"column":3}},"49":{"start":{"line":80,"column":4},"end":{"line":80,"column":39}},"50":{"start":{"line":81,"column":4},"end":{"line":81,"column":26}},"51":{"start":{"line":82,"column":4},"end":{"line":82,"column":17}},"52":{"start":{"line":85,"column":0},"end":{"line":87,"column":3}},"53":{"start":{"line":86,"column":4},"end":{"line":86,"column":43}},"54":{"start":{"line":89,"column":0},"end":{"line":97,"column":3}},"55":{"start":{"line":90,"column":4},"end":{"line":91,"column":52}},"56":{"start":{"line":91,"column":8},"end":{"line":91,"column":52}},"57":{"start":{"line":92,"column":4},"end":{"line":96,"column":5}},"58":{"start":{"line":93,"column":8},"end":{"line":93,"column":28}},"59":{"start":{"line":95,"column":8},"end":{"line":95,"column":27}},"60":{"start":{"line":99,"column":0},"end":{"line":102,"column":3}},"61":{"start":{"line":100,"column":4},"end":{"line":100,"column":33}},"62":{"start":{"line":101,"column":4},"end":{"line":101,"column":16}},"63":{"start":{"line":104,"column":0},"end":{"line":107,"column":3}},"64":{"start":{"line":105,"column":4},"end":{"line":105,"column":21}},"65":{"start":{"line":106,"column":4},"end":{"line":106,"column":16}},"66":{"start":{"line":109,"column":0},"end":{"line":116,"column":3}},"67":{"start":{"line":110,"column":4},"end":{"line":110,"column":41}},"68":{"start":{"line":111,"column":4},"end":{"line":114,"column":5}},"69":{"start":{"line":112,"column":8},"end":{"line":112,"column":30}},"70":{"start":{"line":113,"column":8},"end":{"line":113,"column":20}},"71":{"start":{"line":115,"column":4},"end":{"line":115,"column":17}},"72":{"start":{"line":118,"column":0},"end":{"line":126,"column":3}},"73":{"start":{"line":119,"column":4},"end":{"line":119,"column":59}},"74":{"start":{"line":120,"column":4},"end":{"line":124,"column":5}},"75":{"start":{"line":121,"column":8},"end":{"line":123,"column":9}},"76":{"start":{"line":122,"column":12},"end":{"line":122,"column":25}},"77":{"start":{"line":125,"column":4},"end":{"line":125,"column":14}},"78":{"start":{"line":128,"column":0},"end":{"line":138,"column":3}},"79":{"start":{"line":129,"column":4},"end":{"line":129,"column":59}},"80":{"start":{"line":130,"column":4},"end":{"line":130,"column":28}},"81":{"start":{"line":131,"column":4},"end":{"line":136,"column":24}},"82":{"start":{"line":132,"column":8},"end":{"line":132,"column":16}},"83":{"start":{"line":133,"column":8},"end":{"line":135,"column":9}},"84":{"start":{"line":134,"column":12},"end":{"line":134,"column":25}},"85":{"start":{"line":137,"column":4},"end":{"line":137,"column":14}},"86":{"start":{"line":140,"column":0},"end":{"line":146,"column":3}},"87":{"start":{"line":141,"column":4},"end":{"line":141,"column":59}},"88":{"start":{"line":142,"column":4},"end":{"line":144,"column":5}},"89":{"start":{"line":143,"column":8},"end":{"line":143,"column":36}},"90":{"start":{"line":145,"column":4},"end":{"line":145,"column":41}},"91":{"start":{"line":148,"column":0},"end":{"line":154,"column":3}},"92":{"start":{"line":149,"column":4},"end":{"line":153,"column":5}},"93":{"start":{"line":150,"column":8},"end":{"line":152,"column":9}},"94":{"start":{"line":151,"column":12},"end":{"line":151,"column":27}},"95":{"start":{"line":156,"column":0},"end":{"line":159,"column":3}},"96":{"start":{"line":157,"column":4},"end":{"line":157,"column":20}},"97":{"start":{"line":158,"column":4},"end":{"line":158,"column":16}},"98":{"start":{"line":161,"column":0},"end":{"line":197,"column":3}},"99":{"start":{"line":162,"column":4},"end":{"line":162,"column":40}},"100":{"start":{"line":163,"column":4},"end":{"line":163,"column":10}},"101":{"start":{"line":164,"column":4},"end":{"line":164,"column":15}},"102":{"start":{"line":165,"column":4},"end":{"line":165,"column":12}},"103":{"start":{"line":166,"column":4},"end":{"line":166,"column":12}},"104":{"start":{"line":167,"column":4},"end":{"line":167,"column":17}},"105":{"start":{"line":169,"column":4},"end":{"line":171,"column":5}},"106":{"start":{"line":170,"column":8},"end":{"line":170,"column":17}},"107":{"start":{"line":173,"column":4},"end":{"line":175,"column":5}},"108":{"start":{"line":174,"column":8},"end":{"line":174,"column":72}},"109":{"start":{"line":177,"column":4},"end":{"line":177,"column":48}},"110":{"start":{"line":179,"column":4},"end":{"line":194,"column":5}},"111":{"start":{"line":180,"column":8},"end":{"line":193,"column":9}},"112":{"start":{"line":181,"column":12},"end":{"line":190,"column":13}},"113":{"start":{"line":182,"column":16},"end":{"line":182,"column":26}},"114":{"start":{"line":184,"column":16},"end":{"line":184,"column":30}},"115":{"start":{"line":185,"column":16},"end":{"line":185,"column":30}},"116":{"start":{"line":186,"column":16},"end":{"line":186,"column":45}},"117":{"start":{"line":187,"column":16},"end":{"line":189,"column":17}},"118":{"start":{"line":188,"column":20},"end":{"line":188,"column":36}},"119":{"start":{"line":191,"column":15},"end":{"line":193,"column":9}},"120":{"start":{"line":192,"column":12},"end":{"line":192,"column":21}},"121":{"start":{"line":196,"column":4},"end":{"line":196,"column":37}},"122":{"start":{"line":199,"column":0},"end":{"line":231,"column":3}},"123":{"start":{"line":200,"column":4},"end":{"line":200,"column":37}},"124":{"start":{"line":201,"column":4},"end":{"line":201,"column":14}},"125":{"start":{"line":202,"column":4},"end":{"line":202,"column":29}},"126":{"start":{"line":203,"column":4},"end":{"line":203,"column":13}},"127":{"start":{"line":204,"column":4},"end":{"line":204,"column":14}},"128":{"start":{"line":206,"column":4},"end":{"line":208,"column":5}},"129":{"start":{"line":207,"column":8},"end":{"line":207,"column":20}},"130":{"start":{"line":209,"column":4},"end":{"line":211,"column":5}},"131":{"start":{"line":210,"column":8},"end":{"line":210,"column":62}},"132":{"start":{"line":213,"column":4},"end":{"line":229,"column":5}},"133":{"start":{"line":214,"column":8},"end":{"line":214,"column":21}},"134":{"start":{"line":216,"column":8},"end":{"line":228,"column":9}},"135":{"start":{"line":217,"column":12},"end":{"line":227,"column":13}},"136":{"start":{"line":218,"column":16},"end":{"line":218,"column":31}},"137":{"start":{"line":219,"column":16},"end":{"line":219,"column":32}},"138":{"start":{"line":220,"column":16},"end":{"line":222,"column":17}},"139":{"start":{"line":221,"column":20},"end":{"line":221,"column":33}},"140":{"start":{"line":224,"column":16},"end":{"line":226,"column":17}},"141":{"start":{"line":225,"column":20},"end":{"line":225,"column":33}},"142":{"start":{"line":230,"column":4},"end":{"line":230,"column":16}},"143":{"start":{"line":233,"column":0},"end":{"line":247,"column":3}},"144":{"start":{"line":234,"column":4},"end":{"line":238,"column":5}},"145":{"start":{"line":235,"column":8},"end":{"line":235,"column":25}},"146":{"start":{"line":236,"column":11},"end":{"line":238,"column":5}},"147":{"start":{"line":237,"column":8},"end":{"line":237,"column":20}},"148":{"start":{"line":239,"column":4},"end":{"line":239,"column":33}},"149":{"start":{"line":240,"column":4},"end":{"line":240,"column":19}},"150":{"start":{"line":241,"column":4},"end":{"line":245,"column":5}},"151":{"start":{"line":242,"column":8},"end":{"line":244,"column":9}},"152":{"start":{"line":243,"column":12},"end":{"line":243,"column":62}},"153":{"start":{"line":246,"column":4},"end":{"line":246,"column":17}},"154":{"start":{"line":249,"column":0},"end":{"line":251,"column":3}},"155":{"start":{"line":250,"column":4},"end":{"line":250,"column":47}},"156":{"start":{"line":253,"column":0},"end":{"line":253,"column":34}},"157":{"start":{"line":255,"column":0},"end":{"line":259,"column":1}},"158":{"start":{"line":256,"column":4},"end":{"line":256,"column":23}},"159":{"start":{"line":257,"column":4},"end":{"line":257,"column":43}},"160":{"start":{"line":258,"column":4},"end":{"line":258,"column":19}},"161":{"start":{"line":261,"column":0},"end":{"line":267,"column":2}},"162":{"start":{"line":262,"column":4},"end":{"line":266,"column":5}},"163":{"start":{"line":263,"column":8},"end":{"line":263,"column":28}},"164":{"start":{"line":265,"column":8},"end":{"line":265,"column":40}}},"branchMap":{"1":{"line":19,"type":"if","locations":[{"start":{"line":19,"column":0},"end":{"line":19,"column":0}},{"start":{"line":19,"column":0},"end":{"line":19,"column":0}}]},"2":{"line":36,"type":"if","locations":[{"start":{"line":36,"column":8},"end":{"line":36,"column":8}},{"start":{"line":36,"column":8},"end":{"line":36,"column":8}}]},"3":{"line":43,"type":"if","locations":[{"start":{"line":43,"column":12},"end":{"line":43,"column":12}},{"start":{"line":43,"column":12},"end":{"line":43,"column":12}}]},"4":{"line":43,"type":"binary-expr","locations":[{"start":{"line":43,"column":16},"end":{"line":43,"column":26}},{"start":{"line":43,"column":30},"end":{"line":43,"column":38}}]},"5":{"line":44,"type":"binary-expr","locations":[{"start":{"line":44,"column":31},"end":{"line":44,"column":43}},{"start":{"line":44,"column":47},"end":{"line":44,"column":49}}]},"6":{"line":90,"type":"if","locations":[{"start":{"line":90,"column":4},"end":{"line":90,"column":4}},{"start":{"line":90,"column":4},"end":{"line":90,"column":4}}]},"7":{"line":92,"type":"if","locations":[{"start":{"line":92,"column":4},"end":{"line":92,"column":4}},{"start":{"line":92,"column":4},"end":{"line":92,"column":4}}]},"8":{"line":111,"type":"if","locations":[{"start":{"line":111,"column":4},"end":{"line":111,"column":4}},{"start":{"line":111,"column":4},"end":{"line":111,"column":4}}]},"9":{"line":119,"type":"binary-expr","locations":[{"start":{"line":119,"column":13},"end":{"line":119,"column":19}},{"start":{"line":119,"column":23},"end":{"line":119,"column":41}},{"start":{"line":119,"column":45},"end":{"line":119,"column":58}}]},"10":{"line":121,"type":"if","locations":[{"start":{"line":121,"column":8},"end":{"line":121,"column":8}},{"start":{"line":121,"column":8},"end":{"line":121,"column":8}}]},"11":{"line":121,"type":"binary-expr","locations":[{"start":{"line":121,"column":12},"end":{"line":121,"column":25}},{"start":{"line":121,"column":29},"end":{"line":121,"column":55}}]},"12":{"line":129,"type":"binary-expr","locations":[{"start":{"line":129,"column":13},"end":{"line":129,"column":19}},{"start":{"line":129,"column":23},"end":{"line":129,"column":41}},{"start":{"line":129,"column":45},"end":{"line":129,"column":58}}]},"13":{"line":133,"type":"if","locations":[{"start":{"line":133,"column":8},"end":{"line":133,"column":8}},{"start":{"line":133,"column":8},"end":{"line":133,"column":8}}]},"14":{"line":133,"type":"binary-expr","locations":[{"start":{"line":133,"column":12},"end":{"line":133,"column":25}},{"start":{"line":133,"column":29},"end":{"line":133,"column":55}}]},"15":{"line":142,"type":"if","locations":[{"start":{"line":142,"column":4},"end":{"line":142,"column":4}},{"start":{"line":142,"column":4},"end":{"line":142,"column":4}}]},"16":{"line":150,"type":"if","locations":[{"start":{"line":150,"column":8},"end":{"line":150,"column":8}},{"start":{"line":150,"column":8},"end":{"line":150,"column":8}}]},"17":{"line":162,"type":"binary-expr","locations":[{"start":{"line":162,"column":14},"end":{"line":162,"column":21}},{"start":{"line":162,"column":25},"end":{"line":162,"column":39}}]},"18":{"line":169,"type":"if","locations":[{"start":{"line":169,"column":4},"end":{"line":169,"column":4}},{"start":{"line":169,"column":4},"end":{"line":169,"column":4}}]},"19":{"line":173,"type":"if","locations":[{"start":{"line":173,"column":4},"end":{"line":173,"column":4}},{"start":{"line":173,"column":4},"end":{"line":173,"column":4}}]},"20":{"line":173,"type":"binary-expr","locations":[{"start":{"line":173,"column":8},"end":{"line":173,"column":13}},{"start":{"line":173,"column":17},"end":{"line":173,"column":37}}]},"21":{"line":180,"type":"if","locations":[{"start":{"line":180,"column":8},"end":{"line":180,"column":8}},{"start":{"line":180,"column":8},"end":{"line":180,"column":8}}]},"22":{"line":181,"type":"if","locations":[{"start":{"line":181,"column":12},"end":{"line":181,"column":12}},{"start":{"line":181,"column":12},"end":{"line":181,"column":12}}]},"23":{"line":187,"type":"if","locations":[{"start":{"line":187,"column":16},"end":{"line":187,"column":16}},{"start":{"line":187,"column":16},"end":{"line":187,"column":16}}]},"24":{"line":191,"type":"if","locations":[{"start":{"line":191,"column":15},"end":{"line":191,"column":15}},{"start":{"line":191,"column":15},"end":{"line":191,"column":15}}]},"25":{"line":200,"type":"binary-expr","locations":[{"start":{"line":200,"column":13},"end":{"line":200,"column":19}},{"start":{"line":200,"column":23},"end":{"line":200,"column":36}}]},"26":{"line":206,"type":"if","locations":[{"start":{"line":206,"column":4},"end":{"line":206,"column":4}},{"start":{"line":206,"column":4},"end":{"line":206,"column":4}}]},"27":{"line":209,"type":"if","locations":[{"start":{"line":209,"column":4},"end":{"line":209,"column":4}},{"start":{"line":209,"column":4},"end":{"line":209,"column":4}}]},"28":{"line":209,"type":"binary-expr","locations":[{"start":{"line":209,"column":8},"end":{"line":209,"column":13}},{"start":{"line":209,"column":17},"end":{"line":209,"column":37}}]},"29":{"line":213,"type":"if","locations":[{"start":{"line":213,"column":4},"end":{"line":213,"column":4}},{"start":{"line":213,"column":4},"end":{"line":213,"column":4}}]},"30":{"line":217,"type":"if","locations":[{"start":{"line":217,"column":12},"end":{"line":217,"column":12}},{"start":{"line":217,"column":12},"end":{"line":217,"column":12}}]},"31":{"line":220,"type":"if","locations":[{"start":{"line":220,"column":16},"end":{"line":220,"column":16}},{"start":{"line":220,"column":16},"end":{"line":220,"column":16}}]},"32":{"line":220,"type":"binary-expr","locations":[{"start":{"line":220,"column":20},"end":{"line":220,"column":34}},{"start":{"line":220,"column":39},"end":{"line":220,"column":43}},{"start":{"line":220,"column":47},"end":{"line":220,"column":52}},{"start":{"line":220,"column":56},"end":{"line":220,"column":76}}]},"33":{"line":224,"type":"if","locations":[{"start":{"line":224,"column":16},"end":{"line":224,"column":16}},{"start":{"line":224,"column":16},"end":{"line":224,"column":16}}]},"34":{"line":234,"type":"if","locations":[{"start":{"line":234,"column":4},"end":{"line":234,"column":4}},{"start":{"line":234,"column":4},"end":{"line":234,"column":4}}]},"35":{"line":236,"type":"if","locations":[{"start":{"line":236,"column":11},"end":{"line":236,"column":11}},{"start":{"line":236,"column":11},"end":{"line":236,"column":11}}]},"36":{"line":239,"type":"binary-expr","locations":[{"start":{"line":239,"column":11},"end":{"line":239,"column":15}},{"start":{"line":239,"column":19},"end":{"line":239,"column":32}}]},"37":{"line":242,"type":"if","locations":[{"start":{"line":242,"column":8},"end":{"line":242,"column":8}},{"start":{"line":242,"column":8},"end":{"line":242,"column":8}}]},"38":{"line":257,"type":"cond-expr","locations":[{"start":{"line":257,"column":33},"end":{"line":257,"column":34}},{"start":{"line":257,"column":37},"end":{"line":257,"column":42}}]},"39":{"line":262,"type":"if","locations":[{"start":{"line":262,"column":4},"end":{"line":262,"column":4}},{"start":{"line":262,"column":4},"end":{"line":262,"column":4}}]},"40":{"line":262,"type":"cond-expr","locations":[{"start":{"line":262,"column":43},"end":{"line":262,"column":60}},{"start":{"line":262,"column":63},"end":{"line":262,"column":71}}]}}},"/Users/kris/collections/shim-function.js":{"path":"/Users/kris/collections/shim-function.js","s":{"1":1,"2":1,"3":1,"4":1608,"5":1,"6":2,"7":2,"8":2,"9":1,"10":2,"11":2,"12":2,"13":1,"14":0,"15":0},"b":{"1":[2,1],"2":[2,0]},"f":{"1":772,"2":1608,"3":2,"4":1,"5":0,"6":0},"fnMap":{"1":{"name":"(anonymous_1)","line":11,"loc":{"start":{"line":11,"column":16},"end":{"line":11,"column":28}}},"2":{"name":"(anonymous_2)","line":23,"loc":{"start":{"line":23,"column":20},"end":{"line":23,"column":37}}},"3":{"name":"(anonymous_3)","line":42,"loc":{"start":{"line":42,"column":14},"end":{"line":42,"column":38}}},"4":{"name":"(anonymous_4)","line":45,"loc":{"start":{"line":45,"column":20},"end":{"line":45,"column":36}}},"5":{"name":"(anonymous_5)","line":54,"loc":{"start":{"line":54,"column":15},"end":{"line":54,"column":30}}},"6":{"name":"(anonymous_6)","line":55,"loc":{"start":{"line":55,"column":11},"end":{"line":55,"column":29}}}},"statementMap":{"1":{"start":{"line":2,"column":0},"end":{"line":2,"column":26}},"2":{"start":{"line":11,"column":0},"end":{"line":12,"column":2}},"3":{"start":{"line":23,"column":0},"end":{"line":25,"column":2}},"4":{"start":{"line":24,"column":4},"end":{"line":24,"column":17}},"5":{"start":{"line":42,"column":0},"end":{"line":51,"column":2}},"6":{"start":{"line":43,"column":4},"end":{"line":43,"column":40}},"7":{"start":{"line":44,"column":4},"end":{"line":44,"column":33}},"8":{"start":{"line":45,"column":4},"end":{"line":47,"column":6}},"9":{"start":{"line":46,"column":8},"end":{"line":46,"column":37}},"10":{"start":{"line":48,"column":4},"end":{"line":48,"column":32}},"11":{"start":{"line":49,"column":4},"end":{"line":49,"column":22}},"12":{"start":{"line":50,"column":4},"end":{"line":50,"column":21}},"13":{"start":{"line":54,"column":0},"end":{"line":58,"column":2}},"14":{"start":{"line":55,"column":4},"end":{"line":57,"column":6}},"15":{"start":{"line":56,"column":8},"end":{"line":56,"column":39}}},"branchMap":{"1":{"line":43,"type":"binary-expr","locations":[{"start":{"line":43,"column":14},"end":{"line":43,"column":21}},{"start":{"line":43,"column":25},"end":{"line":43,"column":39}}]},"2":{"line":44,"type":"binary-expr","locations":[{"start":{"line":44,"column":9},"end":{"line":44,"column":11}},{"start":{"line":44,"column":15},"end":{"line":44,"column":32}}]}}},"/Users/kris/collections/generic-collection.js":{"path":"/Users/kris/collections/generic-collection.js","s":{"1":1,"2":1,"3":1,"4":0,"5":1,"6":5207,"7":1297,"8":1258,"9":39,"10":36,"11":84,"12":3,"13":0,"14":5207,"15":1,"16":30,"17":80,"18":30,"19":1,"20":1419,"21":1419,"22":1723,"23":1,"24":534,"25":534,"26":534,"27":1609,"28":534,"29":1,"30":4,"31":2,"32":4,"33":4,"34":12,"35":4,"36":1,"37":3,"38":3,"39":3,"40":3,"41":14,"42":14,"43":14,"44":14,"45":6,"46":6,"47":6,"48":8,"49":14,"50":3,"51":1,"52":436,"53":1,"54":2,"55":2,"56":4,"57":2,"58":1,"59":32,"60":32,"61":32,"62":96,"63":72,"64":32,"65":1,"66":31,"67":31,"68":59,"69":1,"70":32,"71":32,"72":70,"73":1,"74":23,"75":1,"76":38,"77":1,"78":9,"79":9,"80":9,"81":21,"82":9,"83":9,"84":12,"85":1,"86":9,"87":9,"88":9,"89":21,"90":9,"91":9,"92":12,"93":1,"94":15,"95":15,"96":35,"97":1,"98":15,"99":15,"100":15,"101":35,"102":35,"103":15,"104":1,"105":18,"106":18,"107":26,"108":18,"109":1,"110":8,"111":8,"112":24,"113":42,"114":24,"115":1,"116":34,"117":34,"118":34,"119":1,"120":12,"121":12,"122":2,"123":2,"124":10,"125":12,"126":12,"127":12,"128":40,"129":56,"130":40,"131":1,"132":2,"133":1,"134":16,"135":2,"136":14,"137":2,"138":14,"139":14,"140":18,"141":14,"142":1,"143":90,"144":30,"145":1},"b":{"1":[1297,3910],"2":[5207,2767],"3":[1258,39],"4":[36,3],"5":[2,2],"6":[3,3],"7":[6,8],"8":[72,24],"9":[59,51],"10":[70,54],"11":[9,9,9],"12":[9,12],"13":[0,12],"14":[9,9,9],"15":[9,12],"16":[12,0],"17":[15,0],"18":[15,0],"19":[15,0],"20":[12,10,3],"21":[2,10],"22":[2,0,0],"23":[10,10],"24":[12,0],"25":[2,14],"26":[2,12],"27":[30,60]},"f":{"1":0,"2":5207,"3":0,"4":30,"5":80,"6":1419,"7":1723,"8":534,"9":1609,"10":4,"11":12,"12":3,"13":14,"14":436,"15":2,"16":4,"17":32,"18":96,"19":31,"20":59,"21":32,"22":70,"23":23,"24":38,"25":9,"26":21,"27":9,"28":21,"29":15,"30":35,"31":15,"32":35,"33":18,"34":8,"35":24,"36":42,"37":34,"38":12,"39":40,"40":56,"41":40,"42":2,"43":16,"44":18,"45":90},"fnMap":{"1":{"name":"GenericCollection","line":4,"loc":{"start":{"line":4,"column":0},"end":{"line":4,"column":29}}},"2":{"name":"(anonymous_2)","line":8,"loc":{"start":{"line":8,"column":38},"end":{"line":8,"column":56}}},"3":{"name":"(anonymous_3)","line":19,"loc":{"start":{"line":19,"column":40},"end":{"line":19,"column":55}}},"4":{"name":"(anonymous_4)","line":29,"loc":{"start":{"line":29,"column":41},"end":{"line":29,"column":67}}},"5":{"name":"(anonymous_5)","line":30,"loc":{"start":{"line":30,"column":19},"end":{"line":30,"column":36}}},"6":{"name":"(anonymous_6)","line":39,"loc":{"start":{"line":39,"column":38},"end":{"line":39,"column":70}}},"7":{"name":"(anonymous_7)","line":41,"loc":{"start":{"line":41,"column":23},"end":{"line":41,"column":71}}},"8":{"name":"(anonymous_8)","line":46,"loc":{"start":{"line":46,"column":34},"end":{"line":46,"column":66}}},"9":{"name":"(anonymous_9)","line":49,"loc":{"start":{"line":49,"column":16},"end":{"line":49,"column":64}}},"10":{"name":"(anonymous_10)","line":55,"loc":{"start":{"line":55,"column":40},"end":{"line":55,"column":57}}},"11":{"name":"(anonymous_11)","line":60,"loc":{"start":{"line":60,"column":16},"end":{"line":60,"column":44}}},"12":{"name":"(anonymous_12)","line":66,"loc":{"start":{"line":66,"column":36},"end":{"line":66,"column":71}}},"13":{"name":"(anonymous_13)","line":70,"loc":{"start":{"line":70,"column":17},"end":{"line":70,"column":47}}},"14":{"name":"(anonymous_14)","line":86,"loc":{"start":{"line":86,"column":38},"end":{"line":86,"column":50}}},"15":{"name":"(anonymous_15)","line":94,"loc":{"start":{"line":94,"column":39},"end":{"line":94,"column":51}}},"16":{"name":"(anonymous_16)","line":96,"loc":{"start":{"line":96,"column":16},"end":{"line":96,"column":49}}},"17":{"name":"(anonymous_17)","line":102,"loc":{"start":{"line":102,"column":37},"end":{"line":102,"column":69}}},"18":{"name":"(anonymous_18)","line":105,"loc":{"start":{"line":105,"column":16},"end":{"line":105,"column":64}}},"19":{"name":"(anonymous_19)","line":113,"loc":{"start":{"line":113,"column":36},"end":{"line":113,"column":68}}},"20":{"name":"(anonymous_20)","line":115,"loc":{"start":{"line":115,"column":23},"end":{"line":115,"column":68}}},"21":{"name":"(anonymous_21)","line":120,"loc":{"start":{"line":120,"column":35},"end":{"line":120,"column":67}}},"22":{"name":"(anonymous_22)","line":122,"loc":{"start":{"line":122,"column":23},"end":{"line":122,"column":68}}},"23":{"name":"(anonymous_23)","line":127,"loc":{"start":{"line":127,"column":34},"end":{"line":127,"column":46}}},"24":{"name":"(anonymous_24)","line":131,"loc":{"start":{"line":131,"column":34},"end":{"line":131,"column":46}}},"25":{"name":"(anonymous_25)","line":135,"loc":{"start":{"line":135,"column":34},"end":{"line":135,"column":53}}},"26":{"name":"(anonymous_26)","line":138,"loc":{"start":{"line":138,"column":23},"end":{"line":138,"column":48}}},"27":{"name":"(anonymous_27)","line":148,"loc":{"start":{"line":148,"column":34},"end":{"line":148,"column":53}}},"28":{"name":"(anonymous_28)","line":151,"loc":{"start":{"line":151,"column":23},"end":{"line":151,"column":48}}},"29":{"name":"(anonymous_29)","line":161,"loc":{"start":{"line":161,"column":34},"end":{"line":161,"column":50}}},"30":{"name":"(anonymous_30)","line":163,"loc":{"start":{"line":163,"column":23},"end":{"line":163,"column":39}}},"31":{"name":"(anonymous_31)","line":168,"loc":{"start":{"line":168,"column":38},"end":{"line":168,"column":54}}},"32":{"name":"(anonymous_32)","line":171,"loc":{"start":{"line":171,"column":16},"end":{"line":171,"column":44}}},"33":{"name":"(anonymous_33)","line":178,"loc":{"start":{"line":178,"column":37},"end":{"line":178,"column":49}}},"34":{"name":"(anonymous_34)","line":186,"loc":{"start":{"line":186,"column":38},"end":{"line":186,"column":50}}},"35":{"name":"(anonymous_35)","line":188,"loc":{"start":{"line":188,"column":23},"end":{"line":188,"column":48}}},"36":{"name":"(anonymous_36)","line":189,"loc":{"start":{"line":189,"column":22},"end":{"line":189,"column":39}}},"37":{"name":"(anonymous_37)","line":196,"loc":{"start":{"line":196,"column":34},"end":{"line":196,"column":46}}},"38":{"name":"(anonymous_38)","line":202,"loc":{"start":{"line":202,"column":37},"end":{"line":202,"column":67}}},"39":{"name":"(anonymous_39)","line":213,"loc":{"start":{"line":213,"column":20},"end":{"line":213,"column":36}}},"40":{"name":"(anonymous_40)","line":219,"loc":{"start":{"line":219,"column":10},"end":{"line":219,"column":26}}},"41":{"name":"(anonymous_41)","line":222,"loc":{"start":{"line":222,"column":9},"end":{"line":222,"column":25}}},"42":{"name":"(anonymous_42)","line":227,"loc":{"start":{"line":227,"column":39},"end":{"line":227,"column":51}}},"43":{"name":"(anonymous_43)","line":231,"loc":{"start":{"line":231,"column":36},"end":{"line":231,"column":59}}},"44":{"name":"(anonymous_44)","line":238,"loc":{"start":{"line":238,"column":17},"end":{"line":238,"column":39}}},"45":{"name":"(anonymous_45)","line":244,"loc":{"start":{"line":244,"column":35},"end":{"line":244,"column":47}}}},"statementMap":{"1":{"start":{"line":1,"column":0},"end":{"line":1,"column":13}},"2":{"start":{"line":3,"column":0},"end":{"line":3,"column":35}},"3":{"start":{"line":4,"column":0},"end":{"line":6,"column":1}},"4":{"start":{"line":5,"column":4},"end":{"line":5,"column":70}},"5":{"start":{"line":8,"column":0},"end":{"line":25,"column":2}},"6":{"start":{"line":9,"column":4},"end":{"line":23,"column":5}},"7":{"start":{"line":10,"column":8},"end":{"line":22,"column":9}},"8":{"start":{"line":11,"column":12},"end":{"line":11,"column":43}},"9":{"start":{"line":12,"column":15},"end":{"line":22,"column":9}},"10":{"start":{"line":15,"column":12},"end":{"line":17,"column":13}},"11":{"start":{"line":16,"column":16},"end":{"line":16,"column":39}},"12":{"start":{"line":19,"column":12},"end":{"line":21,"column":21}},"13":{"start":{"line":20,"column":16},"end":{"line":20,"column":43}},"14":{"start":{"line":24,"column":4},"end":{"line":24,"column":16}},"15":{"start":{"line":29,"column":0},"end":{"line":34,"column":2}},"16":{"start":{"line":30,"column":4},"end":{"line":32,"column":13}},"17":{"start":{"line":31,"column":8},"end":{"line":31,"column":38}},"18":{"start":{"line":33,"column":4},"end":{"line":33,"column":16}},"19":{"start":{"line":39,"column":0},"end":{"line":44,"column":2}},"20":{"start":{"line":40,"column":4},"end":{"line":40,"column":29}},"21":{"start":{"line":41,"column":4},"end":{"line":43,"column":18}},"22":{"start":{"line":42,"column":8},"end":{"line":42,"column":56}},"23":{"start":{"line":46,"column":0},"end":{"line":53,"column":2}},"24":{"start":{"line":47,"column":4},"end":{"line":47,"column":29}},"25":{"start":{"line":48,"column":4},"end":{"line":48,"column":20}},"26":{"start":{"line":49,"column":4},"end":{"line":51,"column":18}},"27":{"start":{"line":50,"column":8},"end":{"line":50,"column":69}},"28":{"start":{"line":52,"column":4},"end":{"line":52,"column":18}},"29":{"start":{"line":55,"column":0},"end":{"line":64,"column":2}},"30":{"start":{"line":56,"column":4},"end":{"line":58,"column":5}},"31":{"start":{"line":57,"column":8},"end":{"line":57,"column":18}},"32":{"start":{"line":59,"column":4},"end":{"line":59,"column":20}},"33":{"start":{"line":60,"column":4},"end":{"line":62,"column":18}},"34":{"start":{"line":61,"column":8},"end":{"line":61,"column":38}},"35":{"start":{"line":63,"column":4},"end":{"line":63,"column":18}},"36":{"start":{"line":66,"column":0},"end":{"line":84,"column":2}},"37":{"start":{"line":67,"column":4},"end":{"line":67,"column":37}},"38":{"start":{"line":68,"column":4},"end":{"line":68,"column":20}},"39":{"start":{"line":69,"column":4},"end":{"line":69,"column":18}},"40":{"start":{"line":70,"column":4},"end":{"line":82,"column":7}},"41":{"start":{"line":71,"column":8},"end":{"line":71,"column":59}},"42":{"start":{"line":72,"column":8},"end":{"line":72,"column":46}},"43":{"start":{"line":73,"column":8},"end":{"line":73,"column":18}},"44":{"start":{"line":74,"column":8},"end":{"line":80,"column":9}},"45":{"start":{"line":75,"column":12},"end":{"line":75,"column":23}},"46":{"start":{"line":76,"column":12},"end":{"line":76,"column":38}},"47":{"start":{"line":77,"column":12},"end":{"line":77,"column":27}},"48":{"start":{"line":79,"column":12},"end":{"line":79,"column":37}},"49":{"start":{"line":81,"column":8},"end":{"line":81,"column":26}},"50":{"start":{"line":83,"column":4},"end":{"line":83,"column":18}},"51":{"start":{"line":86,"column":0},"end":{"line":88,"column":2}},"52":{"start":{"line":87,"column":4},"end":{"line":87,"column":39}},"53":{"start":{"line":94,"column":0},"end":{"line":100,"column":2}},"54":{"start":{"line":95,"column":4},"end":{"line":95,"column":20}},"55":{"start":{"line":96,"column":4},"end":{"line":98,"column":18}},"56":{"start":{"line":97,"column":8},"end":{"line":97,"column":28}},"57":{"start":{"line":99,"column":4},"end":{"line":99,"column":18}},"58":{"start":{"line":102,"column":0},"end":{"line":111,"column":2}},"59":{"start":{"line":103,"column":4},"end":{"line":103,"column":29}},"60":{"start":{"line":104,"column":4},"end":{"line":104,"column":39}},"61":{"start":{"line":105,"column":4},"end":{"line":109,"column":18}},"62":{"start":{"line":106,"column":8},"end":{"line":108,"column":9}},"63":{"start":{"line":107,"column":12},"end":{"line":107,"column":30}},"64":{"start":{"line":110,"column":4},"end":{"line":110,"column":18}},"65":{"start":{"line":113,"column":0},"end":{"line":118,"column":2}},"66":{"start":{"line":114,"column":4},"end":{"line":114,"column":29}},"67":{"start":{"line":115,"column":4},"end":{"line":117,"column":13}},"68":{"start":{"line":116,"column":8},"end":{"line":116,"column":73}},"69":{"start":{"line":120,"column":0},"end":{"line":125,"column":2}},"70":{"start":{"line":121,"column":4},"end":{"line":121,"column":29}},"71":{"start":{"line":122,"column":4},"end":{"line":124,"column":14}},"72":{"start":{"line":123,"column":8},"end":{"line":123,"column":73}},"73":{"start":{"line":127,"column":0},"end":{"line":129,"column":2}},"74":{"start":{"line":128,"column":4},"end":{"line":128,"column":31}},"75":{"start":{"line":131,"column":0},"end":{"line":133,"column":2}},"76":{"start":{"line":132,"column":4},"end":{"line":132,"column":30}},"77":{"start":{"line":135,"column":0},"end":{"line":146,"column":2}},"78":{"start":{"line":136,"column":4},"end":{"line":136,"column":63}},"79":{"start":{"line":137,"column":4},"end":{"line":137,"column":21}},"80":{"start":{"line":138,"column":4},"end":{"line":145,"column":18}},"81":{"start":{"line":139,"column":8},"end":{"line":144,"column":9}},"82":{"start":{"line":140,"column":12},"end":{"line":140,"column":26}},"83":{"start":{"line":141,"column":12},"end":{"line":141,"column":25}},"84":{"start":{"line":143,"column":12},"end":{"line":143,"column":63}},"85":{"start":{"line":148,"column":0},"end":{"line":159,"column":2}},"86":{"start":{"line":149,"column":4},"end":{"line":149,"column":63}},"87":{"start":{"line":150,"column":4},"end":{"line":150,"column":21}},"88":{"start":{"line":151,"column":4},"end":{"line":158,"column":18}},"89":{"start":{"line":152,"column":8},"end":{"line":157,"column":9}},"90":{"start":{"line":153,"column":12},"end":{"line":153,"column":26}},"91":{"start":{"line":154,"column":12},"end":{"line":154,"column":25}},"92":{"start":{"line":156,"column":12},"end":{"line":156,"column":63}},"93":{"start":{"line":161,"column":0},"end":{"line":166,"column":2}},"94":{"start":{"line":162,"column":4},"end":{"line":162,"column":41}},"95":{"start":{"line":163,"column":4},"end":{"line":165,"column":13}},"96":{"start":{"line":164,"column":8},"end":{"line":164,"column":21}},"97":{"start":{"line":168,"column":0},"end":{"line":176,"column":2}},"98":{"start":{"line":169,"column":4},"end":{"line":169,"column":44}},"99":{"start":{"line":170,"column":4},"end":{"line":170,"column":46}},"100":{"start":{"line":171,"column":4},"end":{"line":174,"column":18}},"101":{"start":{"line":172,"column":8},"end":{"line":172,"column":21}},"102":{"start":{"line":173,"column":8},"end":{"line":173,"column":19}},"103":{"start":{"line":175,"column":4},"end":{"line":175,"column":23}},"104":{"start":{"line":178,"column":0},"end":{"line":184,"column":2}},"105":{"start":{"line":179,"column":4},"end":{"line":179,"column":43}},"106":{"start":{"line":180,"column":4},"end":{"line":182,"column":5}},"107":{"start":{"line":181,"column":8},"end":{"line":181,"column":37}},"108":{"start":{"line":183,"column":4},"end":{"line":183,"column":18}},"109":{"start":{"line":186,"column":0},"end":{"line":194,"column":2}},"110":{"start":{"line":187,"column":4},"end":{"line":187,"column":20}},"111":{"start":{"line":188,"column":4},"end":{"line":193,"column":11}},"112":{"start":{"line":189,"column":8},"end":{"line":191,"column":25}},"113":{"start":{"line":190,"column":12},"end":{"line":190,"column":29}},"114":{"start":{"line":192,"column":8},"end":{"line":192,"column":22}},"115":{"start":{"line":196,"column":0},"end":{"line":202,"column":0}},"116":{"start":{"line":197,"column":4},"end":{"line":197,"column":54}},"117":{"start":{"line":198,"column":4},"end":{"line":198,"column":24}},"118":{"start":{"line":199,"column":4},"end":{"line":199,"column":30}},"119":{"start":{"line":202,"column":0},"end":{"line":225,"column":2}},"120":{"start":{"line":203,"column":4},"end":{"line":203,"column":63}},"121":{"start":{"line":205,"column":4},"end":{"line":210,"column":5}},"122":{"start":{"line":206,"column":8},"end":{"line":206,"column":24}},"123":{"start":{"line":207,"column":8},"end":{"line":207,"column":75}},"124":{"start":{"line":209,"column":8},"end":{"line":209,"column":37}},"125":{"start":{"line":211,"column":4},"end":{"line":212,"column":18}},"126":{"start":{"line":212,"column":8},"end":{"line":212,"column":18}},"127":{"start":{"line":213,"column":4},"end":{"line":224,"column":7}},"128":{"start":{"line":214,"column":8},"end":{"line":217,"column":10}},"129":{"start":{"line":220,"column":8},"end":{"line":220,"column":43}},"130":{"start":{"line":223,"column":8},"end":{"line":223,"column":26}},"131":{"start":{"line":227,"column":0},"end":{"line":229,"column":2}},"132":{"start":{"line":228,"column":4},"end":{"line":228,"column":47}},"133":{"start":{"line":231,"column":0},"end":{"line":242,"column":2}},"134":{"start":{"line":232,"column":4},"end":{"line":236,"column":5}},"135":{"start":{"line":233,"column":8},"end":{"line":233,"column":25}},"136":{"start":{"line":234,"column":11},"end":{"line":236,"column":5}},"137":{"start":{"line":235,"column":8},"end":{"line":235,"column":20}},"138":{"start":{"line":237,"column":4},"end":{"line":237,"column":38}},"139":{"start":{"line":238,"column":4},"end":{"line":240,"column":13}},"140":{"start":{"line":239,"column":8},"end":{"line":239,"column":61}},"141":{"start":{"line":241,"column":4},"end":{"line":241,"column":17}},"142":{"start":{"line":244,"column":0},"end":{"line":248,"column":2}},"143":{"start":{"line":245,"column":4},"end":{"line":247,"column":5}},"144":{"start":{"line":246,"column":8},"end":{"line":246,"column":26}},"145":{"start":{"line":250,"column":0},"end":{"line":250,"column":24}}},"branchMap":{"1":{"line":9,"type":"if","locations":[{"start":{"line":9,"column":4},"end":{"line":9,"column":4}},{"start":{"line":9,"column":4},"end":{"line":9,"column":4}}]},"2":{"line":9,"type":"binary-expr","locations":[{"start":{"line":9,"column":8},"end":{"line":9,"column":14}},{"start":{"line":9,"column":18},"end":{"line":9,"column":43}}]},"3":{"line":10,"type":"if","locations":[{"start":{"line":10,"column":8},"end":{"line":10,"column":8}},{"start":{"line":10,"column":8},"end":{"line":10,"column":8}}]},"4":{"line":12,"type":"if","locations":[{"start":{"line":12,"column":15},"end":{"line":12,"column":15}},{"start":{"line":12,"column":15},"end":{"line":12,"column":15}}]},"5":{"line":56,"type":"if","locations":[{"start":{"line":56,"column":4},"end":{"line":56,"column":4}},{"start":{"line":56,"column":4},"end":{"line":56,"column":4}}]},"6":{"line":67,"type":"binary-expr","locations":[{"start":{"line":67,"column":13},"end":{"line":67,"column":19}},{"start":{"line":67,"column":23},"end":{"line":67,"column":36}}]},"7":{"line":74,"type":"if","locations":[{"start":{"line":74,"column":8},"end":{"line":74,"column":8}},{"start":{"line":74,"column":8},"end":{"line":74,"column":8}}]},"8":{"line":106,"type":"if","locations":[{"start":{"line":106,"column":8},"end":{"line":106,"column":8}},{"start":{"line":106,"column":8},"end":{"line":106,"column":8}}]},"9":{"line":116,"type":"binary-expr","locations":[{"start":{"line":116,"column":15},"end":{"line":116,"column":21}},{"start":{"line":116,"column":25},"end":{"line":116,"column":72}}]},"10":{"line":123,"type":"binary-expr","locations":[{"start":{"line":123,"column":15},"end":{"line":123,"column":21}},{"start":{"line":123,"column":25},"end":{"line":123,"column":72}}]},"11":{"line":136,"type":"binary-expr","locations":[{"start":{"line":136,"column":14},"end":{"line":136,"column":21}},{"start":{"line":136,"column":25},"end":{"line":136,"column":44}},{"start":{"line":136,"column":48},"end":{"line":136,"column":62}}]},"12":{"line":139,"type":"if","locations":[{"start":{"line":139,"column":8},"end":{"line":139,"column":8}},{"start":{"line":139,"column":8},"end":{"line":139,"column":8}}]},"13":{"line":143,"type":"cond-expr","locations":[{"start":{"line":143,"column":48},"end":{"line":143,"column":53}},{"start":{"line":143,"column":56},"end":{"line":143,"column":62}}]},"14":{"line":149,"type":"binary-expr","locations":[{"start":{"line":149,"column":14},"end":{"line":149,"column":21}},{"start":{"line":149,"column":25},"end":{"line":149,"column":44}},{"start":{"line":149,"column":48},"end":{"line":149,"column":62}}]},"15":{"line":152,"type":"if","locations":[{"start":{"line":152,"column":8},"end":{"line":152,"column":8}},{"start":{"line":152,"column":8},"end":{"line":152,"column":8}}]},"16":{"line":156,"type":"cond-expr","locations":[{"start":{"line":156,"column":48},"end":{"line":156,"column":53}},{"start":{"line":156,"column":56},"end":{"line":156,"column":62}}]},"17":{"line":162,"type":"cond-expr","locations":[{"start":{"line":162,"column":32},"end":{"line":162,"column":33}},{"start":{"line":162,"column":36},"end":{"line":162,"column":40}}]},"18":{"line":169,"type":"cond-expr","locations":[{"start":{"line":169,"column":35},"end":{"line":169,"column":36}},{"start":{"line":169,"column":39},"end":{"line":169,"column":43}}]},"19":{"line":170,"type":"cond-expr","locations":[{"start":{"line":170,"column":37},"end":{"line":170,"column":38}},{"start":{"line":170,"column":41},"end":{"line":170,"column":45}}]},"20":{"line":203,"type":"binary-expr","locations":[{"start":{"line":203,"column":14},"end":{"line":203,"column":21}},{"start":{"line":203,"column":25},"end":{"line":203,"column":44}},{"start":{"line":203,"column":48},"end":{"line":203,"column":62}}]},"21":{"line":205,"type":"if","locations":[{"start":{"line":205,"column":4},"end":{"line":205,"column":4}},{"start":{"line":205,"column":4},"end":{"line":205,"column":4}}]},"22":{"line":207,"type":"binary-expr","locations":[{"start":{"line":207,"column":18},"end":{"line":207,"column":33}},{"start":{"line":207,"column":37},"end":{"line":207,"column":56}},{"start":{"line":207,"column":60},"end":{"line":207,"column":74}}]},"23":{"line":209,"type":"binary-expr","locations":[{"start":{"line":209,"column":13},"end":{"line":209,"column":15}},{"start":{"line":209,"column":19},"end":{"line":209,"column":36}}]},"24":{"line":211,"type":"if","locations":[{"start":{"line":211,"column":4},"end":{"line":211,"column":4}},{"start":{"line":211,"column":4},"end":{"line":211,"column":4}}]},"25":{"line":232,"type":"if","locations":[{"start":{"line":232,"column":4},"end":{"line":232,"column":4}},{"start":{"line":232,"column":4},"end":{"line":232,"column":4}}]},"26":{"line":234,"type":"if","locations":[{"start":{"line":234,"column":11},"end":{"line":234,"column":11}},{"start":{"line":234,"column":11},"end":{"line":234,"column":11}}]},"27":{"line":245,"type":"if","locations":[{"start":{"line":245,"column":4},"end":{"line":245,"column":4}},{"start":{"line":245,"column":4},"end":{"line":245,"column":4}}]}}},"/Users/kris/collections/generic-order.js":{"path":"/Users/kris/collections/generic-order.js","s":{"1":1,"2":1,"3":1,"4":0,"5":1,"6":82,"7":82,"8":1,"9":81,"10":4,"11":77,"12":77,"13":13,"14":1,"15":28,"16":28,"17":1,"18":27,"19":1,"20":26,"21":26,"22":64,"23":64,"24":0,"25":64,"26":0,"27":26,"28":20,"29":6},"b":{"1":[82,82,80],"2":[1,81],"3":[4,77],"4":[77,5],"5":[28,2,2],"6":[1,27],"7":[1,26],"8":[64,0],"9":[0,64],"10":[20,6]},"f":{"1":0,"2":82,"3":13,"4":28,"5":64},"fnMap":{"1":{"name":"GenericOrder","line":5,"loc":{"start":{"line":5,"column":0},"end":{"line":5,"column":24}}},"2":{"name":"(anonymous_2)","line":9,"loc":{"start":{"line":9,"column":32},"end":{"line":9,"column":56}}},"3":{"name":"(anonymous_3)","line":22,"loc":{"start":{"line":22,"column":29},"end":{"line":22,"column":45}}},"4":{"name":"(anonymous_4)","line":28,"loc":{"start":{"line":28,"column":33},"end":{"line":28,"column":58}}},"5":{"name":"(anonymous_5)","line":39,"loc":{"start":{"line":39,"column":43},"end":{"line":39,"column":78}}}},"statementMap":{"1":{"start":{"line":2,"column":0},"end":{"line":2,"column":38}},"2":{"start":{"line":4,"column":0},"end":{"line":4,"column":30}},"3":{"start":{"line":5,"column":0},"end":{"line":7,"column":1}},"4":{"start":{"line":6,"column":4},"end":{"line":6,"column":65}},"5":{"start":{"line":9,"column":0},"end":{"line":26,"column":2}},"6":{"start":{"line":10,"column":4},"end":{"line":10,"column":59}},"7":{"start":{"line":12,"column":4},"end":{"line":14,"column":5}},"8":{"start":{"line":13,"column":8},"end":{"line":13,"column":20}},"9":{"start":{"line":15,"column":4},"end":{"line":17,"column":5}},"10":{"start":{"line":16,"column":8},"end":{"line":16,"column":21}},"11":{"start":{"line":19,"column":4},"end":{"line":19,"column":20}},"12":{"start":{"line":20,"column":4},"end":{"line":25,"column":6}},"13":{"start":{"line":23,"column":12},"end":{"line":23,"column":44}},"14":{"start":{"line":28,"column":0},"end":{"line":54,"column":2}},"15":{"start":{"line":29,"column":4},"end":{"line":29,"column":63}},"16":{"start":{"line":31,"column":4},"end":{"line":33,"column":5}},"17":{"start":{"line":32,"column":8},"end":{"line":32,"column":17}},"18":{"start":{"line":34,"column":4},"end":{"line":36,"column":5}},"19":{"start":{"line":35,"column":8},"end":{"line":35,"column":17}},"20":{"start":{"line":38,"column":4},"end":{"line":38,"column":52}},"21":{"start":{"line":39,"column":4},"end":{"line":49,"column":10}},"22":{"start":{"line":40,"column":8},"end":{"line":48,"column":9}},"23":{"start":{"line":41,"column":12},"end":{"line":45,"column":13}},"24":{"start":{"line":42,"column":16},"end":{"line":42,"column":34}},"25":{"start":{"line":44,"column":16},"end":{"line":44,"column":49}},"26":{"start":{"line":47,"column":12},"end":{"line":47,"column":30}},"27":{"start":{"line":50,"column":4},"end":{"line":52,"column":5}},"28":{"start":{"line":51,"column":8},"end":{"line":51,"column":41}},"29":{"start":{"line":53,"column":4},"end":{"line":53,"column":22}}},"branchMap":{"1":{"line":10,"type":"binary-expr","locations":[{"start":{"line":10,"column":13},"end":{"line":10,"column":19}},{"start":{"line":10,"column":23},"end":{"line":10,"column":41}},{"start":{"line":10,"column":45},"end":{"line":10,"column":58}}]},"2":{"line":12,"type":"if","locations":[{"start":{"line":12,"column":4},"end":{"line":12,"column":4}},{"start":{"line":12,"column":4},"end":{"line":12,"column":4}}]},"3":{"line":15,"type":"if","locations":[{"start":{"line":15,"column":4},"end":{"line":15,"column":4}},{"start":{"line":15,"column":4},"end":{"line":15,"column":4}}]},"4":{"line":21,"type":"binary-expr","locations":[{"start":{"line":21,"column":8},"end":{"line":21,"column":35}},{"start":{"line":22,"column":8},"end":{"line":24,"column":10}}]},"5":{"line":29,"type":"binary-expr","locations":[{"start":{"line":29,"column":14},"end":{"line":29,"column":21}},{"start":{"line":29,"column":25},"end":{"line":29,"column":44}},{"start":{"line":29,"column":48},"end":{"line":29,"column":62}}]},"6":{"line":31,"type":"if","locations":[{"start":{"line":31,"column":4},"end":{"line":31,"column":4}},{"start":{"line":31,"column":4},"end":{"line":31,"column":4}}]},"7":{"line":34,"type":"if","locations":[{"start":{"line":34,"column":4},"end":{"line":34,"column":4}},{"start":{"line":34,"column":4},"end":{"line":34,"column":4}}]},"8":{"line":40,"type":"if","locations":[{"start":{"line":40,"column":8},"end":{"line":40,"column":8}},{"start":{"line":40,"column":8},"end":{"line":40,"column":8}}]},"9":{"line":41,"type":"if","locations":[{"start":{"line":41,"column":12},"end":{"line":41,"column":12}},{"start":{"line":41,"column":12},"end":{"line":41,"column":12}}]},"10":{"line":50,"type":"if","locations":[{"start":{"line":50,"column":4},"end":{"line":50,"column":4}},{"start":{"line":50,"column":4},"end":{"line":50,"column":4}}]}}},"/Users/kris/collections/shim-object.js":{"path":"/Users/kris/collections/shim-object.js","s":{"1":1,"2":1,"3":1,"4":1,"5":1,"6":552,"7":1,"8":85153,"9":85136,"10":85153,"11":1,"12":1,"13":4813,"14":12,"15":4801,"16":1557,"17":67,"18":1557,"19":3244,"20":1,"21":1,"22":167,"23":1,"24":98309,"25":1,"26":15,"27":1,"28":14,"29":2,"30":12,"31":12,"32":0,"33":1,"34":7,"35":0,"36":7,"37":1,"38":6,"39":4,"40":2,"41":1,"42":4,"43":1,"44":3,"45":1,"46":59,"47":2,"48":1,"49":1,"50":1,"51":1,"52":57,"53":856,"54":59,"55":1,"56":105,"57":440,"58":1,"59":2,"60":4,"61":1,"62":1,"63":1,"64":4,"65":4,"66":8,"67":4,"68":1,"69":1,"70":107,"71":68,"72":39,"73":1,"74":11240,"75":11240,"76":11240,"77":11240,"78":7331,"79":3909,"80":107,"81":3802,"82":52,"83":3750,"84":342,"85":342,"86":342,"87":259,"88":258,"89":241,"90":18,"91":17,"92":0,"93":18,"94":3491,"95":1,"96":31144,"97":31144,"98":31144,"99":31144,"100":31144,"101":7474,"102":23670,"103":6,"104":23664,"105":23145,"106":519,"107":193,"108":326,"109":288,"110":38,"111":13,"112":25,"113":1,"114":381,"115":381,"116":381,"117":31,"118":350,"119":70,"120":311,"121":157,"122":150,"123":75,"124":75,"125":75,"126":75,"127":75,"128":75,"129":196,"130":0,"131":157,"132":154,"133":1,"134":1,"135":0,"136":1,"137":1,"138":1,"139":1,"140":1},"b":{"1":[85136,17],"2":[12,4801],"3":[1557,3244],"4":[67,1490],"5":[98309,98292,85729],"6":[1,14],"7":[2,12],"8":[12,0],"9":[12,12],"10":[0,7],"11":[1,6],"12":[4,2],"13":[1,3],"14":[2,57],"15":[1,1],"16":[68,39],"17":[68,3],"18":[39,1],"19":[11240,11240],"20":[7331,3909],"21":[7331,93],"22":[107,3802],"23":[52,3750],"24":[342,3408],"25":[3750,350],"26":[259,83],"27":[342,342,83],"28":[241,17],"29":[0,17],"30":[3491,0],"31":[7474,23670],"32":[6,23664],"33":[23145,519],"34":[193,326],"35":[46,147],"36":[288,38],"37":[13,25],"38":[381,46],"39":[31,350],"40":[70,280],"41":[157,154],"42":[150,7],"43":[75,75],"44":[75,0],"45":[75,68],"46":[0,1]},"f":{"1":552,"2":85153,"3":4813,"4":167,"5":98309,"6":15,"7":7,"8":4,"9":59,"10":1,"11":1,"12":856,"13":105,"14":440,"15":2,"16":4,"17":1,"18":4,"19":107,"20":11240,"21":31144,"22":381,"23":1},"fnMap":{"1":{"name":"(anonymous_1)","line":36,"loc":{"start":{"line":36,"column":18},"end":{"line":36,"column":36}}},"2":{"name":"(anonymous_2)","line":60,"loc":{"start":{"line":60,"column":20},"end":{"line":60,"column":37}}},"3":{"name":"(anonymous_3)","line":68,"loc":{"start":{"line":68,"column":14},"end":{"line":68,"column":32}}},"4":{"name":"(anonymous_4)","line":93,"loc":{"start":{"line":93,"column":14},"end":{"line":93,"column":37}}},"5":{"name":"(anonymous_5)","line":115,"loc":{"start":{"line":115,"column":13},"end":{"line":115,"column":37}}},"6":{"name":"(anonymous_6)","line":145,"loc":{"start":{"line":145,"column":13},"end":{"line":145,"column":36}}},"7":{"name":"(anonymous_7)","line":184,"loc":{"start":{"line":184,"column":13},"end":{"line":184,"column":43}}},"8":{"name":"(anonymous_8)","line":212,"loc":{"start":{"line":212,"column":13},"end":{"line":212,"column":43}}},"9":{"name":"(anonymous_9)","line":220,"loc":{"start":{"line":220,"column":17},"end":{"line":220,"column":43}}},"10":{"name":"(anonymous_10)","line":224,"loc":{"start":{"line":224,"column":27},"end":{"line":224,"column":49}}},"11":{"name":"(anonymous_11)","line":229,"loc":{"start":{"line":229,"column":27},"end":{"line":229,"column":43}}},"12":{"name":"(anonymous_12)","line":235,"loc":{"start":{"line":235,"column":36},"end":{"line":235,"column":51}}},"13":{"name":"(anonymous_13)","line":253,"loc":{"start":{"line":253,"column":17},"end":{"line":253,"column":52}}},"14":{"name":"(anonymous_14)","line":254,"loc":{"start":{"line":254,"column":32},"end":{"line":254,"column":47}}},"15":{"name":"(anonymous_15)","line":273,"loc":{"start":{"line":273,"column":13},"end":{"line":273,"column":48}}},"16":{"name":"(anonymous_16)","line":274,"loc":{"start":{"line":274,"column":35},"end":{"line":274,"column":50}}},"17":{"name":"(anonymous_17)","line":287,"loc":{"start":{"line":287,"column":16},"end":{"line":287,"column":34}}},"18":{"name":"(anonymous_18)","line":292,"loc":{"start":{"line":292,"column":16},"end":{"line":292,"column":28}}},"19":{"name":"(anonymous_19)","line":316,"loc":{"start":{"line":316,"column":12},"end":{"line":316,"column":28}}},"20":{"name":"(anonymous_20)","line":365,"loc":{"start":{"line":365,"column":16},"end":{"line":365,"column":40}}},"21":{"name":"(anonymous_21)","line":444,"loc":{"start":{"line":444,"column":17},"end":{"line":444,"column":33}}},"22":{"name":"(anonymous_22)","line":485,"loc":{"start":{"line":485,"column":15},"end":{"line":485,"column":45}}},"23":{"name":"(anonymous_23)","line":522,"loc":{"start":{"line":522,"column":15},"end":{"line":522,"column":33}}}},"statementMap":{"1":{"start":{"line":1,"column":0},"end":{"line":1,"column":13}},"2":{"start":{"line":3,"column":0},"end":{"line":3,"column":36}},"3":{"start":{"line":5,"column":0},"end":{"line":5,"column":24}},"4":{"start":{"line":25,"column":0},"end":{"line":25,"column":50}},"5":{"start":{"line":36,"column":0},"end":{"line":38,"column":2}},"6":{"start":{"line":37,"column":4},"end":{"line":37,"column":37}},"7":{"start":{"line":60,"column":0},"end":{"line":65,"column":2}},"8":{"start":{"line":61,"column":4},"end":{"line":63,"column":5}},"9":{"start":{"line":62,"column":8},"end":{"line":62,"column":32}},"10":{"start":{"line":64,"column":4},"end":{"line":64,"column":17}},"11":{"start":{"line":67,"column":0},"end":{"line":67,"column":28}},"12":{"start":{"line":68,"column":0},"end":{"line":79,"column":2}},"13":{"start":{"line":69,"column":4},"end":{"line":78,"column":5}},"14":{"start":{"line":70,"column":8},"end":{"line":70,"column":34}},"15":{"start":{"line":71,"column":11},"end":{"line":78,"column":5}},"16":{"start":{"line":72,"column":8},"end":{"line":74,"column":9}},"17":{"start":{"line":73,"column":12},"end":{"line":73,"column":69}},"18":{"start":{"line":75,"column":8},"end":{"line":75,"column":35}},"19":{"start":{"line":77,"column":8},"end":{"line":77,"column":27}},"20":{"start":{"line":92,"column":0},"end":{"line":92,"column":43}},"21":{"start":{"line":93,"column":0},"end":{"line":95,"column":2}},"22":{"start":{"line":94,"column":4},"end":{"line":94,"column":34}},"23":{"start":{"line":115,"column":0},"end":{"line":121,"column":2}},"24":{"start":{"line":116,"column":4},"end":{"line":120,"column":6}},"25":{"start":{"line":145,"column":0},"end":{"line":159,"column":2}},"26":{"start":{"line":146,"column":4},"end":{"line":148,"column":5}},"27":{"start":{"line":147,"column":8},"end":{"line":147,"column":80}},"28":{"start":{"line":150,"column":4},"end":{"line":158,"column":5}},"29":{"start":{"line":151,"column":8},"end":{"line":151,"column":31}},"30":{"start":{"line":154,"column":11},"end":{"line":158,"column":5}},"31":{"start":{"line":155,"column":8},"end":{"line":155,"column":70}},"32":{"start":{"line":157,"column":8},"end":{"line":157,"column":80}},"33":{"start":{"line":184,"column":0},"end":{"line":196,"column":2}},"34":{"start":{"line":185,"column":4},"end":{"line":187,"column":5}},"35":{"start":{"line":186,"column":8},"end":{"line":186,"column":80}},"36":{"start":{"line":189,"column":4},"end":{"line":195,"column":5}},"37":{"start":{"line":190,"column":8},"end":{"line":190,"column":38}},"38":{"start":{"line":191,"column":11},"end":{"line":195,"column":5}},"39":{"start":{"line":192,"column":8},"end":{"line":192,"column":27}},"40":{"start":{"line":194,"column":8},"end":{"line":194,"column":21}},"41":{"start":{"line":212,"column":0},"end":{"line":218,"column":2}},"42":{"start":{"line":213,"column":4},"end":{"line":217,"column":5}},"43":{"start":{"line":214,"column":8},"end":{"line":214,"column":31}},"44":{"start":{"line":216,"column":8},"end":{"line":216,"column":28}},"45":{"start":{"line":220,"column":0},"end":{"line":240,"column":2}},"46":{"start":{"line":221,"column":4},"end":{"line":238,"column":5}},"47":{"start":{"line":223,"column":8},"end":{"line":232,"column":9}},"48":{"start":{"line":224,"column":12},"end":{"line":226,"column":15}},"49":{"start":{"line":225,"column":16},"end":{"line":225,"column":36}},"50":{"start":{"line":229,"column":12},"end":{"line":231,"column":15}},"51":{"start":{"line":230,"column":16},"end":{"line":230,"column":42}},"52":{"start":{"line":235,"column":8},"end":{"line":237,"column":11}},"53":{"start":{"line":236,"column":12},"end":{"line":236,"column":38}},"54":{"start":{"line":239,"column":4},"end":{"line":239,"column":18}},"55":{"start":{"line":253,"column":0},"end":{"line":257,"column":2}},"56":{"start":{"line":254,"column":4},"end":{"line":256,"column":7}},"57":{"start":{"line":255,"column":8},"end":{"line":255,"column":55}},"58":{"start":{"line":273,"column":0},"end":{"line":277,"column":2}},"59":{"start":{"line":274,"column":4},"end":{"line":276,"column":7}},"60":{"start":{"line":275,"column":8},"end":{"line":275,"column":62}},"61":{"start":{"line":287,"column":0},"end":{"line":289,"column":2}},"62":{"start":{"line":288,"column":4},"end":{"line":288,"column":49}},"63":{"start":{"line":292,"column":0},"end":{"line":298,"column":2}},"64":{"start":{"line":293,"column":4},"end":{"line":293,"column":20}},"65":{"start":{"line":294,"column":4},"end":{"line":296,"column":5}},"66":{"start":{"line":295,"column":8},"end":{"line":295,"column":45}},"67":{"start":{"line":297,"column":4},"end":{"line":297,"column":18}},"68":{"start":{"line":300,"column":0},"end":{"line":300,"column":28}},"69":{"start":{"line":316,"column":0},"end":{"line":327,"column":2}},"70":{"start":{"line":317,"column":4},"end":{"line":320,"column":5}},"71":{"start":{"line":319,"column":8},"end":{"line":319,"column":42}},"72":{"start":{"line":326,"column":4},"end":{"line":326,"column":30}},"73":{"start":{"line":365,"column":0},"end":{"line":406,"column":2}},"74":{"start":{"line":366,"column":4},"end":{"line":366,"column":37}},"75":{"start":{"line":368,"column":4},"end":{"line":368,"column":29}},"76":{"start":{"line":369,"column":4},"end":{"line":369,"column":29}},"77":{"start":{"line":370,"column":4},"end":{"line":372,"column":42}},"78":{"start":{"line":372,"column":8},"end":{"line":372,"column":42}},"79":{"start":{"line":373,"column":4},"end":{"line":374,"column":35}},"80":{"start":{"line":374,"column":8},"end":{"line":374,"column":35}},"81":{"start":{"line":376,"column":4},"end":{"line":377,"column":35}},"82":{"start":{"line":377,"column":8},"end":{"line":377,"column":35}},"83":{"start":{"line":378,"column":4},"end":{"line":399,"column":5}},"84":{"start":{"line":379,"column":8},"end":{"line":379,"column":50}},"85":{"start":{"line":380,"column":8},"end":{"line":380,"column":50}},"86":{"start":{"line":381,"column":8},"end":{"line":398,"column":9}},"87":{"start":{"line":387,"column":12},"end":{"line":391,"column":13}},"88":{"start":{"line":388,"column":16},"end":{"line":390,"column":17}},"89":{"start":{"line":389,"column":20},"end":{"line":389,"column":33}},"90":{"start":{"line":392,"column":12},"end":{"line":396,"column":13}},"91":{"start":{"line":393,"column":16},"end":{"line":395,"column":17}},"92":{"start":{"line":394,"column":20},"end":{"line":394,"column":33}},"93":{"start":{"line":397,"column":12},"end":{"line":397,"column":24}},"94":{"start":{"line":405,"column":4},"end":{"line":405,"column":30}},"95":{"start":{"line":444,"column":0},"end":{"line":466,"column":2}},"96":{"start":{"line":447,"column":4},"end":{"line":447,"column":29}},"97":{"start":{"line":448,"column":4},"end":{"line":448,"column":29}},"98":{"start":{"line":449,"column":4},"end":{"line":449,"column":25}},"99":{"start":{"line":450,"column":4},"end":{"line":450,"column":25}},"100":{"start":{"line":451,"column":4},"end":{"line":452,"column":17}},"101":{"start":{"line":452,"column":8},"end":{"line":452,"column":17}},"102":{"start":{"line":453,"column":4},"end":{"line":454,"column":17}},"103":{"start":{"line":454,"column":8},"end":{"line":454,"column":17}},"104":{"start":{"line":455,"column":4},"end":{"line":456,"column":21}},"105":{"start":{"line":456,"column":8},"end":{"line":456,"column":21}},"106":{"start":{"line":457,"column":4},"end":{"line":458,"column":30}},"107":{"start":{"line":458,"column":8},"end":{"line":458,"column":30}},"108":{"start":{"line":460,"column":4},"end":{"line":461,"column":28}},"109":{"start":{"line":461,"column":8},"end":{"line":461,"column":28}},"110":{"start":{"line":463,"column":4},"end":{"line":464,"column":29}},"111":{"start":{"line":464,"column":8},"end":{"line":464,"column":29}},"112":{"start":{"line":465,"column":4},"end":{"line":465,"column":13}},"113":{"start":{"line":485,"column":0},"end":{"line":513,"column":2}},"114":{"start":{"line":486,"column":4},"end":{"line":486,"column":37}},"115":{"start":{"line":487,"column":4},"end":{"line":487,"column":33}},"116":{"start":{"line":488,"column":4},"end":{"line":492,"column":5}},"117":{"start":{"line":489,"column":8},"end":{"line":489,"column":25}},"118":{"start":{"line":490,"column":11},"end":{"line":492,"column":5}},"119":{"start":{"line":491,"column":8},"end":{"line":491,"column":21}},"120":{"start":{"line":493,"column":4},"end":{"line":511,"column":5}},"121":{"start":{"line":494,"column":8},"end":{"line":509,"column":9}},"122":{"start":{"line":495,"column":12},"end":{"line":508,"column":13}},"123":{"start":{"line":496,"column":16},"end":{"line":496,"column":58}},"124":{"start":{"line":498,"column":16},"end":{"line":498,"column":61}},"125":{"start":{"line":499,"column":16},"end":{"line":507,"column":17}},"126":{"start":{"line":500,"column":20},"end":{"line":500,"column":57}},"127":{"start":{"line":501,"column":20},"end":{"line":501,"column":43}},"128":{"start":{"line":502,"column":20},"end":{"line":504,"column":21}},"129":{"start":{"line":503,"column":24},"end":{"line":503,"column":79}},"130":{"start":{"line":506,"column":20},"end":{"line":506,"column":60}},"131":{"start":{"line":510,"column":8},"end":{"line":510,"column":31}},"132":{"start":{"line":512,"column":4},"end":{"line":512,"column":17}},"133":{"start":{"line":522,"column":0},"end":{"line":534,"column":2}},"134":{"start":{"line":523,"column":4},"end":{"line":532,"column":5}},"135":{"start":{"line":524,"column":8},"end":{"line":524,"column":23}},"136":{"start":{"line":526,"column":8},"end":{"line":527,"column":28}},"137":{"start":{"line":528,"column":8},"end":{"line":531,"column":9}},"138":{"start":{"line":529,"column":12},"end":{
[...]
"line":223,"column":41}}},"38":{"name":"draw","line":225,"loc":{"start":{"line":225,"column":8},"end":{"line":225,"column":27}}},"39":{"name":"(anonymous_39)","line":236,"loc":{"start":{"line":236,"column":15},"end":{"line":236,"column":50}}},"40":{"name":"(anonymous_40)","line":247,"loc":{"start":{"line":247,"column":39},"end":{"line":247,"column":51}}},"41":{"name":"(anonymous_41)","line":256,"loc":{"start":{"line":256,"column":51},"end":{"line":256,"column":63}}},"42":{"name":"(anonymous_42)","line":268,"loc":{"start":{"line":268,"column":52},"end":{"line":268,"column":64}}},"43":{"name":"(anonymous_43)","line":280,"loc":{"start":{"line":280,"column":43},"end":{"line":280,"column":55}}},"44":{"name":"(anonymous_44)","line":295,"loc":{"start":{"line":295,"column":42},"end":{"line":295,"column":54}}}},"statementMap":{"1":{"start":{"line":2,"column":0},"end":{"line":2,"column":25}},"2":{"start":{"line":3,"column":0},"end":{"line":3,"column":41}},"3":{"start":{"line":4,"column":0},"end":{"line":4,"column":37}},"4":{"start":{"line":5,"column":0},"end":{"line":5,"column":43}},"5":{"start":{"line":6,"column":0},"end":{"line":6,"column":49}},"6":{"start":{"line":7,"column":0},"end":{"line":7,"column":35}},"7":{"start":{"line":8,"column":0},"end":{"line":8,"column":29}},"8":{"start":{"line":10,"column":0},"end":{"line":327,"column":3}},"9":{"start":{"line":12,"column":4},"end":{"line":14,"column":5}},"10":{"start":{"line":13,"column":8},"end":{"line":13,"column":37}},"11":{"start":{"line":16,"column":4},"end":{"line":45,"column":7}},"12":{"start":{"line":21,"column":8},"end":{"line":21,"column":58}},"13":{"start":{"line":24,"column":8},"end":{"line":26,"column":9}},"14":{"start":{"line":25,"column":12},"end":{"line":25,"column":31}},"15":{"start":{"line":27,"column":8},"end":{"line":30,"column":8}},"16":{"start":{"line":28,"column":12},"end":{"line":28,"column":58}},"17":{"start":{"line":30,"column":8},"end":{"line":30,"column":29}},"18":{"start":{"line":31,"column":8},"end":{"line":31,"column":29}},"19":{"start":{"line":32,"column":8},"end":{"line":32,"column":29}},"20":{"start":{"line":33,"column":8},"end":{"line":33,"column":29}},"21":{"start":{"line":34,"column":8},"end":{"line":34,"column":34}},"22":{"start":{"line":35,"column":8},"end":{"line":35,"column":52}},"23":{"start":{"line":41,"column":8},"end":{"line":41,"column":35}},"24":{"start":{"line":43,"column":8},"end":{"line":43,"column":31}},"25":{"start":{"line":47,"column":4},"end":{"line":84,"column":7}},"26":{"start":{"line":49,"column":8},"end":{"line":53,"column":9}},"27":{"start":{"line":50,"column":12},"end":{"line":50,"column":27}},"28":{"start":{"line":51,"column":12},"end":{"line":51,"column":60}},"29":{"start":{"line":52,"column":12},"end":{"line":52,"column":25}},"30":{"start":{"line":55,"column":8},"end":{"line":62,"column":11}},"31":{"start":{"line":56,"column":12},"end":{"line":56,"column":43}},"32":{"start":{"line":57,"column":12},"end":{"line":61,"column":15}},"33":{"start":{"line":64,"column":8},"end":{"line":72,"column":11}},"34":{"start":{"line":65,"column":12},"end":{"line":65,"column":43}},"35":{"start":{"line":66,"column":12},"end":{"line":66,"column":23}},"36":{"start":{"line":67,"column":12},"end":{"line":71,"column":15}},"37":{"start":{"line":74,"column":8},"end":{"line":82,"column":11}},"38":{"start":{"line":75,"column":12},"end":{"line":75,"column":43}},"39":{"start":{"line":76,"column":12},"end":{"line":76,"column":23}},"40":{"start":{"line":77,"column":12},"end":{"line":77,"column":26}},"41":{"start":{"line":78,"column":12},"end":{"line":81,"column":15}},"42":{"start":{"line":86,"column":4},"end":{"line":161,"column":7}},"43":{"start":{"line":88,"column":8},"end":{"line":94,"column":9}},"44":{"start":{"line":89,"column":12},"end":{"line":89,"column":27}},"45":{"start":{"line":90,"column":12},"end":{"line":92,"column":34}},"46":{"start":{"line":91,"column":16},"end":{"line":91,"column":67}},"47":{"start":{"line":93,"column":12},"end":{"line":93,"column":25}},"48":{"start":{"line":96,"column":8},"end":{"line":104,"column":9}},"49":{"start":{"line":97,"column":12},"end":{"line":98,"column":25}},"50":{"start":{"line":98,"column":16},"end":{"line":98,"column":25}},"51":{"start":{"line":99,"column":12},"end":{"line":99,"column":27}},"52":{"start":{"line":100,"column":12},"end":{"line":100,"column":71}},"53":{"start":{"line":101,"column":12},"end":{"line":101,"column":72}},"54":{"start":{"line":102,"column":12},"end":{"line":102,"column":45}},"55":{"start":{"line":103,"column":12},"end":{"line":103,"column":26}},"56":{"start":{"line":106,"column":8},"end":{"line":112,"column":11}},"57":{"start":{"line":107,"column":12},"end":{"line":107,"column":37}},"58":{"start":{"line":108,"column":12},"end":{"line":110,"column":15}},"59":{"start":{"line":111,"column":12},"end":{"line":111,"column":60}},"60":{"start":{"line":114,"column":8},"end":{"line":121,"column":11}},"61":{"start":{"line":115,"column":12},"end":{"line":115,"column":40}},"62":{"start":{"line":116,"column":12},"end":{"line":119,"column":15}},"63":{"start":{"line":120,"column":12},"end":{"line":120,"column":60}},"64":{"start":{"line":123,"column":8},"end":{"line":131,"column":11}},"65":{"start":{"line":124,"column":12},"end":{"line":124,"column":40}},"66":{"start":{"line":125,"column":12},"end":{"line":125,"column":23}},"67":{"start":{"line":126,"column":12},"end":{"line":129,"column":15}},"68":{"start":{"line":130,"column":12},"end":{"line":130,"column":60}},"69":{"start":{"line":133,"column":8},"end":{"line":141,"column":11}},"70":{"start":{"line":134,"column":12},"end":{"line":134,"column":43}},"71":{"start":{"line":135,"column":12},"end":{"line":139,"column":15}},"72":{"start":{"line":140,"column":12},"end":{"line":140,"column":60}},"73":{"start":{"line":143,"column":8},"end":{"line":149,"column":9}},"74":{"start":{"line":144,"column":12},"end":{"line":148,"column":15}},"75":{"start":{"line":145,"column":16},"end":{"line":145,"column":38}},"76":{"start":{"line":146,"column":16},"end":{"line":146,"column":63}},"77":{"start":{"line":147,"column":16},"end":{"line":147,"column":64}},"78":{"start":{"line":151,"column":8},"end":{"line":151,"column":82}},"79":{"start":{"line":154,"column":8},"end":{"line":159,"column":9}},"80":{"start":{"line":155,"column":12},"end":{"line":158,"column":17}},"81":{"start":{"line":156,"column":16},"end":{"line":156,"column":68}},"82":{"start":{"line":157,"column":16},"end":{"line":157,"column":55}},"83":{"start":{"line":163,"column":4},"end":{"line":177,"column":7}},"84":{"start":{"line":164,"column":8},"end":{"line":176,"column":11}},"85":{"start":{"line":165,"column":12},"end":{"line":165,"column":81}},"86":{"start":{"line":166,"column":12},"end":{"line":166,"column":42}},"87":{"start":{"line":167,"column":12},"end":{"line":169,"column":15}},"88":{"start":{"line":168,"column":16},"end":{"line":168,"column":35}},"89":{"start":{"line":170,"column":12},"end":{"line":170,"column":41}},"90":{"start":{"line":171,"column":12},"end":{"line":175,"column":15}},"91":{"start":{"line":172,"column":16},"end":{"line":172,"column":38}},"92":{"start":{"line":173,"column":16},"end":{"line":173,"column":51}},"93":{"start":{"line":174,"column":16},"end":{"line":174,"column":51}},"94":{"start":{"line":179,"column":4},"end":{"line":196,"column":7}},"95":{"start":{"line":181,"column":8},"end":{"line":195,"column":9}},"96":{"start":{"line":182,"column":12},"end":{"line":194,"column":21}},"97":{"start":{"line":183,"column":16},"end":{"line":183,"column":85}},"98":{"start":{"line":184,"column":16},"end":{"line":184,"column":49}},"99":{"start":{"line":185,"column":16},"end":{"line":187,"column":19}},"100":{"start":{"line":186,"column":20},"end":{"line":186,"column":39}},"101":{"start":{"line":188,"column":16},"end":{"line":193,"column":19}},"102":{"start":{"line":189,"column":20},"end":{"line":189,"column":49}},"103":{"start":{"line":190,"column":20},"end":{"line":192,"column":23}},"104":{"start":{"line":191,"column":24},"end":{"line":191,"column":55}},"105":{"start":{"line":198,"column":4},"end":{"line":221,"column":7}},"106":{"start":{"line":200,"column":8},"end":{"line":220,"column":9}},"107":{"start":{"line":201,"column":12},"end":{"line":219,"column":21}},"108":{"start":{"line":202,"column":16},"end":{"line":202,"column":85}},"109":{"start":{"line":203,"column":16},"end":{"line":203,"column":49}},"110":{"start":{"line":204,"column":16},"end":{"line":206,"column":19}},"111":{"start":{"line":205,"column":20},"end":{"line":205,"column":39}},"112":{"start":{"line":207,"column":16},"end":{"line":218,"column":19}},"113":{"start":{"line":208,"column":20},"end":{"line":208,"column":36}},"114":{"start":{"line":209,"column":20},"end":{"line":209,"column":42}},"115":{"start":{"line":210,"column":20},"end":{"line":212,"column":23}},"116":{"start":{"line":211,"column":24},"end":{"line":211,"column":63}},"117":{"start":{"line":213,"column":20},"end":{"line":213,"column":41}},"118":{"start":{"line":214,"column":20},"end":{"line":214,"column":59}},"119":{"start":{"line":215,"column":20},"end":{"line":217,"column":23}},"120":{"start":{"line":216,"column":24},"end":{"line":216,"column":42}},"121":{"start":{"line":223,"column":4},"end":{"line":325,"column":7}},"122":{"start":{"line":225,"column":8},"end":{"line":245,"column":9}},"123":{"start":{"line":226,"column":12},"end":{"line":226,"column":27}},"124":{"start":{"line":227,"column":12},"end":{"line":243,"column":34}},"125":{"start":{"line":237,"column":16},"end":{"line":237,"column":43}},"126":{"start":{"line":238,"column":16},"end":{"line":238,"column":41}},"127":{"start":{"line":239,"column":16},"end":{"line":239,"column":55}},"128":{"start":{"line":240,"column":16},"end":{"line":240,"column":48}},"129":{"start":{"line":241,"column":16},"end":{"line":241,"column":43}},"130":{"start":{"line":242,"column":16},"end":{"line":242,"column":43}},"131":{"start":{"line":244,"column":12},"end":{"line":244,"column":25}},"132":{"start":{"line":247,"column":8},"end":{"line":254,"column":11}},"133":{"start":{"line":248,"column":12},"end":{"line":248,"column":37}},"134":{"start":{"line":249,"column":12},"end":{"line":253,"column":15}},"135":{"start":{"line":256,"column":8},"end":{"line":266,"column":11}},"136":{"start":{"line":257,"column":12},"end":{"line":257,"column":40}},"137":{"start":{"line":258,"column":12},"end":{"line":265,"column":15}},"138":{"start":{"line":268,"column":8},"end":{"line":278,"column":11}},"139":{"start":{"line":269,"column":12},"end":{"line":269,"column":40}},"140":{"start":{"line":270,"column":12},"end":{"line":277,"column":15}},"141":{"start":{"line":280,"column":8},"end":{"line":293,"column":11}},"142":{"start":{"line":281,"column":12},"end":{"line":281,"column":43}},"143":{"start":{"line":282,"column":12},"end":{"line":292,"column":15}},"144":{"start":{"line":295,"column":8},"end":{"line":323,"column":11}},"145":{"start":{"line":296,"column":12},"end":{"line":296,"column":58}},"146":{"start":{"line":297,"column":12},"end":{"line":322,"column":15}}},"branchMap":{"1":{"line":97,"type":"if","locations":[{"start":{"line":97,"column":12},"end":{"line":97,"column":12}},{"start":{"line":97,"column":12},"end":{"line":97,"column":12}}]}}},"/Users/kris/collections/spec/fuzz.js":{"path":"/Users/kris/collections/spec/fuzz.js","s":{"1":1,"2":1,"3":50,"4":50,"5":50,"6":50,"7":50,"8":50,"9":6125,"10":49147,"11":6125,"12":6125,"13":1533,"14":4592,"15":1826,"16":2766,"17":1875,"18":1875,"19":1875,"20":6125,"21":6125,"22":50,"23":1,"24":1,"25":50,"26":6125,"27":2766,"28":3359,"29":1533,"30":1826,"31":1826,"32":1,"33":1,"34":51,"35":6131,"36":2770,"37":3361,"38":1533,"39":1828,"40":1,"41":1,"42":51,"43":6131,"44":2770,"45":3361,"46":1828,"47":1533,"48":1533,"49":6131,"50":0,"51":0,"52":0,"53":0,"54":1,"55":1,"56":91,"57":58649,"58":58649},"b":{"1":[1533,4592],"2":[6125,4602,4553],"3":[1826,2766],"4":[4592,3392,3145],"5":[1875,891],"6":[2766,3359],"7":[1533,1826],"8":[1826,0],"9":[2770,3361],"10":[1533,1828],"11":[2770,3361],"12":[1828,1533],"13":[1533,0],"14":[0,6131]},"f":{"1":50,"2":49147,"3":50,"4":6125,"5":51,"6":6131,"7":51,"8":6131,"9":0,"10":91,"11":58649},"fnMap":{"1":{"name":"makeFuzz","line":3,"loc":{"start":{"line":3,"column":0},"end":{"line":3,"column":37}}},"2":{"name":"(anonymous_2)","line":10,"loc":{"start":{"line":10,"column":21},"end":{"line":10,"column":33}}},"3":{"name":"stringifyFuzz","line":30,"loc":{"start":{"line":30,"column":0},"end":{"line":30,"column":35}}},"4":{"name":"(anonymous_4)","line":31,"loc":{"start":{"line":31,"column":26},"end":{"line":31,"column":47}}},"5":{"name":"parseFuzz","line":43,"loc":{"start":{"line":43,"column":0},"end":{"line":43,"column":25}}},"6":{"name":"(anonymous_6)","line":44,"loc":{"start":{"line":44,"column":32},"end":{"line":44,"column":48}}},"7":{"name":"executeFuzz","line":56,"loc":{"start":{"line":56,"column":0},"end":{"line":56,"column":43}}},"8":{"name":"(anonymous_8)","line":57,"loc":{"start":{"line":57,"column":23},"end":{"line":57,"column":44}}},"9":{"name":"(anonymous_9)","line":68,"loc":{"start":{"line":68,"column":26},"end":{"line":68,"column":49}}},"10":{"name":"makeRandom","line":76,"loc":{"start":{"line":76,"column":0},"end":{"line":76,"column":26}}},"11":{"name":"(anonymous_11)","line":77,"loc":{"start":{"line":77,"column":11},"end":{"line":77,"column":23}}}},"statementMap":{"1":{"start":{"line":2,"column":0},"end":{"line":2,"column":24}},"2":{"start":{"line":3,"column":0},"end":{"line":27,"column":1}},"3":{"start":{"line":4,"column":4},"end":{"line":4,"column":34}},"4":{"start":{"line":5,"column":4},"end":{"line":5,"column":24}},"5":{"start":{"line":6,"column":4},"end":{"line":6,"column":21}},"6":{"start":{"line":7,"column":4},"end":{"line":7,"column":17}},"7":{"start":{"line":8,"column":4},"end":{"line":8,"column":18}},"8":{"start":{"line":9,"column":4},"end":{"line":25,"column":5}},"9":{"start":{"line":10,"column":8},"end":{"line":12,"column":11}},"10":{"start":{"line":11,"column":12},"end":{"line":11,"column":33}},"11":{"start":{"line":13,"column":8},"end":{"line":13,"column":30}},"12":{"start":{"line":14,"column":8},"end":{"line":22,"column":9}},"13":{"start":{"line":15,"column":12},"end":{"line":15,"column":65}},"14":{"start":{"line":16,"column":15},"end":{"line":22,"column":9}},"15":{"start":{"line":17,"column":12},"end":{"line":17,"column":57}},"16":{"start":{"line":18,"column":15},"end":{"line":22,"column":9}},"17":{"start":{"line":19,"column":12},"end":{"line":19,"column":51}},"18":{"start":{"line":20,"column":12},"end":{"line":20,"column":32}},"19":{"start":{"line":21,"column":12},"end":{"line":21,"column":52}},"20":{"start":{"line":23,"column":8},"end":{"line":23,"column":35}},"21":{"start":{"line":24,"column":8},"end":{"line":24,"column":34}},"22":{"start":{"line":26,"column":4},"end":{"line":26,"column":22}},"23":{"start":{"line":29,"column":0},"end":{"line":29,"column":34}},"24":{"start":{"line":30,"column":0},"end":{"line":40,"column":1}},"25":{"start":{"line":31,"column":4},"end":{"line":39,"column":18}},"26":{"start":{"line":32,"column":8},"end":{"line":38,"column":9}},"27":{"start":{"line":33,"column":12},"end":{"line":33,"column":41}},"28":{"start":{"line":34,"column":15},"end":{"line":38,"column":9}},"29":{"start":{"line":35,"column":12},"end":{"line":35,"column":41}},"30":{"start":{"line":36,"column":15},"end":{"line":38,"column":9}},"31":{"start":{"line":37,"column":12},"end":{"line":37,"column":40}},"32":{"start":{"line":42,"column":0},"end":{"line":42,"column":26}},"33":{"start":{"line":43,"column":0},"end":{"line":53,"column":1}},"34":{"start":{"line":44,"column":4},"end":{"line":52,"column":7}},"35":{"start":{"line":45,"column":8},"end":{"line":51,"column":9}},"36":{"start":{"line":46,"column":12},"end":{"line":46,"column":47}},"37":{"start":{"line":47,"column":15},"end":{"line":51,"column":9}},"38":{"start":{"line":48,"column":12},"end":{"line":48,"column":50}},"39":{"start":{"line":50,"column":12},"end":{"line":50,"column":47}},"40":{"start":{"line":55,"column":0},"end":{"line":55,"column":30}},"41":{"start":{"line":56,"column":0},"end":{"line":73,"column":1}},"42":{"start":{"line":57,"column":4},"end":{"line":72,"column":7}},"43":{"start":{"line":58,"column":8},"end":{"line":64,"column":9}},"44":{"start":{"line":59,"column":12},"end":{"line":59,"column":37}},"45":{"start":{"line":60,"column":15},"end":{"line":64,"column":9}},"46":{"start":{"line":61,"column":12},"end":{"line":61,"column":37}},"47":{"start":{"line":62,"column":15},"end":{"line":64,"column":9}},"48":{"start":{"line":63,"column":12},"end":{"line":63,"column":40}},"49":{"start":{"line":65,"column":8},"end":{"line":71,"column":9}},"50":{"start":{"line":66,"column":12},"end":{"line":66,"column":26}},"51":{"start":{"line":67,"column":12},"end":{"line":67,"column":35}},"52":{"start":{"line":68,"column":12},"end":{"line":70,"column":15}},"53":{"start":{"line":69,"column":16},"end":{"line":69,"column":67}},"54":{"start":{"line":75,"column":0},"end":{"line":75,"column":32}},"55":{"start":{"line":76,"column":0},"end":{"line":81,"column":1}},"56":{"start":{"line":77,"column":4},"end":{"line":81,"column":0}},"57":{"start":{"line":78,"column":8},"end":{"line":78,"column":48}},"58":{"start":{"line":79,"column":8},"end":{"line":79,"column":28}}},"branchMap":{"1":{"line":14,"type":"if","locations":[{"start":{"line":14,"column":8},"end":{"line":14,"column":8}},{"start":{"line":14,"column":8},"end":{"line":14,"column":8}}]},"2":{"line":14,"type":"binary-expr","locations":[{"start":{"line":14,"column":12},"end":{"line":14,"column":33}},{"start":{"line":14,"column":37},"end":{"line":14,"column":51}},{"start":{"line":14,"column":55},"end":{"line":14,"column":67}}]},"3":{"line":16,"type":"if","locations":[{"start":{"line":16,"column":15},"end":{"line":16,"column":15}},{"start":{"line":16,"column":15},"end":{"line":16,"column":15}}]},"4":{"line":16,"type":"binary-expr","locations":[{"start":{"line":16,"column":19},"end":{"line":16,"column":37}},{"start":{"line":16,"column":41},"end":{"line":16,"column":55}},{"start":{"line":16,"column":59},"end":{"line":16,"column":71}}]},"5":{"line":18,"type":"if","locations":[{"start":{"line":18,"column":15},"end":{"line":18,"column":15}},{"start":{"line":18,"column":15},"end":{"line":18,"column":15}}]},"6":{"line":32,"type":"if","locations":[{"start":{"line":32,"column":8},"end":{"line":32,"column":8}},{"start":{"line":32,"column":8},"end":{"line":32,"column":8}}]},"7":{"line":34,"type":"if","locations":[{"start":{"line":34,"column":15},"end":{"line":34,"column":15}},{"start":{"line":34,"column":15},"end":{"line":34,"column":15}}]},"8":{"line":36,"type":"if","locations":[{"start":{"line":36,"column":15},"end":{"line":36,"column":15}},{"start":{"line":36,"column":15},"end":{"line":36,"column":15}}]},"9":{"line":45,"type":"if","locations":[{"start":{"line":45,"column":8},"end":{"line":45,"column":8}},{"start":{"line":45,"column":8},"end":{"line":45,"column":8}}]},"10":{"line":47,"type":"if","locations":[{"start":{"line":47,"column":15},"end":{"line":47,"column":15}},{"start":{"line":47,"column":15},"end":{"line":47,"column":15}}]},"11":{"line":58,"type":"if","locations":[{"start":{"line":58,"column":8},"end":{"line":58,"column":8}},{"start":{"line":58,"column":8},"end":{"line":58,"column":8}}]},"12":{"line":60,"type":"if","locations":[{"start":{"line":60,"column":15},"end":{"line":60,"column":15}},{"start":{"line":60,"column":15},"end":{"line":60,"column":15}}]},"13":{"line":62,"type":"if","locations":[{"start":{"line":62,"column":15},"end":{"line":62,"column":15}},{"start":{"line":62,"column":15},"end":{"line":62,"column":15}}]},"14":{"line":65,"type":"if","locations":[{"start":{"line":65,"column":8},"end":{"line":65,"column":8}},{"start":{"line":65,"column":8},"end":{"line":65,"column":8}}]}}},"/Users/kris/collections/spec/weak-map-spec.js":{"path":"/Users/kris/collections/spec/weak-map-spec.js","s":{},"b":{},"f":{},"fnMap":{},"statementMap":{},"branchMap":{}}}