TN:
SF:/Users/kris/collections/spec/array-spec.js
FN:10,(anonymous_1)
FN:16,mapAlike
FN:19,(anonymous_3)
FN:36,FakeArray
FN:40,(anonymous_5)
FN:53,(anonymous_6)
FN:55,(anonymous_7)
FN:59,(anonymous_8)
FN:60,(anonymous_9)
FN:65,(anonymous_10)
FN:66,(anonymous_11)
FN:77,(anonymous_12)
FN:79,(anonymous_13)
FN:83,(anonymous_14)
FN:89,(anonymous_15)
FN:91,(anonymous_16)
FN:95,(anonymous_17)
FN:99,(anonymous_18)
FN:106,(anonymous_19)
FN:108,(anonymous_20)
FN:112,(anonymous_21)
FN:116,(anonymous_22)
FN:124,(anonymous_23)
FN:126,(anonymous_24)
FN:136,(anonymous_25)
FN:144,(anonymous_26)
FN:148,(anonymous_27)
FN:152,(anonymous_28)
FN:154,(anonymous_29)
FN:161,(anonymous_30)
FN:165,(anonymous_31)
FN:172,(anonymous_32)
FN:177,(anonymous_33)
FN:183,(anonymous_34)
FN:192,(anonymous_35)
FN:193,(anonymous_36)
FN:204,(anonymous_37)
FN:205,(anonymous_38)
FN:212,(anonymous_39)
FNF:39
FNH:38
FNDA:1,(anonymous_1)
FNDA:3,mapAlike
FNDA:2,(anonymous_3)
FNDA:1,FakeArray
FNDA:0,(anonymous_5)
FNDA:1,(anonymous_6)
FNDA:1,(anonymous_7)
FNDA:1,(anonymous_8)
FNDA:1,(anonymous_9)
FNDA:1,(anonymous_10)
FNDA:1,(anonymous_11)
FNDA:1,(anonymous_12)
FNDA:1,(anonymous_13)
FNDA:1,(anonymous_14)
FNDA:1,(anonymous_15)
FNDA:1,(anonymous_16)
FNDA:1,(anonymous_17)
FNDA:1,(anonymous_18)
FNDA:1,(anonymous_19)
FNDA:1,(anonymous_20)
FNDA:1,(anonymous_21)
FNDA:1,(anonymous_22)
FNDA:1,(anonymous_23)
FNDA:1,(anonymous_24)
FNDA:1,(anonymous_25)
FNDA:10,(anonymous_26)
FNDA:1,(anonymous_27)
FNDA:1,(anonymous_28)
FNDA:5,(anonymous_29)
FNDA:1,(anonymous_30)
FNDA:1,(anonymous_31)
FNDA:1,(anonymous_32)
FNDA:1,(anonymous_33)
FNDA:1,(anonymous_34)
FNDA:1,(anonymous_35)
FNDA:1,(anonymous_36)
FNDA:1,(anonymous_37)
FNDA:1,(anonymous_38)
FNDA:4,(anonymous_39)
DA:2,1
DA:3,1
DA:4,1
DA:5,1
DA:6,1
DA:7,1
DA:8,1
DA:10,1
DA:11,1
DA:12,1
DA:13,1
DA:14,1
DA:16,1
DA:17,3
DA:18,3
DA:19,2
DA:20,2
DA:23,3
DA:26,1
DA:36,1
DA:37,1
DA:39,1
DA:40,1
DA:41,0
DA:42,0
DA:43,0
DA:44,0
DA:46,1
DA:53,1
DA:55,1
DA:56,1
DA:59,1
DA:60,1
DA:61,1
DA:65,1
DA:66,1
DA:67,1
DA:77,1
DA:79,1
DA:80,1
DA:83,1
DA:84,1
DA:89,1
DA:91,1
DA:92,1
DA:95,1
DA:96,1
DA:99,1
DA:100,1
DA:101,1
DA:106,1
DA:108,1
DA:109,1
DA:112,1
DA:113,1
DA:116,1
DA:117,1
DA:118,1
DA:119,1
DA:124,1
DA:126,1
DA:127,1
DA:128,1
DA:129,1
DA:130,1
DA:131,1
DA:136,1
DA:137,1
DA:145,10
DA:148,1
DA:149,1
DA:152,1
DA:153,1
DA:154,1
DA:155,5
DA:161,1
DA:165,1
DA:166,1
DA:167,1
DA:168,1
DA:169,1
DA:172,1
DA:173,1
DA:174,1
DA:177,1
DA:178,1
DA:179,1
DA:180,1
DA:183,1
DA:184,1
DA:185,1
DA:186,1
DA:187,1
DA:192,1
DA:193,1
DA:194,1
DA:195,1
DA:196,1
DA:197,1
DA:204,1
DA:205,1
DA:207,1
DA:213,4
DA:215,1
LF:104
LH:100
BRDA:18,1,0,2
BRDA:18,1,1,1
BRF:2
BRH:2
end_of_record
TN:
SF:/Users/kris/collections/shim.js
FNF:0
FNH:0
DA:2,1
DA:3,1
DA:4,1
DA:5,1
LF:4
LH:4
BRF:0
BRH:0
end_of_record
TN:
SF:/Users/kris/collections/shim-array.js
FN:23,(anonymous_1)
FN:29,(anonymous_2)
FN:52,define
FN:79,(anonymous_4)
FN:85,(anonymous_5)
FN:89,(anonymous_6)
FN:99,(anonymous_7)
FN:104,(anonymous_8)
FN:109,(anonymous_9)
FN:118,(anonymous_10)
FN:128,(anonymous_11)
FN:140,(anonymous_12)
FN:148,(anonymous_13)
FN:156,(anonymous_14)
FN:161,(anonymous_15)
FN:199,(anonymous_16)
FN:233,(anonymous_17)
FN:249,(anonymous_18)
FN:255,ArrayIterator
FN:261,(anonymous_20)
FNF:20
FNH:19
FNDA:102,(anonymous_1)
FNDA:34,(anonymous_2)
FNDA:33,define
FNDA:0,(anonymous_4)
FNDA:125,(anonymous_5)
FNDA:3,(anonymous_6)
FNDA:1767,(anonymous_7)
FNDA:279,(anonymous_8)
FNDA:10,(anonymous_9)
FNDA:138,(anonymous_10)
FNDA:4,(anonymous_11)
FNDA:334,(anonymous_12)
FNDA:45,(anonymous_13)
FNDA:9,(anonymous_14)
FNDA:50,(anonymous_15)
FNDA:107,(anonymous_16)
FNDA:79,(anonymous_17)
FNDA:3,(anonymous_18)
FNDA:5,ArrayIterator
FNDA:23,(anonymous_20)
DA:1,1
DA:10,1
DA:11,1
DA:12,1
DA:13,1
DA:15,1
DA:17,1
DA:19,1
DA:20,1
DA:23,1
DA:24,102
DA:25,102
DA:26,102
DA:29,1
DA:30,34
DA:31,34
DA:33,34
DA:34,68
DA:35,68
DA:36,68
DA:37,38
DA:40,34
DA:41,68
DA:42,68
DA:43,188
DA:44,169
DA:45,169
DA:49,34
DA:52,1
DA:53,33
DA:61,1
DA:62,1
DA:63,1
DA:64,1
DA:65,1
DA:66,1
DA:67,1
DA:68,1
DA:69,1
DA:70,1
DA:71,1
DA:72,1
DA:73,1
DA:74,1
DA:75,1
DA:76,1
DA:77,1
DA:79,1
DA:80,0
DA:81,0
DA:82,0
DA:85,1
DA:86,125
DA:89,1
DA:90,3
DA:91,2
DA:92,1
DA:93,0
DA:95,1
DA:99,1
DA:100,1767
DA:101,1767
DA:104,1
DA:105,279
DA:106,279
DA:109,1
DA:110,10
DA:111,10
DA:112,7
DA:113,7
DA:115,3
DA:118,1
DA:119,138
DA:120,138
DA:121,281
DA:122,97
DA:125,41
DA:128,1
DA:129,4
DA:130,4
DA:131,4
DA:132,4
DA:133,4
DA:134,3
DA:137,1
DA:140,1
DA:141,334
DA:142,334
DA:143,329
DA:145,334
DA:148,1
DA:149,45
DA:150,36
DA:151,36
DA:156,1
DA:157,9
DA:158,9
DA:161,1
DA:162,50
DA:163,50
DA:164,50
DA:165,50
DA:166,50
DA:167,50
DA:169,50
DA:170,1
DA:173,49
DA:174,26
DA:177,23
DA:179,23
DA:180,26
DA:181,26
DA:182,0
DA:184,26
DA:185,26
DA:186,26
DA:187,26
DA:188,20
DA:191,0
DA:192,0
DA:196,3
DA:199,1
DA:200,107
DA:201,107
DA:202,107
DA:203,107
DA:204,107
DA:206,107
DA:207,1
DA:209,106
DA:210,80
DA:213,26
DA:214,8
DA:216,18
DA:217,24
DA:218,24
DA:219,24
DA:220,24
DA:221,0
DA:224,0
DA:225,0
DA:230,18
DA:233,1
DA:234,79
DA:235,2
DA:236,77
DA:237,2
DA:239,77
DA:240,77
DA:241,77
DA:242,129
DA:243,129
DA:246,77
DA:249,1
DA:250,3
DA:253,1
DA:255,1
DA:256,5
DA:257,5
DA:258,5
DA:261,1
DA:262,23
DA:263,5
DA:265,18
LF:164
LH:154
BRDA:19,1,0,1
BRDA:19,1,1,0
BRDA:36,2,0,38
BRDA:36,2,1,30
BRDA:43,3,0,169
BRDA:43,3,1,19
BRDA:43,4,0,188
BRDA:43,4,1,170
BRDA:44,5,0,169
BRDA:44,5,1,85
BRDA:90,6,0,2
BRDA:90,6,1,1
BRDA:92,7,0,0
BRDA:92,7,1,1
BRDA:111,8,0,7
BRDA:111,8,1,3
BRDA:119,9,0,138
BRDA:119,9,1,135
BRDA:119,9,2,135
BRDA:121,10,0,97
BRDA:121,10,1,184
BRDA:121,11,0,281
BRDA:121,11,1,281
BRDA:129,12,0,4
BRDA:129,12,1,3
BRDA:129,12,2,3
BRDA:133,13,0,3
BRDA:133,13,1,1
BRDA:133,14,0,4
BRDA:133,14,1,4
BRDA:142,15,0,329
BRDA:142,15,1,5
BRDA:150,16,0,36
BRDA:150,16,1,0
BRDA:162,17,0,50
BRDA:162,17,1,50
BRDA:169,18,0,1
BRDA:169,18,1,49
BRDA:173,19,0,26
BRDA:173,19,1,23
BRDA:173,20,0,49
BRDA:173,20,1,49
BRDA:180,21,0,26
BRDA:180,21,1,0
BRDA:181,22,0,0
BRDA:181,22,1,26
BRDA:187,23,0,20
BRDA:187,23,1,6
BRDA:191,24,0,0
BRDA:191,24,1,0
BRDA:200,25,0,107
BRDA:200,25,1,9
BRDA:206,26,0,1
BRDA:206,26,1,106
BRDA:209,27,0,80
BRDA:209,27,1,26
BRDA:209,28,0,106
BRDA:209,28,1,103
BRDA:213,29,0,8
BRDA:213,29,1,18
BRDA:217,30,0,24
BRDA:217,30,1,0
BRDA:220,31,0,0
BRDA:220,31,1,24
BRDA:220,32,0,24
BRDA:220,32,1,4
BRDA:220,32,2,4
BRDA:220,32,3,4
BRDA:224,33,0,0
BRDA:224,33,1,0
BRDA:234,34,0,2
BRDA:234,34,1,77
BRDA:236,35,0,2
BRDA:236,35,1,75
BRDA:239,36,0,77
BRDA:239,36,1,16
BRDA:242,37,0,129
BRDA:242,37,1,0
BRDA:257,38,0,5
BRDA:257,38,1,0
BRDA:262,39,0,5
BRDA:262,39,1,18
BRDA:262,40,0,23
BRDA:262,40,1,0
BRF:84
BRH:70
end_of_record
TN:
SF:/Users/kris/collections/shim-function.js
FN:11,(anonymous_1)
FN:23,(anonymous_2)
FN:42,(anonymous_3)
FN:45,(anonymous_4)
FN:54,(anonymous_5)
FN:55,(anonymous_6)
FNF:6
FNH:4
FNDA:772,(anonymous_1)
FNDA:1608,(anonymous_2)
FNDA:2,(anonymous_3)
FNDA:1,(anonymous_4)
FNDA:0,(anonymous_5)
FNDA:0,(anonymous_6)
DA:2,1
DA:11,1
DA:23,1
DA:24,1608
DA:42,1
DA:43,2
DA:44,2
DA:45,2
DA:46,1
DA:48,2
DA:49,2
DA:50,2
DA:54,1
DA:55,0
DA:56,0
LF:15
LH:13
BRDA:43,1,0,2
BRDA:43,1,1,1
BRDA:44,2,0,2
BRDA:44,2,1,0
BRF:4
BRH:3
end_of_record
TN:
SF:/Users/kris/collections/generic-collection.js
FN:4,GenericCollection
FN:8,(anonymous_2)
FN:19,(anonymous_3)
FN:29,(anonymous_4)
FN:30,(anonymous_5)
FN:39,(anonymous_6)
FN:41,(anonymous_7)
FN:46,(anonymous_8)
FN:49,(anonymous_9)
FN:55,(anonymous_10)
FN:60,(anonymous_11)
FN:66,(anonymous_12)
FN:70,(anonymous_13)
FN:86,(anonymous_14)
FN:94,(anonymous_15)
FN:96,(anonymous_16)
FN:102,(anonymous_17)
FN:105,(anonymous_18)
FN:113,(anonymous_19)
FN:115,(anonymous_20)
FN:120,(anonymous_21)
FN:122,(anonymous_22)
FN:127,(anonymous_23)
FN:131,(anonymous_24)
FN:135,(anonymous_25)
FN:138,(anonymous_26)
FN:148,(anonymous_27)
FN:151,(anonymous_28)
FN:161,(anonymous_29)
FN:163,(anonymous_30)
FN:168,(anonymous_31)
FN:171,(anonymous_32)
FN:178,(anonymous_33)
FN:186,(anonymous_34)
FN:188,(anonymous_35)
FN:189,(anonymous_36)
FN:196,(anonymous_37)
FN:202,(anonymous_38)
FN:213,(anonymous_39)
FN:219,(anonymous_40)
FN:222,(anonymous_41)
FN:227,(anonymous_42)
FN:231,(anonymous_43)
FN:238,(anonymous_44)
FN:244,(anonymous_45)
FNF:45
FNH:43
FNDA:0,GenericCollection
FNDA:5207,(anonymous_2)
FNDA:0,(anonymous_3)
FNDA:30,(anonymous_4)
FNDA:80,(anonymous_5)
FNDA:1419,(anonymous_6)
FNDA:1723,(anonymous_7)
FNDA:534,(anonymous_8)
FNDA:1609,(anonymous_9)
FNDA:4,(anonymous_10)
FNDA:12,(anonymous_11)
FNDA:3,(anonymous_12)
FNDA:14,(anonymous_13)
FNDA:436,(anonymous_14)
FNDA:2,(anonymous_15)
FNDA:4,(anonymous_16)
FNDA:32,(anonymous_17)
FNDA:96,(anonymous_18)
FNDA:31,(anonymous_19)
FNDA:59,(anonymous_20)
FNDA:32,(anonymous_21)
FNDA:70,(anonymous_22)
FNDA:23,(anonymous_23)
FNDA:38,(anonymous_24)
FNDA:9,(anonymous_25)
FNDA:21,(anonymous_26)
FNDA:9,(anonymous_27)
FNDA:21,(anonymous_28)
FNDA:15,(anonymous_29)
FNDA:35,(anonymous_30)
FNDA:15,(anonymous_31)
FNDA:35,(anonymous_32)
FNDA:18,(anonymous_33)
FNDA:8,(anonymous_34)
FNDA:24,(anonymous_35)
FNDA:42,(anonymous_36)
FNDA:34,(anonymous_37)
FNDA:12,(anonymous_38)
FNDA:40,(anonymous_39)
FNDA:56,(anonymous_40)
FNDA:40,(anonymous_41)
FNDA:2,(anonymous_42)
FNDA:16,(anonymous_43)
FNDA:18,(anonymous_44)
FNDA:90,(anonymous_45)
DA:1,1
DA:3,1
DA:4,1
DA:5,0
DA:8,1
DA:9,5207
DA:10,1297
DA:11,1258
DA:12,39
DA:15,36
DA:16,84
DA:19,3
DA:20,0
DA:24,5207
DA:29,1
DA:30,30
DA:31,80
DA:33,30
DA:39,1
DA:40,1419
DA:41,1419
DA:42,1723
DA:46,1
DA:47,534
DA:48,534
DA:49,534
DA:50,1609
DA:52,534
DA:55,1
DA:56,4
DA:57,2
DA:59,4
DA:60,4
DA:61,12
DA:63,4
DA:66,1
DA:67,3
DA:68,3
DA:69,3
DA:70,3
DA:71,14
DA:72,14
DA:73,14
DA:74,14
DA:75,6
DA:76,6
DA:77,6
DA:79,8
DA:81,14
DA:83,3
DA:86,1
DA:87,436
DA:94,1
DA:95,2
DA:96,2
DA:97,4
DA:99,2
DA:102,1
DA:103,32
DA:104,32
DA:105,32
DA:106,96
DA:107,72
DA:110,32
DA:113,1
DA:114,31
DA:115,31
DA:116,59
DA:120,1
DA:121,32
DA:122,32
DA:123,70
DA:127,1
DA:128,23
DA:131,1
DA:132,38
DA:135,1
DA:136,9
DA:137,9
DA:138,9
DA:139,21
DA:140,9
DA:141,9
DA:143,12
DA:148,1
DA:149,9
DA:150,9
DA:151,9
DA:152,21
DA:153,9
DA:154,9
DA:156,12
DA:161,1
DA:162,15
DA:163,15
DA:164,35
DA:168,1
DA:169,15
DA:170,15
DA:171,15
DA:172,35
DA:173,35
DA:175,15
DA:178,1
DA:179,18
DA:180,18
DA:181,26
DA:183,18
DA:186,1
DA:187,8
DA:188,8
DA:189,24
DA:190,42
DA:192,24
DA:196,1
DA:197,34
DA:198,34
DA:199,34
DA:202,1
DA:203,12
DA:205,12
DA:206,2
DA:207,2
DA:209,10
DA:211,12
DA:212,12
DA:213,12
DA:214,40
DA:220,56
DA:223,40
DA:227,1
DA:228,2
DA:231,1
DA:232,16
DA:233,2
DA:234,14
DA:235,2
DA:237,14
DA:238,14
DA:239,18
DA:241,14
DA:244,1
DA:245,90
DA:246,30
DA:250,1
LF:145
LH:143
BRDA:9,1,0,1297
BRDA:9,1,1,3910
BRDA:9,2,0,5207
BRDA:9,2,1,2767
BRDA:10,3,0,1258
BRDA:10,3,1,39
BRDA:12,4,0,36
BRDA:12,4,1,3
BRDA:56,5,0,2
BRDA:56,5,1,2
BRDA:67,6,0,3
BRDA:67,6,1,3
BRDA:74,7,0,6
BRDA:74,7,1,8
BRDA:106,8,0,72
BRDA:106,8,1,24
BRDA:116,9,0,59
BRDA:116,9,1,51
BRDA:123,10,0,70
BRDA:123,10,1,54
BRDA:136,11,0,9
BRDA:136,11,1,9
BRDA:136,11,2,9
BRDA:139,12,0,9
BRDA:139,12,1,12
BRDA:143,13,0,0
BRDA:143,13,1,12
BRDA:149,14,0,9
BRDA:149,14,1,9
BRDA:149,14,2,9
BRDA:152,15,0,9
BRDA:152,15,1,12
BRDA:156,16,0,12
BRDA:156,16,1,0
BRDA:162,17,0,15
BRDA:162,17,1,0
BRDA:169,18,0,15
BRDA:169,18,1,0
BRDA:170,19,0,15
BRDA:170,19,1,0
BRDA:203,20,0,12
BRDA:203,20,1,10
BRDA:203,20,2,3
BRDA:205,21,0,2
BRDA:205,21,1,10
BRDA:207,22,0,2
BRDA:207,22,1,0
BRDA:207,22,2,0
BRDA:209,23,0,10
BRDA:209,23,1,10
BRDA:211,24,0,12
BRDA:211,24,1,0
BRDA:232,25,0,2
BRDA:232,25,1,14
BRDA:234,26,0,2
BRDA:234,26,1,12
BRDA:245,27,0,30
BRDA:245,27,1,60
BRF:58
BRH:50
end_of_record
TN:
SF:/Users/kris/collections/generic-order.js
FN:5,GenericOrder
FN:9,(anonymous_2)
FN:22,(anonymous_3)
FN:28,(anonymous_4)
FN:39,(anonymous_5)
FNF:5
FNH:4
FNDA:0,GenericOrder
FNDA:82,(anonymous_2)
FNDA:13,(anonymous_3)
FNDA:28,(anonymous_4)
FNDA:64,(anonymous_5)
DA:2,1
DA:4,1
DA:5,1
DA:6,0
DA:9,1
DA:10,82
DA:12,82
DA:13,1
DA:15,81
DA:16,4
DA:19,77
DA:20,77
DA:23,13
DA:28,1
DA:29,28
DA:31,28
DA:32,1
DA:34,27
DA:35,1
DA:38,26
DA:39,26
DA:40,64
DA:41,64
DA:42,0
DA:44,64
DA:47,0
DA:50,26
DA:51,20
DA:53,6
LF:29
LH:26
BRDA:10,1,0,82
BRDA:10,1,1,82
BRDA:10,1,2,80
BRDA:12,2,0,1
BRDA:12,2,1,81
BRDA:15,3,0,4
BRDA:15,3,1,77
BRDA:21,4,0,77
BRDA:21,4,1,5
BRDA:29,5,0,28
BRDA:29,5,1,2
BRDA:29,5,2,2
BRDA:31,6,0,1
BRDA:31,6,1,27
BRDA:34,7,0,1
BRDA:34,7,1,26
BRDA:40,8,0,64
BRDA:40,8,1,0
BRDA:41,9,0,0
BRDA:41,9,1,64
BRDA:50,10,0,20
BRDA:50,10,1,6
BRF:22
BRH:20
end_of_record
TN:
SF:/Users/kris/collections/shim-object.js
FN:36,(anonymous_1)
FN:60,(anonymous_2)
FN:68,(anonymous_3)
FN:93,(anonymous_4)
FN:115,(anonymous_5)
FN:145,(anonymous_6)
FN:184,(anonymous_7)
FN:212,(anonymous_8)
FN:220,(anonymous_9)
FN:224,(anonymous_10)
FN:229,(anonymous_11)
FN:235,(anonymous_12)
FN:253,(anonymous_13)
FN:254,(anonymous_14)
FN:273,(anonymous_15)
FN:274,(anonymous_16)
FN:287,(anonymous_17)
FN:292,(anonymous_18)
FN:316,(anonymous_19)
FN:365,(anonymous_20)
FN:444,(anonymous_21)
FN:485,(anonymous_22)
FN:522,(anonymous_23)
FNF:23
FNH:23
FNDA:552,(anonymous_1)
FNDA:85153,(anonymous_2)
FNDA:4813,(anonymous_3)
FNDA:167,(anonymous_4)
FNDA:98309,(anonymous_5)
FNDA:15,(anonymous_6)
FNDA:7,(anonymous_7)
FNDA:4,(anonymous_8)
FNDA:59,(anonymous_9)
FNDA:1,(anonymous_10)
FNDA:1,(anonymous_11)
FNDA:856,(anonymous_12)
FNDA:105,(anonymous_13)
FNDA:440,(anonymous_14)
FNDA:2,(anonymous_15)
FNDA:4,(anonymous_16)
FNDA:1,(anonymous_17)
FNDA:4,(anonymous_18)
FNDA:107,(anonymous_19)
FNDA:11240,(anonymous_20)
FNDA:31144,(anonymous_21)
FNDA:381,(anonymous_22)
FNDA:1,(anonymous_23)
DA:1,1
DA:3,1
DA:5,1
DA:25,1
DA:36,1
DA:37,552
DA:60,1
DA:61,85153
DA:62,85136
DA:64,85153
DA:67,1
DA:68,1
DA:69,4813
DA:70,12
DA:71,4801
DA:72,1557
DA:73,67
DA:75,1557
DA:77,3244
DA:92,1
DA:93,1
DA:94,167
DA:115,1
DA:116,98309
DA:145,1
DA:146,15
DA:147,1
DA:150,14
DA:151,2
DA:154,12
DA:155,12
DA:157,0
DA:184,1
DA:185,7
DA:186,0
DA:189,7
DA:190,1
DA:191,6
DA:192,4
DA:194,2
DA:212,1
DA:213,4
DA:214,1
DA:216,3
DA:220,1
DA:221,59
DA:223,2
DA:224,1
DA:225,1
DA:229,1
DA:230,1
DA:235,57
DA:236,856
DA:239,59
DA:253,1
DA:254,105
DA:255,440
DA:273,1
DA:274,2
DA:275,4
DA:287,1
DA:288,1
DA:292,1
DA:293,4
DA:294,4
DA:295,8
DA:297,4
DA:300,1
DA:316,1
DA:317,107
DA:319,68
DA:326,39
DA:365,1
DA:366,11240
DA:368,11240
DA:369,11240
DA:370,11240
DA:372,7331
DA:373,3909
DA:374,107
DA:376,3802
DA:377,52
DA:378,3750
DA:379,342
DA:380,342
DA:381,342
DA:387,259
DA:388,258
DA:389,241
DA:392,18
DA:393,17
DA:394,0
DA:397,18
DA:405,3491
DA:444,1
DA:447,31144
DA:448,31144
DA:449,31144
DA:450,31144
DA:451,31144
DA:452,7474
DA:453,23670
DA:454,6
DA:455,23664
DA:456,23145
DA:457,519
DA:458,193
DA:460,326
DA:461,288
DA:463,38
DA:464,13
DA:465,25
DA:485,1
DA:486,381
DA:487,381
DA:488,381
DA:489,31
DA:490,350
DA:491,70
DA:493,311
DA:494,157
DA:495,150
DA:496,75
DA:498,75
DA:499,75
DA:500,75
DA:501,75
DA:502,75
DA:503,196
DA:506,0
DA:510,157
DA:512,154
DA:522,1
DA:523,1
DA:524,0
DA:526,1
DA:528,1
DA:529,1
DA:530,1
DA:533,1
LF:140
LH:135
BRDA:61,1,0,85136
BRDA:61,1,1,17
BRDA:69,2,0,12
BRDA:69,2,1,4801
BRDA:71,3,0,1557
BRDA:71,3,1,3244
BRDA:72,4,0,67
BRDA:72,4,1,1490
BRDA:117,5,0,98309
BRDA:117,5,1,98292
BRDA:117,5,2,85729
BRDA:146,6,0,1
BRDA:146,6,1,14
BRDA:150,7,0,2
BRDA:150,7,1,12
BRDA:154,8,0,12
BRDA:154,8,1,0
BRDA:155,9,0,12
BRDA:155,9,1,12
BRDA:185,10,0,0
BRDA:185,10,1,7
BRDA:189,11,0,1
BRDA:189,11,1,6
BRDA:191,12,0,4
BRDA:191,12,1,2
BRDA:213,13,0,1
BRDA:213,13,1,3
BRDA:221,14,0,2
BRDA:221,14,1,57
BRDA:223,15,0,1
BRDA:223,15,1,1
BRDA:317,16,0,68
BRDA:317,16,1,39
BRDA:319,17,0,68
BRDA:319,17,1,3
BRDA:326,18,0,39
BRDA:326,18,1,1
BRDA:366,19,0,11240
BRDA:366,19,1,11240
BRDA:370,20,0,7331
BRDA:370,20,1,3909
BRDA:372,21,0,7331
BRDA:372,21,1,93
BRDA:373,22,0,107
BRDA:373,22,1,3802
BRDA:376,23,0,52
BRDA:376,23,1,3750
BRDA:378,24,0,342
BRDA:378,24,1,3408
BRDA:378,25,0,3750
BRDA:378,25,1,350
BRDA:381,26,0,259
BRDA:381,26,1,83
BRDA:382,27,0,342
BRDA:382,27,1,342
BRDA:382,27,2,83
BRDA:388,28,0,241
BRDA:388,28,1,17
BRDA:393,29,0,0
BRDA:393,29,1,17
BRDA:405,30,0,3491
BRDA:405,30,1,0
BRDA:451,31,0,7474
BRDA:451,31,1,23670
BRDA:453,32,0,6
BRDA:453,32,1,23664
BRDA:455,33,0,23145
BRDA:455,33,1,519
BRDA:457,34,0,193
BRDA:457,34,1,326
BRDA:458,35,0,46
BRDA:458,35,1,147
BRDA:460,36,0,288
BRDA:460,36,1,38
BRDA:463,37,0,13
BRDA:463,37,1,25
BRDA:487,38,0,381
BRDA:487,38,1,46
BRDA:488,39,0,31
BRDA:488,39,1,350
BRDA:490,40,0,70
BRDA:490,40,1,280
BRDA:493,41,0,157
BRDA:493,41,1,154
BRDA:494,42,0,150
BRDA:494,42,1,7
BRDA:495,43,0,75
BRDA:495,43,1,75
BRDA:499,44,0,75
BRDA:499,44,1,0
BRDA:499,45,0,75
BRDA:499,45,1,68
BRDA:523,46,0,0
BRDA:523,46,1,1
BRF:94
BRH:88
end_of_record
TN:
SF:/Users/kris/collections/weak-map.js
FN:91,(anonymous_1)
FN:104,(anonymous_2)
FN:154,(anonymous_3)
FN:172,fakeGetOwnPropertyNames
FN:173,(anonymous_5)
FN:185,fakeGetPropertyNames
FN:186,(anonymous_7)
FN:232,(anonymous_8)
FN:269,(anonymous_9)
FN:272,identifyingFreeze
FN:279,identifyingSeal
FN:286,identifyingPreventExtensions
FN:293,constFunc
FN:303,(anonymous_14)
FN:309,get___
FN:322,has___
FN:333,set___
FN:357,delete___
FN:389,get
FN:400,has
FN:412,set
FN:432,remove
FNF:22
FNH:15
FNDA:1,(anonymous_1)
FNDA:19,(anonymous_2)
FNDA:0,(anonymous_3)
FNDA:1,fakeGetOwnPropertyNames
FNDA:1,(anonymous_5)
FNDA:0,fakeGetPropertyNames
FNDA:0,(anonymous_7)
FNDA:6680,(anonymous_8)
FNDA:1,(anonymous_9)
FNDA:270,identifyingFreeze
FNDA:0,identifyingSeal
FNDA:0,identifyingPreventExtensions
FNDA:268,constFunc
FNDA:67,(anonymous_14)
FNDA:3032,get___
FNDA:3084,has___
FNDA:294,set___
FNDA:0,delete___
FNDA:3032,get
FNDA:3084,has
FNDA:294,set
FNDA:0,remove
DA:89,1
DA:91,1
DA:93,1
DA:94,1
DA:95,1
DA:103,1
DA:104,1
DA:105,19
DA:144,1
DA:146,1
DA:150,0
DA:151,0
DA:152,0
DA:153,0
DA:155,0
DA:171,1
DA:173,1
DA:174,1
DA:183,1
DA:184,0
DA:186,0
DA:187,0
DA:232,1
DA:233,6680
DA:234,0
DA:236,6680
DA:237,6680
DA:238,439
DA:240,0
DA:242,439
DA:243,439
DA:244,439
DA:250,439
DA:256,439
DA:269,1
DA:270,1
DA:271,1
DA:273,270
DA:274,270
DA:277,1
DA:278,1
DA:280,0
DA:281,0
DA:284,1
DA:285,1
DA:287,0
DA:288,0
DA:293,1
DA:294,268
DA:295,268
DA:303,1
DA:306,67
DA:307,67
DA:309,67
DA:310,3032
DA:311,3032
DA:312,3032
DA:313,3032
DA:314,3032
DA:316,0
DA:317,0
DA:319,3032
DA:322,67
DA:323,3084
DA:324,3084
DA:325,3084
DA:326,3084
DA:328,0
DA:330,3084
DA:333,67
DA:334,294
DA:335,294
DA:336,294
DA:337,294
DA:338,294
DA:339,0
DA:343,294
DA:344,294
DA:347,0
DA:348,0
DA:349,0
DA:351,0
DA:352,0
DA:357,67
DA:358,0
DA:359,0
DA:360,0
DA:361,0
DA:362,0
DA:363,0
DA:364,0
DA:367,0
DA:368,0
DA:369,0
DA:370,0
DA:373,0
DA:376,67
DA:383,1
DA:390,3032
DA:401,3084
DA:413,294
DA:433,0
DA:440,1
LF:103
LH:67
BRDA:91,1,0,0
BRDA:91,1,1,1
BRDA:146,2,0,0
BRDA:146,2,1,1
BRDA:146,3,0,1
BRDA:146,3,1,0
BRDA:146,3,2,0
BRDA:146,3,3,0
BRDA:183,4,0,0
BRDA:183,4,1,1
BRDA:233,5,0,0
BRDA:233,5,1,6680
BRDA:237,6,0,6241
BRDA:237,6,1,439
BRDA:237,7,0,6680
BRDA:237,7,1,6241
BRDA:238,8,0,0
BRDA:238,8,1,439
BRDA:312,9,0,3032
BRDA:312,9,1,0
BRDA:319,10,0,3032
BRDA:319,10,1,0
BRDA:325,11,0,3084
BRDA:325,11,1,0
BRDA:336,12,0,294
BRDA:336,12,1,0
BRDA:338,13,0,0
BRDA:338,13,1,294
BRDA:348,14,0,0
BRDA:348,14,1,0
BRDA:360,15,0,0
BRDA:360,15,1,0
BRDA:362,16,0,0
BRDA:362,16,1,0
BRDA:368,17,0,0
BRDA:368,17,1,0
BRF:36
BRH:15
end_of_record
TN:
SF:/Users/kris/collections/shim-regexp.js
FN:10,(anonymous_1)
FNF:1
FNH:1
FNDA:20,(anonymous_1)
DA:8,1
DA:9,1
DA:10,1
DA:11,20
LF:4
LH:4
BRDA:8,1,0,1
BRDA:8,1,1,0
BRF:2
BRH:1
end_of_record
TN:
SF:/Users/kris/collections/listen/array-changes.js
FN:32,(anonymous_1)
FN:36,(anonymous_2)
FN:48,defineEach
FN:78,reverse
FN:104,sort
FN:130,splice
FN:197,set
FN:206,shift
FN:214,pop
FN:224,push
FN:237,unshift
FN:250,clear
FNF:12
FNH:11
FNDA:7,(anonymous_1)
FNDA:0,(anonymous_2)
FNDA:3,defineEach
FNDA:1,reverse
FNDA:1,sort
FNDA:42,splice
FNDA:17,set
FNDA:1,shift
FNDA:5,pop
FNDA:7,push
FNDA:2,unshift
FNDA:4,clear
DA:15,1
DA:16,1
DA:17,1
DA:18,1
DA:19,1
DA:20,1
DA:22,1
DA:23,1
DA:24,1
DA:25,1
DA:29,1
DA:30,1
DA:31,1
DA:32,1
DA:33,7
DA:36,0
DA:37,0
DA:41,1
DA:48,1
DA:49,3
DA:50,26
DA:59,1
DA:60,1
DA:61,1
DA:63,1
DA:81,1
DA:82,1
DA:83,3
DA:84,3
DA:88,1
DA:91,1
DA:92,3
DA:93,3
DA:95,1
DA:97,1
DA:107,1
DA:108,1
DA:109,3
DA:110,3
DA:114,1
DA:117,1
DA:118,3
DA:119,3
DA:121,1
DA:123,1
DA:131,42
DA:132,42
DA:133,42
DA:134,0
DA:135,42
DA:136,42
DA:137,42
DA:138,42
DA:141,42
DA:142,26
DA:144,42
DA:145,42
DA:146,16
DA:147,17
DA:148,17
DA:150,26
DA:154,26
DA:155,54
DA:156,54
DA:161,42
DA:162,0
DA:164,42
DA:167,42
DA:168,16
DA:169,17
DA:170,17
DA:172,26
DA:176,26
DA:177,54
DA:178,54
DA:181,42
DA:182,42
DA:183,26
DA:186,42
DA:198,17
DA:199,17
DA:207,1
DA:215,5
DA:216,5
DA:225,7
DA:226,3
DA:228,4
DA:229,4
DA:238,2
DA:239,1
DA:241,1
DA:242,1
DA:251,4
DA:259,1
LF:94
LH:90
BRDA:31,1,0,1
BRDA:31,1,1,0
BRDA:133,2,0,0
BRDA:133,2,1,42
BRDA:133,3,0,42
BRDA:133,3,1,14
BRDA:141,4,0,26
BRDA:141,4,1,16
BRDA:145,5,0,16
BRDA:145,5,1,26
BRDA:150,6,0,26
BRDA:150,6,1,0
BRDA:161,7,0,0
BRDA:161,7,1,42
BRDA:167,8,0,16
BRDA:167,8,1,26
BRDA:172,9,0,26
BRDA:172,9,1,0
BRDA:182,10,0,26
BRDA:182,10,1,16
BRDA:215,11,0,5
BRDA:215,11,1,0
BRDA:225,12,0,3
BRDA:225,12,1,4
BRDA:238,13,0,1
BRDA:238,13,1,1
BRF:26
BRH:20
end_of_record
TN:
SF:/Users/kris/collections/list.js
FN:10,List
FN:27,(anonymous_2)
FN:31,(anonymous_3)
FN:43,(anonymous_4)
FN:55,(anonymous_5)
FN:59,(anonymous_6)
FN:68,(anonymous_7)
FN:78,(anonymous_8)
FN:84,(anonymous_9)
FN:90,(anonymous_10)
FN:100,(anonymous_11)
FN:111,(anonymous_12)
FN:122,(anonymous_13)
FN:133,(anonymous_14)
FN:139,(anonymous_15)
FN:147,(anonymous_16)
FN:152,(anonymous_17)
FN:183,(anonymous_18)
FN:197,(anonymous_19)
FN:201,(anonymous_20)
FN:227,(anonymous_21)
FN:239,(anonymous_22)
FN:250,(anonymous_23)
FN:261,(anonymous_24)
FN:265,ListIterator
FN:270,(anonymous_26)
FN:282,Node
FN:288,(anonymous_28)
FN:293,(anonymous_29)
FN:301,(anonymous_30)
FNF:30
FNH:27
FNDA:4770,List
FNDA:2,(anonymous_2)
FNDA:4479,(anonymous_3)
FNDA:321,(anonymous_4)
FNDA:3719,(anonymous_5)
FNDA:747,(anonymous_6)
FNDA:309,(anonymous_7)
FNDA:19,(anonymous_8)
FNDA:2637,(anonymous_9)
FNDA:51,(anonymous_10)
FNDA:6,(anonymous_11)
FNDA:2,(anonymous_12)
FNDA:2,(anonymous_13)
FNDA:46,(anonymous_14)
FNDA:0,(anonymous_15)
FNDA:46,(anonymous_16)
FNDA:65,(anonymous_17)
FNDA:12,(anonymous_18)
FNDA:23,(anonymous_19)
FNDA:41,(anonymous_20)
FNDA:0,(anonymous_21)
FNDA:758,(anonymous_22)
FNDA:0,(anonymous_23)
FNDA:4,(anonymous_24)
FNDA:4,ListIterator
FNDA:16,(anonymous_26)
FNDA:8511,Node
FNDA:614,(anonymous_28)
FNDA:2728,(anonymous_29)
FNDA:14,(anonymous_30)
DA:1,1
DA:3,1
DA:5,1
DA:6,1
DA:7,1
DA:8,1
DA:10,1
DA:11,4770
DA:12,1537
DA:14,3233
DA:15,3233
DA:16,3233
DA:17,3233
DA:18,3233
DA:19,3233
DA:20,3233
DA:23,1
DA:24,1
DA:25,1
DA:27,1
DA:28,2
DA:31,1
DA:32,4479
DA:33,4479
DA:34,4479
DA:35,4479
DA:36,2012
DA:37,1652
DA:39,360
DA:43,1
DA:44,321
DA:45,321
DA:46,321
DA:47,321
DA:48,362
DA:49,317
DA:51,45
DA:55,1
DA:56,3719
DA:59,1
DA:60,747
DA:61,747
DA:62,719
DA:64,28
DA:68,1
DA:69,309
DA:70,309
DA:71,305
DA:72,305
DA:73,305
DA:75,4
DA:78,1
DA:79,19
DA:80,19
DA:81,19
DA:84,1
DA:85,2637
DA:86,2637
DA:87,2637
DA:90,1
DA:91,51
DA:92,51
DA:93,59
DA:94,59
DA:95,59
DA:96,59
DA:100,1
DA:101,6
DA:102,6
DA:103,14
DA:104,14
DA:105,14
DA:106,14
DA:107,14
DA:111,1
DA:112,2
DA:113,2
DA:114,2
DA:115,2
DA:116,2
DA:117,2
DA:119,2
DA:122,1
DA:123,2
DA:124,2
DA:125,2
DA:126,2
DA:127,2
DA:128,2
DA:130,2
DA:133,1
DA:134,46
DA:135,42
DA:139,1
DA:140,0
DA:141,0
DA:143,0
DA:147,1
DA:148,46
DA:152,1
DA:153,65
DA:154,65
DA:155,44
DA:156,44
DA:157,32
DA:158,32
DA:159,62
DA:160,62
DA:161,62
DA:162,4
DA:166,12
DA:167,12
DA:168,22
DA:169,22
DA:170,22
DA:171,0
DA:175,44
DA:177,21
DA:183,1
DA:184,12
DA:185,12
DA:186,12
DA:187,12
DA:189,12
DA:190,24
DA:191,24
DA:194,12
DA:197,1
DA:198,23
DA:201,1
DA:202,41
DA:203,41
DA:204,41
DA:205,41
DA:206,14
DA:208,41
DA:209,51
DA:210,51
DA:211,51
DA:212,51
DA:214,41
DA:215,31
DA:216,4
DA:218,31
DA:219,32
DA:220,32
DA:222,31
DA:224,41
DA:227,1
DA:228,0
DA:229,0
DA:230,0
DA:231,0
DA:232,0
DA:233,0
DA:235,0
DA:239,1
DA:240,758
DA:241,758
DA:242,758
DA:243,758
DA:244,1194
DA:245,1194
DA:247,758
DA:250,1
DA:251,0
DA:252,0
DA:253,0
DA:254,0
DA:255,0
DA:256,0
DA:258,0
DA:261,1
DA:262,4
DA:265,1
DA:266,4
DA:267,4
DA:270,1
DA:271,16
DA:272,4
DA:274,12
DA:275,12
DA:276,12
DA:280,1
DA:282,1
DA:283,8511
DA:284,8511
DA:285,8511
DA:288,1
DA:289,614
DA:290,614
DA:293,1
DA:294,2728
DA:295,2728
DA:296,2728
DA:297,2728
DA:298,2728
DA:301,1
DA:302,14
DA:303,14
DA:304,14
DA:305,14
DA:306,14
LF:203
LH:185
BRDA:11,1,0,1537
BRDA:11,1,1,3233
BRDA:17,2,0,3233
BRDA:17,2,1,1639
BRDA:18,3,0,3233
BRDA:18,3,1,3231
BRDA:32,4,0,4479
BRDA:32,4,1,4479
BRDA:36,5,0,1652
BRDA:36,5,1,360
BRDA:44,6,0,321
BRDA:44,6,1,321
BRDA:48,7,0,317
BRDA:48,7,1,45
BRDA:61,8,0,719
BRDA:61,8,1,28
BRDA:70,9,0,305
BRDA:70,9,1,4
BRDA:114,10,0,2
BRDA:114,10,1,0
BRDA:125,11,0,2
BRDA:125,11,1,0
BRDA:134,12,0,42
BRDA:134,12,1,4
BRDA:140,13,0,0
BRDA:140,13,1,0
BRDA:154,14,0,44
BRDA:154,14,1,21
BRDA:156,15,0,32
BRDA:156,15,1,12
BRDA:161,16,0,4
BRDA:161,16,1,58
BRDA:170,17,0,0
BRDA:170,17,1,22
BRDA:177,18,0,21
BRDA:177,18,1,16
BRDA:189,19,0,36
BRDA:189,19,1,24
BRDA:205,20,0,14
BRDA:205,20,1,27
BRDA:208,21,0,92
BRDA:208,21,1,65
BRDA:208,21,2,65
BRDA:214,22,0,31
BRDA:214,22,1,10
BRDA:215,23,0,4
BRDA:215,23,1,27
BRDA:215,24,0,31
BRDA:215,24,1,4
BRDA:271,25,0,4
BRDA:271,25,1,12
BRF:51
BRH:46
end_of_record
TN:
SF:/Users/kris/collections/listen/property-changes.js
FN:59,PropertyChanges
FN:65,(anonymous_2)
FN:79,(anonymous_3)
FN:93,(anonymous_4)
FN:109,cancelOwnPropertyChangeListener
FN:115,(anonymous_6)
FN:119,(anonymous_7)
FN:140,(anonymous_8)
FN:144,(anonymous_9)
FN:167,(anonymous_10)
FN:181,(anonymous_11)
FN:185,(anonymous_12)
FN:270,(anonymous_13)
FN:273,(anonymous_14)
FN:288,(anonymous_15)
FN:293,(anonymous_16)
FN:329,(anonymous_17)
FN:370,(anonymous_18)
FN:378,(anonymous_19)
FN:386,(anonymous_20)
FN:395,(anonymous_21)
FN:404,(anonymous_22)
FN:413,(anonymous_23)
FN:417,(anonymous_24)
FN:421,(anonymous_25)
FN:425,(anonymous_26)
FN:433,(anonymous_27)
FNF:27
FNH:23
FNDA:0,PropertyChanges
FNDA:239,(anonymous_2)
FNDA:52,(anonymous_3)
FNDA:14,(anonymous_4)
FNDA:0,cancelOwnPropertyChangeListener
FNDA:1,(anonymous_6)
FNDA:2,(anonymous_7)
FNDA:1,(anonymous_8)
FNDA:222,(anonymous_9)
FNDA:41,(anonymous_10)
FNDA:0,(anonymous_11)
FNDA:14,(anonymous_12)
FNDA:3,(anonymous_13)
FNDA:6,(anonymous_14)
FNDA:5,(anonymous_15)
FNDA:4,(anonymous_16)
FNDA:2,(anonymous_17)
FNDA:238,(anonymous_18)
FNDA:52,(anonymous_19)
FNDA:12,(anonymous_20)
FNDA:1,(anonymous_21)
FNDA:222,(anonymous_22)
FNDA:3,(anonymous_23)
FNDA:0,(anonymous_24)
FNDA:111,(anonymous_25)
FNDA:14,(anonymous_26)
FNDA:2,(anonymous_27)
DA:15,1
DA:17,1
DA:30,1
DA:55,1
DA:57,1
DA:59,1
DA:60,0
DA:63,1
DA:65,1
DA:66,239
DA:67,15
DA:69,239
DA:70,239
DA:71,35
DA:76,239
DA:79,1
DA:80,52
DA:81,0
DA:83,52
DA:84,52
DA:86,0
DA:87,0
DA:88,0
DA:90,0
DA:93,1
DA:94,14
DA:95,2
DA:98,14
DA:99,14
DA:100,14
DA:101,4
DA:103,10
DA:105,14
DA:106,14
DA:108,14
DA:109,14
DA:110,0
DA:111,0
DA:115,1
DA:116,1
DA:119,1
DA:120,2
DA:122,2
DA:123,2
DA:124,1
DA:126,1
DA:129,2
DA:130,2
DA:131,0
DA:133,2
DA:135,2
DA:136,1
DA:140,1
DA:141,1
DA:144,1
DA:145,222
DA:147,222
DA:148,0
DA:150,222
DA:152,222
DA:153,222
DA:154,111
DA:156,111
DA:159,222
DA:160,222
DA:161,222
DA:162,222
DA:163,222
DA:165,222
DA:167,222
DA:168,41
DA:169,41
DA:174,41
DA:177,222
DA:181,1
DA:182,0
DA:185,1
DA:190,14
DA:191,3
DA:194,11
DA:195,11
DA:196,3
DA:198,8
DA:199,8
DA:200,8
DA:207,11
DA:210,11
DA:211,8
DA:212,8
DA:214,11
DA:216,11
DA:219,3
DA:224,8
DA:225,8
DA:226,8
DA:227,8
DA:228,13
DA:229,13
DA:230,3
DA:232,10
DA:235,8
DA:242,8
DA:243,0
DA:248,8
DA:255,8
DA:256,0
DA:261,8
DA:268,8
DA:269,5
DA:271,3
DA:274,6
DA:275,1
DA:277,5
DA:278,5
DA:279,5
DA:280,5
DA:281,5
DA:287,3
DA:289,5
DA:290,5
DA:294,4
DA:297,4
DA:298,4
DA:301,4
DA:302,4
DA:306,4
DA:307,4
DA:308,4
DA:311,4
DA:312,1
DA:314,3
DA:318,3
DA:319,3
DA:326,8
DA:329,1
DA:334,2
DA:335,1
DA:338,1
DA:339,0
DA:341,1
DA:343,1
DA:344,0
DA:347,1
DA:348,1
DA:350,1
DA:351,1
DA:352,1
DA:354,0
DA:355,0
DA:356,0
DA:363,1
DA:365,1
DA:370,1
DA:371,238
DA:372,211
DA:374,27
DA:378,1
DA:379,52
DA:380,52
DA:382,0
DA:386,1
DA:387,12
DA:388,12
DA:389,1
DA:391,11
DA:395,1
DA:396,1
DA:397,1
DA:398,1
DA:400,0
DA:404,1
DA:405,222
DA:406,222
DA:407,206
DA:409,16
DA:413,1
DA:414,3
DA:417,1
DA:418,0
DA:421,1
DA:422,111
DA:425,1
DA:426,14
DA:427,3
DA:429,11
DA:433,1
DA:434,2
DA:435,1
DA:437,1
LF:189
LH:168
BRDA:66,1,0,15
BRDA:66,1,1,224
BRDA:70,2,0,35
BRDA:70,2,1,204
BRDA:80,3,0,0
BRDA:80,3,1,52
BRDA:83,4,0,52
BRDA:83,4,1,0
BRDA:87,5,0,0
BRDA:87,5,1,0
BRDA:94,6,0,2
BRDA:94,6,1,12
BRDA:94,7,0,14
BRDA:94,7,1,3
BRDA:100,8,0,4
BRDA:100,8,1,10
BRDA:123,9,0,1
BRDA:123,9,1,1
BRDA:130,10,0,0
BRDA:130,10,1,2
BRDA:135,11,0,1
BRDA:135,11,1,1
BRDA:147,12,0,0
BRDA:147,12,1,222
BRDA:153,13,0,111
BRDA:153,13,1,111
BRDA:159,14,0,111
BRDA:159,14,1,111
BRDA:162,15,0,222
BRDA:162,15,1,222
BRDA:170,16,0,41
BRDA:170,16,1,40
BRDA:170,16,2,39
BRDA:190,17,0,3
BRDA:190,17,1,11
BRDA:195,18,0,3
BRDA:195,18,1,8
BRDA:199,19,0,8
BRDA:199,19,1,0
BRDA:210,20,0,8
BRDA:210,20,1,3
BRDA:216,21,0,3
BRDA:216,21,1,8
BRDA:229,22,0,3
BRDA:229,22,1,10
BRDA:235,23,0,8
BRDA:235,23,1,5
BRDA:242,24,0,0
BRDA:242,24,1,8
BRDA:255,25,0,0
BRDA:255,25,1,8
BRDA:255,26,0,8
BRDA:255,26,1,3
BRDA:268,27,0,5
BRDA:268,27,1,3
BRDA:274,28,0,1
BRDA:274,28,1,5
BRDA:289,29,0,5
BRDA:289,29,1,0
BRDA:297,30,0,4
BRDA:297,30,1,0
BRDA:301,31,0,4
BRDA:301,31,1,0
BRDA:306,32,0,4
BRDA:306,32,1,0
BRDA:311,33,0,1
BRDA:311,33,1,3
BRDA:334,34,0,1
BRDA:334,34,1,1
BRDA:338,35,0,0
BRDA:338,35,1,1
BRDA:343,36,0,0
BRDA:343,36,1,1
BRDA:351,37,0,1
BRDA:351,37,1,0
BRDA:355,38,0,0
BRDA:355,38,1,0
BRDA:371,39,0,211
BRDA:371,39,1,27
BRDA:379,40,0,52
BRDA:379,40,1,0
BRDA:387,41,0,0
BRDA:387,41,1,12
BRDA:388,42,0,1
BRDA:388,42,1,11
BRDA:396,43,0,0
BRDA:396,43,1,1
BRDA:397,44,0,1
BRDA:397,44,1,0
BRDA:405,45,0,0
BRDA:405,45,1,222
BRDA:406,46,0,206
BRDA:406,46,1,16
BRDA:426,47,0,3
BRDA:426,47,1,11
BRDA:434,48,0,1
BRDA:434,48,1,1
BRF:97
BRH:74
end_of_record
TN:
SF:/Users/kris/collections/listen/range-changes.js
FN:9,RangeChanges
FN:13,(anonymous_2)
FN:20,(anonymous_3)
FN:33,(anonymous_4)
FN:53,cancelRangeChangeListener
FN:63,(anonymous_6)
FN:80,(anonymous_7)
FN:83,(anonymous_8)
FN:108,(anonymous_9)
FN:123,(anonymous_10)
FN:127,(anonymous_11)
FN:131,(anonymous_12)
FNF:12
FNH:10
FNDA:0,RangeChanges
FNDA:795,(anonymous_2)
FNDA:33,(anonymous_3)
FNDA:26,(anonymous_4)
FNDA:0,cancelRangeChangeListener
FNDA:2,(anonymous_6)
FNDA:762,(anonymous_7)
FNDA:722,(anonymous_8)
FNDA:396,(anonymous_9)
FNDA:2,(anonymous_10)
FNDA:1,(anonymous_11)
FNDA:381,(anonymous_12)
DA:1,1
DA:3,1
DA:4,1
DA:6,1
DA:8,1
DA:9,1
DA:10,0
DA:13,1
DA:14,795
DA:15,28
DA:17,795
DA:20,1
DA:21,33
DA:22,33
DA:23,33
DA:24,24
DA:30,33
DA:33,1
DA:35,26
DA:36,3
DA:39,26
DA:41,26
DA:42,26
DA:43,2
DA:45,24
DA:49,26
DA:50,26
DA:52,26
DA:53,26
DA:54,0
DA:56,0
DA:58,0
DA:59,0
DA:63,1
DA:64,2
DA:66,2
DA:67,2
DA:68,1
DA:70,1
DA:73,2
DA:74,2
DA:75,0
DA:77,2
DA:80,1
DA:81,762
DA:82,762
DA:83,762
DA:85,722
DA:86,0
DA:88,722
DA:92,722
DA:93,722
DA:94,361
DA:96,361
DA:99,722
DA:107,722
DA:108,722
DA:109,396
DA:110,34
DA:111,362
DA:112,362
DA:114,0
DA:118,722
DA:123,1
DA:124,2
DA:127,1
DA:128,1
DA:131,1
DA:132,381
LF:69
LH:61
BRDA:14,1,0,28
BRDA:14,1,1,767
BRDA:22,2,0,33
BRDA:22,2,1,31
BRDA:23,3,0,24
BRDA:23,3,1,9
BRDA:35,4,0,3
BRDA:35,4,1,23
BRDA:35,5,0,26
BRDA:35,5,1,23
BRDA:42,6,0,2
BRDA:42,6,1,24
BRDA:54,7,0,0
BRDA:54,7,1,0
BRDA:67,8,0,1
BRDA:67,8,1,1
BRDA:74,9,0,0
BRDA:74,9,1,2
BRDA:82,10,0,381
BRDA:82,10,1,381
BRDA:85,11,0,0
BRDA:85,11,1,722
BRDA:93,12,0,361
BRDA:93,12,1,361
BRDA:109,13,0,34
BRDA:109,13,1,362
BRDA:111,14,0,362
BRDA:111,14,1,0
BRF:28
BRH:23
end_of_record
TN:
SF:/Users/kris/collections/dict.js
FN:11,Dict
FN:22,mangle
FN:26,unmangle
FN:34,(anonymous_4)
FN:38,(anonymous_5)
FN:44,(anonymous_6)
FN:56,(anonymous_7)
FN:69,(anonymous_8)
FN:75,(anonymous_9)
FN:86,(anonymous_10)
FN:93,(anonymous_11)
FN:100,(anonymous_12)
FN:103,(anonymous_13)
FN:108,(anonymous_14)
FNF:14
FNH:11
FNDA:565,Dict
FNDA:10540,mangle
FNDA:1239,unmangle
FNDA:0,(anonymous_4)
FNDA:10248,(anonymous_5)
FNDA:5939,(anonymous_6)
FNDA:1358,(anonymous_7)
FNDA:2651,(anonymous_8)
FNDA:300,(anonymous_9)
FNDA:22,(anonymous_10)
FNDA:1121,(anonymous_11)
FNDA:0,(anonymous_12)
FNDA:0,(anonymous_13)
FNDA:34,(anonymous_14)
DA:1,1
DA:3,1
DA:4,1
DA:5,1
DA:6,1
DA:10,1
DA:11,1
DA:12,565
DA:13,63
DA:15,502
DA:16,502
DA:17,502
DA:18,502
DA:19,502
DA:22,1
DA:23,10540
DA:26,1
DA:27,1239
DA:30,1
DA:31,1
DA:32,1
DA:34,1
DA:35,0
DA:38,1
DA:39,10248
DA:40,4
DA:44,1
DA:45,5939
DA:46,5938
DA:47,5938
DA:48,4460
DA:49,1478
DA:50,4
DA:52,1474
DA:56,1
DA:57,1358
DA:58,1357
DA:59,1357
DA:60,1357
DA:61,1357
DA:62,1357
DA:64,0
DA:65,0
DA:69,1
DA:70,2651
DA:71,2650
DA:72,2650
DA:75,1
DA:76,300
DA:77,299
DA:78,299
DA:79,296
DA:80,296
DA:81,296
DA:83,3
DA:86,1
DA:87,22
DA:88,67
DA:90,22
DA:93,1
DA:94,1121
DA:95,1239
DA:97,1121
DA:100,1
DA:101,0
DA:102,0
DA:103,0
DA:104,0
DA:108,1
DA:109,34
DA:110,34
DA:111,34
LF:72
LH:65
BRDA:12,1,0,63
BRDA:12,1,1,502
BRDA:15,2,0,502
BRDA:15,2,1,63
BRDA:39,3,0,4
BRDA:39,3,1,10244
BRDA:47,4,0,4460
BRDA:47,4,1,1478
BRDA:49,5,0,4
BRDA:49,5,1,1474
BRDA:59,6,0,1357
BRDA:59,6,1,0
BRDA:78,7,0,296
BRDA:78,7,1,3
BRF:14
BRH:13
end_of_record
TN:
SF:/Users/kris/collections/generic-map.js
FN:8,GenericMap
FN:17,(anonymous_2)
FN:22,(anonymous_3)
FN:27,(anonymous_4)
FN:33,(anonymous_5)
FN:41,(anonymous_6)
FN:52,(anonymous_7)
FN:79,(anonymous_8)
FN:83,(anonymous_9)
FN:87,(anonymous_10)
FN:104,(anonymous_11)
FN:109,(anonymous_12)
FN:110,(anonymous_13)
FN:115,(anonymous_14)
FN:116,(anonymous_15)
FN:121,(anonymous_16)
FN:122,(anonymous_17)
FN:127,(anonymous_18)
FN:131,(anonymous_19)
FN:132,(anonymous_20)
FN:137,(anonymous_21)
FN:142,(anonymous_22)
FN:147,(anonymous_23)
FN:155,Item
FN:160,(anonymous_25)
FN:164,(anonymous_26)
FNF:26
FNH:23
FNDA:0,GenericMap
FNDA:609,(anonymous_2)
FNDA:12,(anonymous_3)
FNDA:56,(anonymous_4)
FNDA:118,(anonymous_5)
FNDA:185,(anonymous_6)
FNDA:216,(anonymous_7)
FNDA:9,(anonymous_8)
FNDA:136,(anonymous_9)
FNDA:40,(anonymous_10)
FNDA:4,(anonymous_11)
FNDA:183,(anonymous_12)
FNDA:344,(anonymous_13)
FNDA:1,(anonymous_14)
FNDA:4,(anonymous_15)
FNDA:49,(anonymous_16)
FNDA:94,(anonymous_17)
FNDA:43,(anonymous_18)
FNDA:40,(anonymous_19)
FNDA:72,(anonymous_20)
FNDA:25,(anonymous_21)
FNDA:17,(anonymous_22)
FNDA:24,(anonymous_23)
FNDA:577,Item
FNDA:0,(anonymous_25)
FNDA:0,(anonymous_26)
DA:1,1
DA:3,1
DA:4,1
DA:5,1
DA:7,1
DA:8,1
DA:9,0
DA:12,1
DA:13,1
DA:17,1
DA:18,609
DA:19,92
DA:21,37
DA:22,6
DA:23,12
DA:27,31
DA:28,56
DA:33,55
DA:34,118
DA:38,609
DA:41,1
DA:42,185
DA:43,185
DA:44,121
DA:45,64
DA:46,32
DA:48,32
DA:52,1
DA:53,216
DA:54,216
DA:55,216
DA:56,216
DA:57,11
DA:58,6
DA:60,11
DA:61,11
DA:62,6
DA:65,205
DA:66,6
DA:68,205
DA:69,202
DA:70,202
DA:72,205
DA:73,6
DA:76,216
DA:79,1
DA:80,9
DA:83,1
DA:84,136
DA:87,1
DA:88,40
DA:89,40
DA:90,25
DA:91,25
DA:92,6
DA:94,25
DA:95,25
DA:96,25
DA:97,6
DA:99,25
DA:101,15
DA:104,1
DA:105,4
DA:106,4
DA:109,1
DA:110,183
DA:111,344
DA:115,1
DA:116,1
DA:117,4
DA:121,1
DA:122,49
DA:123,94
DA:127,1
DA:128,43
DA:131,1
DA:132,40
DA:133,72
DA:137,1
DA:138,25
DA:139,25
DA:140,4
DA:141,21
DA:142,9
DA:143,17
DA:146,12
DA:147,12
DA:148,24
DA:153,1
DA:155,1
DA:156,577
DA:157,577
DA:160,1
DA:161,0
DA:164,1
DA:165,0
LF:96
LH:93
BRDA:18,1,0,92
BRDA:18,1,1,517
BRDA:18,2,0,609
BRDA:18,2,1,92
BRDA:19,3,0,37
BRDA:19,3,1,55
BRDA:21,4,0,6
BRDA:21,4,1,31
BRDA:43,5,0,121
BRDA:43,5,1,64
BRDA:45,6,0,32
BRDA:45,6,1,32
BRDA:56,7,0,11
BRDA:56,7,1,205
BRDA:57,8,0,6
BRDA:57,8,1,5
BRDA:61,9,0,6
BRDA:61,9,1,5
BRDA:65,10,0,6
BRDA:65,10,1,199
BRDA:68,11,0,202
BRDA:68,11,1,3
BRDA:72,12,0,6
BRDA:72,12,1,199
BRDA:89,13,0,25
BRDA:89,13,1,15
BRDA:91,14,0,6
BRDA:91,14,1,19
BRDA:96,15,0,6
BRDA:96,15,1,19
BRDA:138,16,0,25
BRDA:138,16,1,13
BRDA:139,17,0,4
BRDA:139,17,1,21
BRDA:141,18,0,9
BRDA:141,18,1,12
BRDA:142,19,0,9
BRDA:142,19,1,9
BRDA:147,20,0,12
BRDA:147,20,1,12
BRDA:161,21,0,0
BRDA:161,21,1,0
BRF:42
BRH:40
end_of_record
TN:
SF:/Users/kris/collections/listen/map-changes.js
FN:7,MapChanges
FN:27,(anonymous_2)
FN:35,(anonymous_3)
FN:47,(anonymous_4)
FN:63,cancelMapChangeListener
FN:73,(anonymous_6)
FN:90,(anonymous_7)
FN:93,(anonymous_8)
FN:115,(anonymous_9)
FN:131,(anonymous_10)
FN:135,(anonymous_11)
FN:139,(anonymous_12)
FNF:12
FNH:10
FNDA:0,MapChanges
FNDA:272,(anonymous_2)
FNDA:48,(anonymous_3)
FNDA:45,(anonymous_4)
FNDA:0,cancelMapChangeListener
FNDA:2,(anonymous_6)
FNDA:224,(anonymous_7)
FNDA:206,(anonymous_8)
FNDA:183,(anonymous_9)
FNDA:22,(anonymous_10)
FNDA:1,(anonymous_11)
FNDA:112,(anonymous_12)
DA:1,1
DA:3,1
DA:4,1
DA:6,1
DA:7,1
DA:8,0
DA:11,1
DA:25,1
DA:27,1
DA:28,272
DA:29,272
DA:30,26
DA:32,272
DA:35,1
DA:36,48
DA:37,48
DA:38,48
DA:39,23
DA:44,48
DA:47,1
DA:48,45
DA:50,3
DA:52,45
DA:53,45
DA:54,45
DA:55,22
DA:57,23
DA:59,45
DA:60,45
DA:62,45
DA:63,45
DA:64,0
DA:66,0
DA:68,0
DA:69,0
DA:73,1
DA:74,2
DA:76,2
DA:77,2
DA:78,1
DA:80,1
DA:83,2
DA:84,2
DA:85,0
DA:87,2
DA:90,1
DA:91,224
DA:92,224
DA:93,224
DA:95,206
DA:96,0
DA:98,206
DA:101,206
DA:102,206
DA:103,103
DA:105,103
DA:108,206
DA:113,206
DA:115,206
DA:116,183
DA:117,34
DA:118,149
DA:119,149
DA:121,0
DA:125,206
DA:131,1
DA:132,22
DA:135,1
DA:136,1
DA:139,1
DA:140,112
LF:71
LH:63
BRDA:29,1,0,26
BRDA:29,1,1,246
BRDA:37,2,0,48
BRDA:37,2,1,46
BRDA:38,3,0,23
BRDA:38,3,1,25
BRDA:48,4,0,3
BRDA:48,4,1,42
BRDA:48,5,0,45
BRDA:48,5,1,39
BRDA:54,6,0,22
BRDA:54,6,1,23
BRDA:64,7,0,0
BRDA:64,7,1,0
BRDA:77,8,0,1
BRDA:77,8,1,1
BRDA:84,9,0,0
BRDA:84,9,1,2
BRDA:92,10,0,112
BRDA:92,10,1,112
BRDA:95,11,0,0
BRDA:95,11,1,206
BRDA:102,12,0,103
BRDA:102,12,1,103
BRDA:116,13,0,34
BRDA:116,13,1,149
BRDA:118,14,0,149
BRDA:118,14,1,0
BRF:28
BRH:23
end_of_record
TN:
SF:/Users/kris/collections/spec/dequeue.js
FN:7,describeDequeue
FN:9,(anonymous_2)
FN:10,(anonymous_3)
FN:17,(anonymous_4)
FN:18,(anonymous_5)
FN:25,(anonymous_6)
FN:26,(anonymous_7)
FN:32,(anonymous_8)
FN:39,(anonymous_9)
FN:40,(anonymous_10)
FN:47,(anonymous_11)
FN:48,(anonymous_12)
FN:54,(anonymous_13)
FN:61,(anonymous_14)
FN:62,(anonymous_15)
FN:69,(anonymous_16)
FN:70,(anonymous_17)
FN:77,(anonymous_18)
FN:78,(anonymous_19)
FN:87,(anonymous_20)
FN:90,(anonymous_21)
FN:94,(anonymous_22)
FN:98,(anonymous_23)
FN:102,(anonymous_24)
FN:106,(anonymous_25)
FN:110,(anonymous_26)
FN:123,(anonymous_27)
FN:125,(anonymous_28)
FN:131,(anonymous_29)
FN:137,(anonymous_30)
FN:143,(anonymous_31)
FN:149,(anonymous_32)
FN:155,(anonymous_33)
FN:161,(anonymous_34)
FN:167,(anonymous_35)
FN:173,(anonymous_36)
FN:181,(anonymous_37)
FN:183,(anonymous_38)
FN:189,(anonymous_39)
FN:195,(anonymous_40)
FN:201,(anonymous_41)
FN:207,(anonymous_42)
FN:213,(anonymous_43)
FN:219,(anonymous_44)
FN:225,(anonymous_45)
FN:231,(anonymous_46)
FNF:46
FNH:46
FNDA:9,describeDequeue
FNDA:9,(anonymous_2)
FNDA:9,(anonymous_3)
FNDA:9,(anonymous_4)
FNDA:9,(anonymous_5)
FNDA:9,(anonymous_6)
FNDA:9,(anonymous_7)
FNDA:9,(anonymous_8)
FNDA:9,(anonymous_9)
FNDA:9,(anonymous_10)
FNDA:9,(anonymous_11)
FNDA:9,(anonymous_12)
FNDA:9,(anonymous_13)
FNDA:9,(anonymous_14)
FNDA:9,(anonymous_15)
FNDA:9,(anonymous_16)
FNDA:9,(anonymous_17)
FNDA:9,(anonymous_18)
FNDA:9,(anonymous_19)
FNDA:9,(anonymous_20)
FNDA:9,(anonymous_21)
FNDA:9,(anonymous_22)
FNDA:9,(anonymous_23)
FNDA:9,(anonymous_24)
FNDA:9,(anonymous_25)
FNDA:9,(anonymous_26)
FNDA:9,(anonymous_27)
FNDA:9,(anonymous_28)
FNDA:9,(anonymous_29)
FNDA:9,(anonymous_30)
FNDA:9,(anonymous_31)
FNDA:9,(anonymous_32)
FNDA:9,(anonymous_33)
FNDA:9,(anonymous_34)
FNDA:9,(anonymous_35)
FNDA:9,(anonymous_36)
FNDA:9,(anonymous_37)
FNDA:9,(anonymous_38)
FNDA:9,(anonymous_39)
FNDA:9,(anonymous_40)
FNDA:9,(anonymous_41)
FNDA:9,(anonymous_42)
FNDA:9,(anonymous_43)
FNDA:9,(anonymous_44)
FNDA:9,(anonymous_45)
FNDA:9,(anonymous_46)
DA:6,1
DA:7,1
DA:9,9
DA:10,9
DA:11,9
DA:12,9
DA:13,9
DA:17,9
DA:18,9
DA:19,9
DA:20,9
DA:21,9
DA:25,9
DA:26,9
DA:27,9
DA:28,9
DA:29,9
DA:32,9
DA:33,9
DA:34,9
DA:35,9
DA:39,9
DA:40,9
DA:41,9
DA:42,9
DA:43,9
DA:47,9
DA:48,9
DA:49,9
DA:50,9
DA:51,9
DA:54,9
DA:55,9
DA:56,9
DA:57,9
DA:61,9
DA:62,9
DA:63,9
DA:64,9
DA:65,9
DA:69,9
DA:70,9
DA:71,9
DA:72,9
DA:73,9
DA:77,9
DA:78,9
DA:79,9
DA:83,9
DA:87,9
DA:88,9
DA:90,9
DA:91,9
DA:94,9
DA:95,9
DA:98,9
DA:99,9
DA:102,9
DA:103,9
DA:106,9
DA:107,9
DA:110,9
DA:111,9
DA:123,9
DA:125,9
DA:126,9
DA:127,9
DA:128,9
DA:131,9
DA:132,9
DA:133,9
DA:134,9
DA:137,9
DA:138,9
DA:139,9
DA:140,9
DA:143,9
DA:144,9
DA:145,9
DA:146,9
DA:149,9
DA:150,9
DA:151,9
DA:152,9
DA:155,9
DA:156,9
DA:157,9
DA:158,9
DA:161,9
DA:162,9
DA:163,9
DA:164,9
DA:167,9
DA:168,9
DA:169,9
DA:170,9
DA:173,9
DA:174,9
DA:175,9
DA:176,9
DA:181,9
DA:183,9
DA:184,9
DA:185,9
DA:186,9
DA:189,9
DA:190,9
DA:191,9
DA:192,9
DA:195,9
DA:196,9
DA:197,9
DA:198,9
DA:201,9
DA:202,9
DA:203,9
DA:204,9
DA:207,9
DA:208,9
DA:209,9
DA:210,9
DA:213,9
DA:214,9
DA:215,9
DA:216,9
DA:219,9
DA:220,9
DA:221,9
DA:222,9
DA:225,9
DA:226,9
DA:227,9
DA:228,9
DA:231,9
DA:232,9
DA:233,9
DA:234,9
LF:137
LH:137
BRF:0
BRH:0
end_of_record
TN:
SF:/Users/kris/collections/spec/collection.js
FN:7,describeCollection
FN:14,shouldHaveTheUsualContent
FN:28,(anonymous_3)
FN:33,(anonymous_4)
FN:35,(anonymous_5)
FN:44,(anonymous_6)
FN:45,(anonymous_7)
FN:54,(anonymous_8)
FN:56,(anonymous_9)
FN:62,(anonymous_10)
FN:68,(anonymous_11)
FN:74,(anonymous_12)
FN:82,(anonymous_13)
FN:83,(anonymous_14)
FN:88,(anonymous_15)
FN:94,(anonymous_16)
FN:96,(anonymous_17)
FN:101,(anonymous_18)
FN:105,(anonymous_19)
FN:111,(anonymous_20)
FN:112,(anonymous_21)
FNF:21
FNH:21
FNDA:27,describeCollection
FNDA:189,shouldHaveTheUsualContent
FNDA:27,(anonymous_3)
FNDA:27,(anonymous_4)
FNDA:27,(anonymous_5)
FNDA:27,(anonymous_6)
FNDA:27,(anonymous_7)
FNDA:27,(anonymous_8)
FNDA:27,(anonymous_9)
FNDA:27,(anonymous_10)
FNDA:27,(anonymous_11)
FNDA:27,(anonymous_12)
FNDA:27,(anonymous_13)
FNDA:27,(anonymous_14)
FNDA:27,(anonymous_15)
FNDA:27,(anonymous_16)
FNDA:27,(anonymous_17)
FNDA:27,(anonymous_18)
FNDA:27,(anonymous_19)
FNDA:27,(anonymous_20)
FNDA:27,(anonymous_21)
DA:6,1
DA:7,1
DA:9,27
DA:10,27
DA:11,27
DA:12,27
DA:14,27
DA:15,189
DA:16,189
DA:17,189
DA:18,189
DA:19,189
DA:20,147
DA:21,147
DA:22,147
DA:23,147
DA:25,189
DA:28,27
DA:29,27
DA:30,27
DA:33,27
DA:34,27
DA:36,27
DA:37,27
DA:38,27
DA:41,27
DA:44,27
DA:45,27
DA:46,27
DA:47,27
DA:48,27
DA:49,27
DA:50,27
DA:54,27
DA:56,27
DA:57,27
DA:58,27
DA:59,27
DA:62,27
DA:63,27
DA:64,27
DA:65,27
DA:68,27
DA:69,27
DA:70,27
DA:71,27
DA:74,27
DA:75,27
DA:76,27
DA:77,27
DA:82,27
DA:83,27
DA:84,27
DA:85,27
DA:88,27
DA:89,27
DA:90,27
DA:94,27
DA:96,27
DA:97,27
DA:98,27
DA:101,27
DA:102,27
DA:105,27
DA:106,27
DA:111,27
DA:112,27
DA:113,27
DA:114,27
DA:115,27
DA:116,27
DA:117,27
LF:72
LH:72
BRDA:19,1,0,147
BRDA:19,1,1,42
BRF:2
BRH:2
end_of_record
TN:
SF:/Users/kris/collections/spec/order.js
FN:5,describeOrder
FN:15,FakeArray
FN:19,(anonymous_3)
FN:27,(anonymous_4)
FN:29,(anonymous_5)
FN:34,(anonymous_6)
FN:38,(anonymous_7)
FN:44,(anonymous_8)
FN:46,(anonymous_9)
FN:52,(anonymous_10)
FN:56,(anonymous_11)
FN:60,(anonymous_12)
FN:64,(anonymous_13)
FN:68,(anonymous_14)
FN:72,(anonymous_15)
FN:76,(anonymous_16)
FN:80,(anonymous_17)
FN:86,(anonymous_18)
FN:88,(anonymous_19)
FN:94,(anonymous_20)
FN:96,(anonymous_21)
FN:102,(anonymous_22)
FN:104,(anonymous_23)
FN:108,(anonymous_24)
FN:114,(anonymous_25)
FN:129,(anonymous_26)
FN:130,(anonymous_27)
FN:137,(anonymous_28)
FN:147,(anonymous_29)
FN:148,(anonymous_30)
FN:155,(anonymous_31)
FN:157,(anonymous_32)
FN:163,(anonymous_33)
FN:165,(anonymous_34)
FN:171,(anonymous_35)
FN:173,(anonymous_36)
FN:182,(anonymous_37)
FN:184,(anonymous_38)
FN:190,(anonymous_39)
FN:192,(anonymous_40)
FN:207,(anonymous_41)
FN:209,(anonymous_42)
FN:213,(anonymous_43)
FN:219,(anonymous_44)
FN:221,(anonymous_45)
FN:225,(anonymous_46)
FN:229,(anonymous_47)
FN:235,(anonymous_48)
FN:239,(anonymous_49)
FN:246,(anonymous_50)
FN:251,(anonymous_51)
FN:257,(anonymous_52)
FNF:52
FNH:52
FNDA:3,describeOrder
FNDA:3,FakeArray
FNDA:27,(anonymous_3)
FNDA:3,(anonymous_4)
FNDA:3,(anonymous_5)
FNDA:3,(anonymous_6)
FNDA:3,(anonymous_7)
FNDA:3,(anonymous_8)
FNDA:3,(anonymous_9)
FNDA:3,(anonymous_10)
FNDA:3,(anonymous_11)
FNDA:3,(anonymous_12)
FNDA:3,(anonymous_13)
FNDA:3,(anonymous_14)
FNDA:3,(anonymous_15)
FNDA:3,(anonymous_16)
FNDA:3,(anonymous_17)
FNDA:3,(anonymous_18)
FNDA:3,(anonymous_19)
FNDA:3,(anonymous_20)
FNDA:3,(anonymous_21)
FNDA:3,(anonymous_22)
FNDA:3,(anonymous_23)
FNDA:3,(anonymous_24)
FNDA:3,(anonymous_25)
FNDA:30,(anonymous_26)
FNDA:30,(anonymous_27)
FNDA:3,(anonymous_28)
FNDA:15,(anonymous_29)
FNDA:15,(anonymous_30)
FNDA:3,(anonymous_31)
FNDA:3,(anonymous_32)
FNDA:3,(anonymous_33)
FNDA:3,(anonymous_34)
FNDA:3,(anonymous_35)
FNDA:3,(anonymous_36)
FNDA:3,(anonymous_37)
FNDA:3,(anonymous_38)
FNDA:3,(anonymous_39)
FNDA:3,(anonymous_40)
FNDA:3,(anonymous_41)
FNDA:3,(anonymous_42)
FNDA:3,(anonymous_43)
FNDA:3,(anonymous_44)
FNDA:3,(anonymous_45)
FNDA:3,(anonymous_46)
FNDA:3,(anonymous_47)
FNDA:3,(anonymous_48)
FNDA:3,(anonymous_49)
FNDA:3,(anonymous_50)
FNDA:3,(anonymous_51)
FNDA:3,(anonymous_52)
DA:2,1
DA:4,1
DA:5,1
DA:15,3
DA:16,3
DA:18,3
DA:19,3
DA:20,27
DA:21,27
DA:22,27
DA:23,27
DA:25,3
DA:27,3
DA:29,3
DA:30,3
DA:31,3
DA:34,3
DA:35,3
DA:38,3
DA:39,3
DA:44,3
DA:46,3
DA:47,3
DA:48,3
DA:52,3
DA:53,3
DA:56,3
DA:57,3
DA:60,3
DA:61,3
DA:64,3
DA:65,3
DA:68,3
DA:69,3
DA:72,3
DA:73,3
DA:76,3
DA:77,3
DA:80,3
DA:81,3
DA:86,3
DA:88,3
DA:89,3
DA:94,3
DA:96,3
DA:97,3
DA:102,3
DA:104,3
DA:105,3
DA:108,3
DA:109,3
DA:114,3
DA:116,3
DA:129,3
DA:130,30
DA:131,30
DA:137,3
DA:139,3
DA:147,3
DA:148,15
DA:149,15
DA:155,3
DA:157,3
DA:158,3
DA:163,3
DA:165,3
DA:166,3
DA:171,3
DA:173,3
DA:174,3
DA:182,3
DA:184,3
DA:185,3
DA:190,3
DA:192,3
DA:193,3
DA:197,3
DA:207,3
DA:209,3
DA:210,3
DA:213,3
DA:214,3
DA:219,3
DA:221,3
DA:222,3
DA:225,3
DA:226,3
DA:229,3
DA:230,3
DA:235,3
DA:239,3
DA:240,3
DA:241,3
DA:242,3
DA:243,3
DA:246,3
DA:247,3
DA:248,3
DA:251,3
DA:252,3
DA:253,3
DA:254,3
DA:257,3
DA:258,3
DA:259,3
DA:260,3
DA:261,3
LF:107
LH:107
BRF:0
BRH:0
end_of_record
TN:
SF:/Users/kris/collections/spec/listen/map-changes.js
FN:3,describeMapChanges
FN:5,(anonymous_2)
FN:8,(anonymous_3)
FN:11,(anonymous_4)
FN:21,(anonymous_5)
FN:24,(anonymous_6)
FN:27,(anonymous_7)
FN:37,(anonymous_8)
FN:44,(anonymous_9)
FN:47,(anonymous_10)
FNF:10
FNH:10
FNDA:7,describeMapChanges
FNDA:7,(anonymous_2)
FNDA:7,(anonymous_3)
FNDA:7,(anonymous_4)
FNDA:7,(anonymous_5)
FNDA:7,(anonymous_6)
FNDA:7,(anonymous_7)
FNDA:7,(anonymous_8)
FNDA:6,(anonymous_9)
FNDA:6,(anonymous_10)
DA:2,1
DA:3,1
DA:5,7
DA:6,7
DA:7,7
DA:8,7
DA:9,7
DA:11,7
DA:12,7
DA:14,7
DA:15,7
DA:21,7
DA:22,7
DA:23,7
DA:24,7
DA:25,7
DA:27,7
DA:28,7
DA:30,7
DA:31,7
DA:37,7
DA:38,7
DA:40,7
DA:41,1
DA:43,6
DA:44,6
DA:45,6
DA:47,6
DA:48,6
DA:50,6
DA:51,6
LF:31
LH:31
BRDA:40,1,0,1
BRDA:40,1,1,6
BRF:2
BRH:2
end_of_record
TN:
SF:/Users/kris/collections/spec/clone-spec.js
FN:5,(anonymous_1)
FN:7,(anonymous_2)
FNF:2
FNH:2
FNDA:1,(anonymous_1)
FNDA:1,(anonymous_2)
DA:2,1
DA:3,1
DA:5,1
DA:7,1
DA:8,1
DA:9,1
DA:12,1
DA:13,1
DA:15,1
DA:16,1
DA:17,1
DA:18,1
LF:12
LH:12
BRF:0
BRH:0
end_of_record
TN:
SF:/Users/kris/collections/set.js
FN:13,Set
FN:30,(anonymous_2)
FN:33,(anonymous_3)
FN:49,(anonymous_4)
FN:53,(anonymous_5)
FN:58,(anonymous_6)
FN:68,(anonymous_7)
FN:86,(anonymous_8)
FN:104,(anonymous_9)
FN:112,(anonymous_10)
FN:120,(anonymous_11)
FN:126,(anonymous_12)
FN:132,(anonymous_13)
FN:136,(anonymous_14)
FN:141,(anonymous_15)
FN:145,(anonymous_16)
FN:150,(anonymous_17)
FN:154,(anonymous_18)
FNF:18
FNH:15
FNDA:345,Set
FNDA:1432,(anonymous_2)
FNDA:3962,(anonymous_3)
FNDA:29,(anonymous_4)
FNDA:858,(anonymous_5)
FNDA:459,(anonymous_6)
FNDA:960,(anonymous_7)
FNDA:259,(anonymous_8)
FNDA:1,(anonymous_9)
FNDA:1,(anonymous_10)
FNDA:31,(anonymous_11)
FNDA:15,(anonymous_12)
FNDA:216,(anonymous_13)
FNDA:485,(anonymous_14)
FNDA:0,(anonymous_15)
FNDA:0,(anonymous_16)
FNDA:4,(anonymous_17)
FNDA:0,(anonymous_18)
DA:1,1
DA:3,1
DA:4,1
DA:5,1
DA:6,1
DA:7,1
DA:8,1
DA:9,1
DA:11,1
DA:13,1
DA:14,345
DA:15,49
DA:17,296
DA:18,296
DA:19,296
DA:20,296
DA:21,296
DA:22,296
DA:25,296
DA:28,296
DA:31,1432
DA:34,3962
DA:37,296
DA:38,296
DA:41,1
DA:42,1
DA:43,1
DA:44,1
DA:46,1
DA:47,1
DA:49,1
DA:50,29
DA:53,1
DA:54,858
DA:55,858
DA:58,1
DA:59,459
DA:60,459
DA:61,459
DA:62,267
DA:64,192
DA:68,1
DA:69,960
DA:70,960
DA:71,922
DA:72,0
DA:74,922
DA:75,922
DA:76,922
DA:77,922
DA:78,922
DA:79,0
DA:81,922
DA:83,38
DA:86,1
DA:87,259
DA:88,259
DA:89,252
DA:90,0
DA:92,252
DA:93,252
DA:94,252
DA:95,252
DA:96,252
DA:97,0
DA:99,252
DA:101,7
DA:104,1
DA:105,1
DA:106,1
DA:107,1
DA:108,1
DA:112,1
DA:113,1
DA:114,1
DA:115,1
DA:116,1
DA:120,1
DA:121,31
DA:122,26
DA:126,1
DA:127,15
DA:128,15
DA:129,15
DA:132,1
DA:133,216
DA:134,216
DA:135,216
DA:136,216
DA:137,485
DA:141,1
DA:142,0
DA:143,0
DA:144,0
DA:145,0
DA:146,0
DA:150,1
DA:151,4
DA:154,1
DA:155,0
DA:156,0
LF:101
LH:90
BRDA:14,1,0,49
BRDA:14,1,1,296
BRDA:17,2,0,296
BRDA:17,2,1,87
BRDA:18,3,0,296
BRDA:18,3,1,101
BRDA:19,4,0,296
BRDA:19,4,1,267
BRDA:61,5,0,267
BRDA:61,5,1,192
BRDA:70,6,0,922
BRDA:70,6,1,38
BRDA:71,7,0,0
BRDA:71,7,1,922
BRDA:78,8,0,0
BRDA:78,8,1,922
BRDA:88,9,0,252
BRDA:88,9,1,7
BRDA:89,10,0,0
BRDA:89,10,1,252
BRDA:96,11,0,0
BRDA:96,11,1,252
BRDA:105,12,0,1
BRDA:105,12,1,0
BRDA:113,13,0,1
BRDA:113,13,1,0
BRDA:121,14,0,26
BRDA:121,14,1,5
BRF:28
BRH:22
end_of_record
TN:
SF:/Users/kris/collections/fast-set.js
FN:15,FastSet
FN:37,(anonymous_2)
FN:46,(anonymous_3)
FN:51,(anonymous_4)
FN:61,(anonymous_5)
FN:77,(anonymous_6)
FN:82,(anonymous_7)
FN:96,(anonymous_8)
FN:100,(anonymous_9)
FN:101,(anonymous_10)
FN:107,(anonymous_11)
FN:113,(anonymous_12)
FN:117,(anonymous_13)
FN:128,(anonymous_14)
FN:143,(anonymous_15)
FN:155,(anonymous_16)
FN:163,(anonymous_17)
FN:171,(anonymous_18)
FN:174,(anonymous_19)
FNF:19
FNH:19
FNDA:473,FastSet
FNDA:28,(anonymous_2)
FNDA:2264,(anonymous_3)
FNDA:911,(anonymous_4)
FNDA:299,(anonymous_5)
FNDA:22,(anonymous_6)
FNDA:1339,(anonymous_7)
FNDA:105,(anonymous_8)
FNDA:246,(anonymous_9)
FNDA:246,(anonymous_10)
FNDA:38,(anonymous_11)
FNDA:3,(anonymous_12)
FNDA:4,(anonymous_13)
FNDA:7,(anonymous_14)
FNDA:11,(anonymous_15)
FNDA:17,(anonymous_16)
FNDA:2,(anonymous_17)
FNDA:5,(anonymous_18)
FNDA:6,(anonymous_19)
DA:1,1
DA:3,1
DA:4,1
DA:5,1
DA:6,1
DA:7,1
DA:8,1
DA:9,1
DA:11,1
DA:13,1
DA:15,1
DA:16,473
DA:17,34
DA:19,439
DA:20,439
DA:21,439
DA:22,439
DA:23,439
DA:24,439
DA:25,439
DA:26,439
DA:27,439
DA:30,1
DA:31,1
DA:32,1
DA:34,1
DA:35,1
DA:37,1
DA:38,28
DA:46,1
DA:47,2264
DA:48,2264
DA:51,1
DA:52,911
DA:53,911
DA:54,911
DA:55,635
DA:57,276
DA:61,1
DA:62,299
DA:63,299
DA:64,299
DA:65,293
DA:66,293
DA:67,293
DA:68,293
DA:69,293
DA:71,293
DA:74,6
DA:77,1
DA:78,22
DA:79,22
DA:82,1
DA:83,1339
DA:84,1339
DA:85,1339
DA:86,1296
DA:88,1339
DA:89,1301
DA:90,1301
DA:91,1301
DA:93,38
DA:96,1
DA:97,105
DA:98,105
DA:99,105
DA:100,105
DA:101,246
DA:102,246
DA:107,1
DA:108,38
DA:109,34
DA:113,1
DA:114,3
DA:117,1
DA:118,4
DA:119,4
DA:120,4
DA:121,0
DA:122,0
DA:124,4
DA:126,4
DA:127,4
DA:128,4
DA:129,7
DA:130,7
DA:131,7
DA:132,4
DA:133,4
DA:134,3
DA:135,2
DA:136,2
DA:138,1
DA:139,1
DA:141,7
DA:142,7
DA:143,7
DA:144,11
DA:145,11
DA:146,7
DA:147,7
DA:149,4
DA:150,4
DA:152,11
DA:153,11
DA:156,17
DA:157,11
DA:158,11
DA:160,6
DA:164,2
DA:171,1
DA:172,5
DA:173,5
DA:174,2
DA:175,6
DA:178,3
LF:116
LH:114
BRDA:16,1,0,34
BRDA:16,1,1,439
BRDA:19,2,0,439
BRDA:19,2,1,93
BRDA:20,3,0,439
BRDA:20,3,1,93
BRDA:21,4,0,439
BRDA:21,4,1,411
BRDA:54,5,0,635
BRDA:54,5,1,276
BRDA:64,6,0,293
BRDA:64,6,1,6
BRDA:66,7,0,293
BRDA:66,7,1,0
BRDA:68,8,0,293
BRDA:68,8,1,0
BRDA:85,9,0,1296
BRDA:85,9,1,43
BRDA:88,10,0,1301
BRDA:88,10,1,38
BRDA:108,11,0,34
BRDA:108,11,1,4
BRDA:118,12,0,4
BRDA:118,12,1,0
BRDA:119,13,0,4
BRDA:119,13,1,2
BRDA:120,14,0,0
BRDA:120,14,1,4
BRDA:131,15,0,4
BRDA:131,15,1,3
BRDA:134,16,0,2
BRDA:134,16,1,1
BRDA:145,17,0,7
BRDA:145,17,1,4
BRDA:156,18,0,11
BRDA:156,18,1,6
BRDA:173,19,0,2
BRDA:173,19,1,3
BRF:38
BRH:34
end_of_record
TN:
SF:/Users/kris/collections/generic-set.js
FN:3,GenericSet
FN:7,(anonymous_2)
FN:13,(anonymous_3)
FN:14,(anonymous_4)
FN:19,(anonymous_5)
FN:25,(anonymous_6)
FN:31,(anonymous_7)
FN:36,(anonymous_8)
FN:44,(anonymous_9)
FN:48,(anonymous_10)
FN:52,(anonymous_11)
FNF:11
FNH:7
FNDA:0,GenericSet
FNDA:40,(anonymous_2)
FNDA:30,(anonymous_3)
FNDA:90,(anonymous_4)
FNDA:30,(anonymous_5)
FNDA:10,(anonymous_6)
FNDA:12,(anonymous_7)
FNDA:42,(anonymous_8)
FNDA:0,(anonymous_9)
FNDA:0,(anonymous_10)
FNDA:0,(anonymous_11)
DA:2,1
DA:3,1
DA:4,0
DA:7,1
DA:8,40
DA:9,40
DA:10,40
DA:13,1
DA:14,30
DA:15,90
DA:19,1
DA:20,30
DA:21,30
DA:22,30
DA:25,1
DA:26,10
DA:27,10
DA:28,10
DA:31,1
DA:32,12
DA:33,12
DA:37,42
DA:44,1
DA:45,0
DA:48,1
DA:49,0
DA:52,1
DA:53,0
DA:54,0
DA:56,0
LF:30
LH:24
BRDA:34,1,0,12
BRDA:34,1,1,12
BRDA:34,1,2,12
BRDA:37,2,0,42
BRDA:37,2,1,42
BRDA:53,3,0,0
BRDA:53,3,1,0
BRF:7
BRH:5
end_of_record
TN:
SF:/Users/kris/collections/tree-log.js
FN:5,TreeLog
FNF:1
FNH:0
FNDA:0,TreeLog
DA:1,1
DA:3,1
DA:5,1
DA:8,1
DA:19,1
DA:30,1
LF:6
LH:6
BRF:0
BRH:0
end_of_record
TN:
SF:/Users/kris/collections/map.js
FN:11,Map
FN:23,keysEqual
FN:26,keyHash
FN:38,(anonymous_4)
FN:47,(anonymous_5)
FN:49,(anonymous_6)
FN:54,(anonymous_7)
FNF:7
FNH:4
FNDA:52,Map
FNDA:77,keysEqual
FNDA:250,keyHash
FNDA:2,(anonymous_4)
FNDA:0,(anonymous_5)
FNDA:0,(anonymous_6)
FNDA:0,(anonymous_7)
DA:1,1
DA:3,1
DA:4,1
DA:5,1
DA:6,1
DA:7,1
DA:9,1
DA:11,1
DA:12,52
DA:13,25
DA:15,27
DA:16,27
DA:17,27
DA:18,27
DA:19,27
DA:20,27
DA:21,27
DA:24,77
DA:27,250
DA:30,27
DA:31,27
DA:34,1
DA:35,1
DA:36,1
DA:38,1
DA:39,2
DA:47,1
DA:48,0
DA:49,0
DA:50,0
DA:54,1
DA:55,0
DA:56,0
LF:33
LH:28
BRDA:12,1,0,25
BRDA:12,1,1,27
BRDA:15,2,0,27
BRDA:15,2,1,25
BRDA:16,3,0,27
BRDA:16,3,1,25
BRDA:17,4,0,27
BRDA:17,4,1,25
BRDA:48,5,0,0
BRDA:48,5,1,0
BRF:10
BRH:8
end_of_record
TN:
SF:/Users/kris/collections/spec/dict-spec.js
FN:5,(anonymous_1)
FN:8,(anonymous_2)
FN:10,(anonymous_3)
FN:13,(anonymous_4)
FN:16,(anonymous_5)
FN:19,(anonymous_6)
FNF:6
FNH:6
FNDA:1,(anonymous_1)
FNDA:1,(anonymous_2)
FNDA:1,(anonymous_3)
FNDA:1,(anonymous_4)
FNDA:1,(anonymous_5)
FNDA:1,(anonymous_6)
DA:2,1
DA:3,1
DA:5,1
DA:6,1
DA:8,1
DA:9,1
DA:10,1
DA:11,1
DA:13,1
DA:14,1
DA:16,1
DA:17,1
DA:19,1
DA:20,1
LF:14
LH:14
BRF:0
BRH:0
end_of_record
TN:
SF:/Users/kris/collections/spec/dict.js
FN:4,describeDict
FN:6,(anonymous_2)
FN:11,(anonymous_3)
FN:16,(anonymous_4)
FN:21,(anonymous_5)
FN:22,(anonymous_6)
FN:30,(anonymous_7)
FN:39,(anonymous_8)
FN:50,shouldHaveTheUsualContent
FN:65,(anonymous_10)
FN:68,(anonymous_11)
FNF:11
FNH:11
FNDA:6,describeDict
FNDA:6,(anonymous_2)
FNDA:6,(anonymous_3)
FNDA:6,(anonymous_4)
FNDA:6,(anonymous_5)
FNDA:6,(anonymous_6)
FNDA:6,(anonymous_7)
FNDA:6,(anonymous_8)
FNDA:24,shouldHaveTheUsualContent
FNDA:48,(anonymous_10)
FNDA:48,(anonymous_11)
DA:3,1
DA:4,1
DA:6,6
DA:7,6
DA:8,6
DA:11,6
DA:12,6
DA:13,6
DA:16,6
DA:17,6
DA:18,6
DA:21,6
DA:22,6
DA:23,6
DA:24,6
DA:25,6
DA:26,6
DA:30,6
DA:31,6
DA:32,6
DA:33,6
DA:34,6
DA:35,6
DA:36,6
DA:39,6
DA:40,6
DA:41,6
DA:42,6
DA:43,6
DA:44,6
DA:45,6
DA:50,1
DA:51,24
DA:52,24
DA:53,24
DA:54,24
DA:55,24
DA:57,24
DA:58,24
DA:59,24
DA:60,24
DA:62,24
DA:63,24
DA:64,24
DA:65,24
DA:66,48
DA:68,24
DA:69,48
DA:70,48
DA:72,24
LF:50
LH:50
BRF:0
BRH:0
end_of_record
TN:
SF:/Users/kris/collections/spec/fast-map-spec.js
FN:6,(anonymous_1)
FNF:1
FNH:1
FNDA:1,(anonymous_1)
DA:2,1
DA:3,1
DA:4,1
DA:6,1
DA:7,1
DA:8,1
LF:6
LH:6
BRF:0
BRH:0
end_of_record
TN:
SF:/Users/kris/collections/fast-map.js
FN:11,FastMap
FN:23,keysEqual
FN:26,keyHash
FN:38,(anonymous_4)
FN:47,(anonymous_5)
FN:52,(anonymous_6)
FNF:6
FNH:4
FNDA:43,FastMap
FNDA:56,keysEqual
FNDA:172,keyHash
FNDA:1,(anonymous_4)
FNDA:0,(anonymous_5)
FNDA:0,(anonymous_6)
DA:1,1
DA:3,1
DA:4,1
DA:5,1
DA:6,1
DA:7,1
DA:9,1
DA:11,1
DA:12,43
DA:13,21
DA:15,22
DA:16,22
DA:17,22
DA:18,22
DA:19,22
DA:20,22
DA:21,22
DA:24,56
DA:27,172
DA:30,22
DA:31,22
DA:34,1
DA:35,1
DA:36,1
DA:38,1
DA:39,1
DA:47,1
DA:48,0
DA:49,0
DA:52,1
DA:53,0
LF:31
LH:28
BRDA:12,1,0,21
BRDA:12,1,1,22
BRDA:15,2,0,22
BRDA:15,2,1,21
BRDA:16,3,0,22
BRDA:16,3,1,21
BRDA:17,4,0,22
BRDA:17,4,1,21
BRDA:48,5,0,0
BRDA:48,5,1,0
BRF:10
BRH:8
end_of_record
TN:
SF:/Users/kris/collections/spec/map.js
FN:7,describeMap
FN:16,shouldHaveTheUsualContent
FN:28,(anonymous_3)
FN:37,(anonymous_4)
FN:42,(anonymous_5)
FN:44,(anonymous_6)
FN:52,(anonymous_7)
FN:53,(anonymous_8)
FN:60,(anonymous_9)
FN:61,(anonymous_10)
FN:71,(anonymous_11)
FN:81,(anonymous_12)
FNF:12
FNH:12
FNDA:4,describeMap
FNDA:12,shouldHaveTheUsualContent
FNDA:24,(anonymous_3)
FNDA:4,(anonymous_4)
FNDA:4,(anonymous_5)
FNDA:4,(anonymous_6)
FNDA:4,(anonymous_7)
FNDA:4,(anonymous_8)
FNDA:4,(anonymous_9)
FNDA:4,(anonymous_10)
FNDA:4,(anonymous_11)
FNDA:4,(anonymous_12)
DA:4,1
DA:6,1
DA:7,1
DA:9,4
DA:11,4
DA:12,4
DA:13,4
DA:14,4
DA:16,4
DA:17,12
DA:18,12
DA:19,12
DA:20,12
DA:21,12
DA:22,12
DA:23,12
DA:24,12
DA:25,12
DA:26,12
DA:27,12
DA:28,12
DA:29,24
DA:30,24
DA:37,4
DA:38,4
DA:39,4
DA:42,4
DA:43,4
DA:45,4
DA:46,4
DA:49,4
DA:52,4
DA:53,4
DA:54,4
DA:55,4
DA:56,4
DA:60,4
DA:61,4
DA:62,4
DA:63,4
DA:64,4
DA:65,4
DA:66,4
DA:67,4
DA:71,4
DA:72,4
DA:73,4
DA:74,4
DA:75,4
DA:76,4
DA:77,4
DA:78,4
DA:81,4
DA:82,4
DA:83,4
DA:84,4
DA:85,4
LF:57
LH:57
BRDA:11,1,0,4
BRDA:11,1,1,3
BRDA:12,2,0,4
BRDA:12,2,1,3
BRDA:13,3,0,4
BRDA:13,3,1,3
BRDA:14,4,0,4
BRDA:14,4,1,3
BRF:8
BRH:8
end_of_record
TN:
SF:/Users/kris/collections/spec/fast-set-spec.js
FN:10,(anonymous_1)
FN:33,newSet
FN:37,(anonymous_3)
FN:43,(anonymous_4)
FN:44,Item
FN:49,(anonymous_6)
FN:63,(anonymous_7)
FN:66,(anonymous_8)
FN:73,(anonymous_9)
FN:80,(anonymous_10)
FN:94,(anonymous_11)
FN:95,Type
FN:98,(anonymous_13)
FN:108,(anonymous_14)
FN:121,(anonymous_15)
FN:122,Type
FN:125,(anonymous_17)
FN:145,(anonymous_18)
FN:146,Type
FN:149,(anonymous_20)
FN:157,(anonymous_21)
FN:170,(anonymous_22)
FN:171,(anonymous_23)
FNF:23
FNH:23
FNDA:1,(anonymous_1)
FNDA:43,newSet
FNDA:2,(anonymous_3)
FNDA:1,(anonymous_4)
FNDA:4,Item
FNDA:4,(anonymous_6)
FNDA:1,(anonymous_7)
FNDA:6,(anonymous_8)
FNDA:1,(anonymous_9)
FNDA:1,(anonymous_10)
FNDA:1,(anonymous_11)
FNDA:4,Type
FNDA:4,(anonymous_13)
FNDA:4,(anonymous_14)
FNDA:1,(anonymous_15)
FNDA:2,Type
FNDA:2,(anonymous_17)
FNDA:1,(anonymous_18)
FNDA:2,Type
FNDA:2,(anonymous_20)
FNDA:2,(anonymous_21)
FNDA:7,(anonymous_22)
FNDA:7,(anonymous_23)
DA:1,1
DA:3,1
DA:4,1
DA:5,1
DA:7,1
DA:8,1
DA:10,1
DA:33,1
DA:34,43
DA:37,1
DA:38,2
DA:39,2
DA:40,2
DA:43,1
DA:44,1
DA:45,4
DA:46,4
DA:49,1
DA:50,4
DA:53,1
DA:54,1
DA:55,1
DA:56,1
DA:57,1
DA:59,1
DA:63,1
DA:64,1
DA:65,1
DA:66,1
DA:67,6
DA:68,6
DA:70,1
DA:73,1
DA:74,1
DA:75,1
DA:76,1
DA:77,1
DA:80,1
DA:81,1
DA:82,1
DA:83,1
DA:84,1
DA:94,1
DA:95,1
DA:96,4
DA:98,1
DA:99,4
DA:101,1
DA:107,1
DA:108,1
DA:109,4
DA:111,1
DA:121,1
DA:122,1
DA:123,2
DA:125,1
DA:126,2
DA:128,1
DA:132,1
DA:133,1
DA:134,1
DA:145,1
DA:146,1
DA:147,2
DA:149,1
DA:150,2
DA:152,1
DA:156,1
DA:157,1
DA:158,2
DA:159,2
DA:160,2
DA:162,1
DA:171,7
DA:172,7
LF:75
LH:75
BRF:0
BRH:0
end_of_record
TN:
SF:/Users/kris/collections/iterator.js
FN:9,Iterator
FN:23,(anonymous_2)
FN:28,(anonymous_3)
FN:61,(anonymous_4)
FN:67,(anonymous_5)
FN:75,(anonymous_6)
FN:80,(anonymous_7)
FN:88,(anonymous_8)
FN:98,(anonymous_9)
FN:146,(anonymous_10)
FN:152,(anonymous_11)
FN:161,(anonymous_12)
FN:176,(anonymous_13)
FN:183,(anonymous_14)
FN:190,(anonymous_15)
FN:196,(anonymous_16)
FN:201,(anonymous_17)
FN:204,(anonymous_18)
FN:222,(anonymous_19)
FN:226,(anonymous_20)
FN:229,(anonymous_21)
FN:248,(anonymous_22)
FN:250,(anonymous_23)
FN:253,(anonymous_24)
FN:269,(anonymous_25)
FN:273,(anonymous_26)
FN:275,(anonymous_27)
FN:293,(anonymous_28)
FN:299,(anonymous_29)
FN:305,(anonymous_30)
FN:315,(anonymous_31)
FN:324,(anonymous_32)
FN:328,(anonymous_33)
FN:329,(anonymous_34)
FN:336,(anonymous_35)
FN:344,(anonymous_36)
FN:345,(anonymous_37)
FN:359,ReturnValue
FNF:38
FNH:38
FNDA:769,Iterator
FNDA:10,(anonymous_2)
FNDA:57,(anonymous_3)
FNDA:4,(anonymous_4)
FNDA:16,(anonymous_5)
FNDA:65,(anonymous_6)
FNDA:4,(anonymous_7)
FNDA:16,(anonymous_8)
FNDA:89,(anonymous_9)
FNDA:6,(anonymous_10)
FNDA:4,(anonymous_11)
FNDA:24,(anonymous_12)
FNDA:4,(anonymous_13)
FNDA:14,(anonymous_14)
FNDA:6,(anonymous_15)
FNDA:2,(anonymous_16)
FNDA:140,(anonymous_17)
FNDA:518,(anonymous_18)
FNDA:4,(anonymous_19)
FNDA:6,(anonymous_20)
FNDA:42,(anonymous_21)
FNDA:8,(anonymous_22)
FNDA:8,(anonymous_23)
FNDA:48,(anonymous_24)
FNDA:8,(anonymous_25)
FNDA:26,(anonymous_26)
FNDA:66,(anonymous_27)
FNDA:1,(anonymous_28)
FNDA:1,(anonymous_29)
FNDA:4,(anonymous_30)
FNDA:21,(anonymous_31)
FNDA:2,(anonymous_32)
FNDA:2,(anonymous_33)
FNDA:13,(anonymous_34)
FNDA:137,(anonymous_35)
FNDA:1,(anonymous_36)
FNDA:94130,(anonymous_37)
FNDA:8,ReturnValue
DA:1,1
DA:3,1
DA:5,1
DA:6,1
DA:9,1
DA:11,769
DA:12,251
DA:15,518
DA:16,128
DA:18,390
DA:20,390
DA:21,159
DA:22,231
DA:23,2
DA:24,10
DA:26,229
DA:27,13
DA:28,13
DA:29,57
DA:31,216
DA:32,210
DA:34,6
DA:39,1
DA:40,1
DA:41,1
DA:42,1
DA:43,1
DA:44,1
DA:45,1
DA:46,1
DA:47,1
DA:48,1
DA:49,1
DA:50,1
DA:51,1
DA:52,1
DA:53,1
DA:54,1
DA:55,1
DA:56,1
DA:57,1
DA:61,1
DA:62,4
DA:63,4
DA:64,4
DA:67,1
DA:68,16
DA:72,16
DA:73,0
DA:75,16
DA:76,65
DA:80,1
DA:81,4
DA:85,4
DA:86,0
DA:88,4
DA:89,16
DA:90,16
DA:91,24
DA:92,24
DA:93,16
DA:98,1
DA:99,89
DA:105,89
DA:106,0
DA:109,89
DA:110,89
DA:111,89
DA:112,89
DA:114,0
DA:116,87
DA:118,2
DA:119,2
DA:120,2
DA:122,0
DA:125,0
DA:130,87
DA:131,87
DA:132,272
DA:133,187
DA:134,185
DA:137,87
DA:138,87
DA:140,0
DA:146,1
DA:147,6
DA:152,1
DA:153,4
DA:158,4
DA:159,0
DA:161,4
DA:162,24
DA:163,4
DA:164,4
DA:165,4
DA:169,4
DA:170,4
DA:172,0
DA:176,1
DA:177,4
DA:180,4
DA:181,0
DA:183,4
DA:184,14
DA:185,2
DA:186,12
DA:190,1
DA:191,6
DA:196,1
DA:197,2
DA:201,1
DA:202,140
DA:203,140
DA:204,140
DA:206,518
DA:207,502
DA:209,2124
DA:210,128
DA:211,1996
DA:213,16
DA:214,6
DA:216,384
DA:217,384
DA:218,384
DA:222,1
DA:223,4
DA:224,1
DA:226,4
DA:227,6
DA:229,4
DA:230,42
DA:231,42
DA:232,42
DA:234,18
DA:235,18
DA:236,6
DA:237,12
DA:238,12
DA:239,12
DA:240,12
DA:242,0
DA:248,1
DA:249,8
DA:250,8
DA:251,8
DA:253,8
DA:254,48
DA:255,48
DA:256,48
DA:258,24
DA:259,24
DA:260,18
DA:261,18
DA:263,0
DA:269,1
DA:270,8
DA:271,8
DA:272,0
DA:273,8
DA:274,26
DA:275,26
DA:276,66
DA:277,66
DA:279,6
DA:280,6
DA:282,0
DA:286,26
DA:287,4
DA:289,22
DA:293,1
DA:294,1
DA:299,1
DA:300,1
DA:305,1
DA:306,4
DA:307,2
DA:309,4
DA:310,2
DA:311,2
DA:313,4
DA:314,4
DA:315,4
DA:316,21
DA:317,2
DA:318,19
DA:319,19
DA:320,19
DA:324,1
DA:325,2
DA:328,1
DA:329,2
DA:330,13
DA:335,1
DA:336,1
DA:337,137
DA:342,1
DA:343,1
DA:344,1
DA:345,1
DA:346,94130
DA:350,137
DA:352,93993
DA:358,1
DA:359,1
DA:360,8
DA:361,8
DA:362,8
DA:364,8
DA:365,0
DA:366,8
DA:368,1
LF:211
LH:196
BRDA:11,1,0,251
BRDA:11,1,1,518
BRDA:15,2,0,128
BRDA:15,2,1,390
BRDA:15,3,0,518
BRDA:15,3,1,394
BRDA:20,4,0,159
BRDA:20,4,1,231
BRDA:22,5,0,2
BRDA:22,5,1,229
BRDA:26,6,0,13
BRDA:26,6,1,216
BRDA:31,7,0,210
BRDA:31,7,1,6
BRDA:72,8,0,0
BRDA:72,8,1,16
BRDA:85,9,0,0
BRDA:85,9,1,4
BRDA:92,10,0,16
BRDA:92,10,1,8
BRDA:105,11,0,0
BRDA:105,11,1,89
BRDA:111,12,0,89
BRDA:111,12,1,0
BRDA:118,13,0,2
BRDA:118,13,1,0
BRDA:119,14,0,2
BRDA:119,14,1,0
BRDA:137,15,0,87
BRDA:137,15,1,0
BRDA:158,16,0,0
BRDA:158,16,1,4
BRDA:162,17,0,4
BRDA:162,17,1,20
BRDA:169,18,0,4
BRDA:169,18,1,0
BRDA:180,19,0,0
BRDA:180,19,1,4
BRDA:184,20,0,2
BRDA:184,20,1,12
BRDA:206,21,0,502
BRDA:206,21,1,16
BRDA:209,22,0,128
BRDA:209,22,1,1996
BRDA:213,23,0,6
BRDA:213,23,1,10
BRDA:223,24,0,1
BRDA:223,24,1,3
BRDA:234,25,0,18
BRDA:234,25,1,0
BRDA:235,26,0,6
BRDA:235,26,1,12
BRDA:258,27,0,24
BRDA:258,27,1,0
BRDA:271,28,0,0
BRDA:271,28,1,8
BRDA:279,29,0,6
BRDA:279,29,1,0
BRDA:286,30,0,4
BRDA:286,30,1,22
BRDA:306,31,0,2
BRDA:306,31,1,2
BRDA:309,32,0,2
BRDA:309,32,1,2
BRDA:313,33,0,4
BRDA:313,33,1,4
BRDA:314,34,0,4
BRDA:314,34,1,2
BRDA:316,35,0,2
BRDA:316,35,1,19
BRDA:335,36,0,1
BRDA:335,36,1,0
BRDA:342,37,0,1
BRDA:342,37,1,0
BRDA:346,38,0,137
BRDA:346,38,1,93993
BRDA:347,39,0,94130
BRDA:347,39,1,93993
BRDA:358,40,0,1
BRDA:358,40,1,0
BRDA:361,41,0,8
BRDA:361,41,1,0
BRDA:364,42,0,0
BRDA:364,42,1,8
BRF:84
BRH:65
end_of_record
TN:
SF:/Users/kris/collections/spec/set.js
FN:5,describeSet
FN:7,(anonymous_2)
FN:12,(anonymous_3)
FN:13,(anonymous_4)
FN:17,(anonymous_5)
FN:29,(anonymous_6)
FN:33,(anonymous_7)
FN:42,(anonymous_8)
FN:52,(anonymous_9)
FN:66,(anonymous_10)
FN:81,(anonymous_11)
FN:86,(anonymous_12)
FN:93,(anonymous_13)
FN:98,(anonymous_14)
FN:104,(anonymous_15)
FN:110,(anonymous_16)
FN:115,(anonymous_17)
FN:119,(anonymous_18)
FN:123,(anonymous_19)
FNF:19
FNH:19
FNDA:10,describeSet
FNDA:10,(anonymous_2)
FNDA:10,(anonymous_3)
FNDA:10,(anonymous_4)
FNDA:30,(anonymous_5)
FNDA:10,(anonymous_6)
FNDA:10,(anonymous_7)
FNDA:10,(anonymous_8)
FNDA:10,(anonymous_9)
FNDA:10,(anonymous_10)
FNDA:10,(anonymous_11)
FNDA:10,(anonymous_12)
FNDA:20,(anonymous_13)
FNDA:10,(anonymous_14)
FNDA:10,(anonymous_15)
FNDA:10,(anonymous_16)
FNDA:10,(anonymous_17)
FNDA:10,(anonymous_18)
FNDA:10,(anonymous_19)
DA:2,1
DA:4,1
DA:5,1
DA:7,10
DA:8,10
DA:9,10
DA:12,10
DA:13,10
DA:14,10
DA:15,10
DA:16,10
DA:17,10
DA:18,30
DA:19,30
DA:20,30
DA:22,10
DA:23,10
DA:24,10
DA:25,10
DA:29,10
DA:30,10
DA:33,10
DA:34,10
DA:35,10
DA:36,10
DA:37,10
DA:38,10
DA:39,10
DA:42,10
DA:43,10
DA:44,10
DA:45,10
DA:46,10
DA:47,10
DA:48,10
DA:49,10
DA:52,10
DA:53,10
DA:54,10
DA:55,10
DA:56,10
DA:57,10
DA:58,10
DA:59,10
DA:60,10
DA:61,10
DA:62,10
DA:63,10
DA:66,10
DA:67,10
DA:68,10
DA:69,10
DA:70,10
DA:71,10
DA:72,10
DA:73,10
DA:74,10
DA:75,10
DA:76,10
DA:77,10
DA:78,10
DA:81,10
DA:82,10
DA:83,10
DA:86,10
DA:87,10
DA:88,10
DA:89,10
DA:90,10
DA:91,10
DA:92,10
DA:93,10
DA:94,20
DA:98,10
DA:99,10
DA:100,10
DA:101,10
DA:104,10
DA:105,10
DA:106,10
DA:107,10
DA:110,10
DA:111,10
DA:112,10
DA:115,10
DA:116,10
DA:119,10
DA:120,10
DA:123,10
DA:124,10
LF:90
LH:90
BRF:0
BRH:0
end_of_record
TN:
SF:/Users/kris/collections/spec/heap-spec.js
FN:5,(anonymous_1)
FN:7,(anonymous_2)
FN:10,(anonymous_3)
FN:11,(anonymous_4)
FN:28,(anonymous_5)
FN:52,(anonymous_6)
FN:56,(anonymous_7)
FN:76,(anonymous_8)
FNF:8
FNH:8
FNDA:1,(anonymous_1)
FNDA:1,(anonymous_2)
FNDA:120,(anonymous_3)
FNDA:120,(anonymous_4)
FNDA:1,(anonymous_5)
FNDA:1,(anonymous_6)
FNDA:17,(anonymous_7)
FNDA:1,(anonymous_8)
DA:2,1
DA:3,1
DA:5,1
DA:7,1
DA:9,1
DA:10,1
DA:11,120
DA:13,120
DA:14,120
DA:16,120
DA:17,600
DA:18,600
DA:19,600
DA:20,600
DA:23,120
DA:28,1
DA:29,1
DA:30,1
DA:31,1
DA:32,1
DA:33,1
DA:34,1
DA:35,1
DA:36,1
DA:37,1
DA:38,1
DA:39,1
DA:40,1
DA:41,1
DA:42,1
DA:43,1
DA:44,1
DA:45,1
DA:46,1
DA:47,1
DA:52,1
DA:54,1
DA:55,1
DA:56,1
DA:57,17
DA:58,7
DA:62,1
DA:63,1
DA:65,1
DA:66,1
DA:68,1
DA:69,1
DA:71,1
DA:72,1
DA:76,1
DA:78,1
DA:79,1
DA:80,1
DA:81,1
DA:82,1
DA:83,1
DA:84,1
DA:85,1
DA:86,1
DA:87,1
DA:88,1
DA:89,1
DA:90,1
DA:91,1
DA:92,1
LF:65
LH:65
BRDA:57,1,0,7
BRDA:57,1,1,10
BRF:2
BRH:2
end_of_record
TN:
SF:/Users/kris/collections/heap.js
FN:16,Heap
FN:32,(anonymous_2)
FN:40,(anonymous_3)
FN:46,(anonymous_4)
FN:65,(anonymous_5)
FN:73,(anonymous_6)
FN:82,(anonymous_7)
FN:100,(anonymous_8)
FN:106,(anonymous_9)
FN:110,(anonymous_10)
FN:115,(anonymous_11)
FN:137,(anonymous_12)
FN:192,(anonymous_13)
FN:197,(anonymous_14)
FN:199,(anonymous_15)
FN:204,(anonymous_16)
FN:206,(anonymous_17)
FN:211,(anonymous_18)
FN:219,(anonymous_19)
FN:223,(anonymous_20)
FN:227,(anonymous_21)
FN:231,(anonymous_22)
FNF:22
FNH:15
FNDA:244,Heap
FNDA:0,(anonymous_2)
FNDA:617,(anonymous_3)
FNDA:608,(anonymous_4)
FNDA:616,(anonymous_5)
FNDA:7,(anonymous_6)
FNDA:7,(anonymous_7)
FNDA:0,(anonymous_8)
FNDA:0,(anonymous_9)
FNDA:0,(anonymous_10)
FNDA:617,(anonymous_11)
FNDA:490,(anonymous_12)
FNDA:0,(anonymous_13)
FNDA:7,(anonymous_14)
FNDA:15,(anonymous_15)
FNDA:0,(anonymous_16)
FNDA:0,(anonymous_17)
FNDA:1,(anonymous_18)
FNDA:17,(anonymous_19)
FNDA:17,(anonymous_20)
FNDA:17,(anonymous_21)
FNDA:17,(anonymous_22)
DA:5,1
DA:6,1
DA:7,1
DA:8,1
DA:9,1
DA:10,1
DA:14,1
DA:16,1
DA:17,244
DA:18,121
DA:20,123
DA:21,123
DA:22,123
DA:23,123
DA:24,123
DA:27,1
DA:28,1
DA:29,1
DA:30,1
DA:32,1
DA:33,0
DA:40,1
DA:41,617
DA:42,617
DA:43,617
DA:46,1
DA:49,608
DA:54,608
DA:57,608
DA:58,487
DA:59,487
DA:61,608
DA:62,608
DA:65,1
DA:66,616
DA:73,1
DA:74,7
DA:75,18
DA:76,6
DA:79,1
DA:82,1
DA:83,7
DA:84,7
DA:85,1
DA:86,6
DA:87,6
DA:88,3
DA:89,3
DA:90,3
DA:91,3
DA:92,0
DA:93,3
DA:94,3
DA:96,3
DA:97,3
DA:100,1
DA:101,0
DA:102,0
DA:106,1
DA:107,0
DA:110,1
DA:111,0
DA:115,1
DA:117,617
DA:119,617
DA:121,636
DA:122,636
DA:124,636
DA:125,306
DA:126,306
DA:129,330
DA:132,306
DA:137,1
DA:139,490
DA:140,490
DA:141,490
DA:143,490
DA:148,828
DA:149,828
DA:153,828
DA:154,828
DA:156,465
DA:157,465
DA:159,465
DA:160,338
DA:161,338
DA:167,828
DA:168,246
DA:169,246
DA:170,246
DA:171,63
DA:172,63
DA:178,828
DA:179,338
DA:180,338
DA:181,338
DA:185,490
DA:192,1
DA:193,0
DA:194,0
DA:197,1
DA:198,7
DA:199,7
DA:200,15
DA:204,1
DA:205,0
DA:206,0
DA:207,0
DA:211,1
DA:213,1
DA:214,1
DA:215,1
DA:216,1
DA:219,1
DA:220,17
DA:223,1
DA:224,17
DA:227,1
DA:228,17
DA:231,1
DA:232,17
LF:121
LH:110
BRDA:17,1,0,121
BRDA:17,1,1,123
BRDA:20,2,0,123
BRDA:20,2,1,123
BRDA:21,3,0,123
BRDA:21,3,1,123
BRDA:57,4,0,487
BRDA:57,4,1,121
BRDA:75,5,0,6
BRDA:75,5,1,12
BRDA:84,6,0,1
BRDA:84,6,1,6
BRDA:87,7,0,3
BRDA:87,7,1,3
BRDA:91,8,0,0
BRDA:91,8,1,3
BRDA:93,9,0,3
BRDA:93,9,1,0
BRDA:101,10,0,0
BRDA:101,10,1,0
BRDA:124,11,0,306
BRDA:124,11,1,330
BRDA:154,12,0,465
BRDA:154,12,1,363
BRDA:159,13,0,338
BRDA:159,13,1,127
BRDA:167,14,0,246
BRDA:167,14,1,582
BRDA:169,15,0,246
BRDA:169,15,1,0
BRDA:170,16,0,63
BRDA:170,16,1,183
BRDA:178,17,0,338
BRDA:178,17,1,490
BRF:34
BRH:29
end_of_record
TN:
SF:/Users/kris/collections/spec/permute.js
FN:3,permute
FN:12,(anonymous_2)
FNF:2
FNH:2
FNDA:206,permute
FNDA:480,(anonymous_2)
DA:2,1
DA:3,1
DA:4,206
DA:5,0
DA:6,206
DA:7,120
DA:8,86
DA:9,86
DA:10,205
DA:11,205
DA:12,205
DA:13,480
DA:16,86
LF:13
LH:12
BRDA:4,1,0,0
BRDA:4,1,1,206
BRDA:6,2,0,120
BRDA:6,2,1,86
BRF:4
BRH:3
end_of_record
TN:
SF:/Users/kris/collections/spec/iterator-spec.js
FN:4,(anonymous_1)
FN:6,withoutNew
FN:10,withNew
FN:14,(anonymous_4)
FN:16,(anonymous_5)
FN:25,(anonymous_6)
FN:32,(anonymous_7)
FN:35,(anonymous_8)
FN:40,(anonymous_9)
FN:42,(anonymous_10)
FN:45,(anonymous_11)
FN:50,(anonymous_12)
FN:52,(anonymous_13)
FN:55,(anonymous_14)
FN:62,(anonymous_15)
FN:64,(anonymous_16)
FN:71,(anonymous_17)
FN:76,(anonymous_18)
FN:79,(anonymous_19)
FN:86,(anonymous_20)
FN:87,(anonymous_21)
FN:96,(anonymous_22)
FN:99,(anonymous_23)
FN:105,(anonymous_24)
FN:106,(anonymous_25)
FN:115,(anonymous_26)
FN:118,(anonymous_27)
FN:124,(anonymous_28)
FN:125,(anonymous_29)
FN:135,(anonymous_30)
FN:138,(anonymous_31)
FN:144,(anonymous_32)
FN:145,(anonymous_33)
FN:155,(anonymous_34)
FN:158,(anonymous_35)
FN:164,(anonymous_36)
FN:167,(anonymous_37)
FN:172,shouldWorkWithConstructor
FN:174,definiteIterator
FN:178,indefiniteIterator
FN:180,(anonymous_41)
FN:185,(anonymous_42)
FN:190,(anonymous_43)
FN:193,(anonymous_44)
FN:198,(anonymous_45)
FN:207,(anonymous_46)
FN:210,(anonymous_47)
FN:215,(anonymous_48)
FN:220,(anonymous_49)
FN:223,(anonymous_50)
FN:228,(anonymous_51)
FN:229,(anonymous_52)
FN:234,(anonymous_53)
FN:235,(anonymous_54)
FN:240,(anonymous_55)
FN:241,(anonymous_56)
FN:246,(anonymous_57)
FN:252,(anonymous_58)
FN:255,(anonymous_59)
FN:260,(anonymous_60)
FN:262,(anonymous_61)
FN:270,(anonymous_62)
FN:273,(anonymous_63)
FN:278,(anonymous_64)
FN:281,next
FN:292,(anonymous_66)
FN:295,(anonymous_67)
FN:300,(anonymous_68)
FN:302,next
FN:312,(anonymous_70)
FN:315,(anonymous_71)
FN:320,(anonymous_72)
FN:321,(anonymous_73)
FN:324,(anonymous_74)
FN:335,(anonymous_75)
FN:336,(anonymous_76)
FN:339,(anonymous_77)
FN:349,(anonymous_78)
FN:350,(anonymous_79)
FN:353,(anonymous_80)
FN:365,(anonymous_81)
FN:366,(anonymous_82)
FN:369,(anonymous_83)
FN:381,(anonymous_84)
FN:382,(anonymous_85)
FN:383,(anonymous_86)
FN:386,(anonymous_87)
FN:392,(anonymous_88)
FN:393,(anonymous_89)
FN:394,(anonymous_90)
FN:397,(anonymous_91)
FN:403,(anonymous_92)
FN:409,(anonymous_93)
FN:413,(anonymous_94)
FN:419,(anonymous_95)
FN:425,(anonymous_96)
FN:429,(anonymous_97)
FN:435,(anonymous_98)
FN:436,(anonymous_99)
FN:441,(anonymous_100)
FN:442,(anonymous_101)
FN:447,(anonymous_102)
FN:448,(anonymous_103)
FN:453,(anonymous_104)
FN:454,(anonymous_105)
FN:459,(anonymous_106)
FN:460,(anonymous_107)
FN:475,(anonymous_108)
FN:476,(anonymous_109)
FN:477,(anonymous_110)
FN:489,(anonymous_111)
FN:491,(anonymous_112)
FN:500,(anonymous_113)
FN:511,(anonymous_114)
FN:512,(anonymous_115)
FN:517,(anonymous_116)
FN:518,(anonymous_117)
FN:519,(anonymous_118)
FN:528,(anonymous_119)
FN:529,(anonymous_120)
FN:534,(anonymous_121)
FN:535,(anonymous_122)
FN:540,(anonymous_123)
FN:541,(anonymous_124)
FN:549,(anonymous_125)
FN:551,(anonymous_126)
FN:553,(anonymous_127)
FN:562,(anonymous_128)
FN:564,(anonymous_129)
FN:577,(anonymous_130)
FN:579,(anonymous_131)
FN:581,(anonymous_132)
FN:592,(anonymous_133)
FN:594,(anonymous_134)
FN:607,(anonymous_135)
FN:608,(anonymous_136)
FN:616,(anonymous_137)
FN:622,(anonymous_138)
FN:624,(anonymous_139)
FN:626,(anonymous_140)
FN:634,(anonymous_141)
FN:636,(anonymous_142)
FN:647,(anonymous_143)
FN:649,(anonymous_144)
FN:651,(anonymous_145)
FN:657,(anonymous_146)
FN:662,(anonymous_147)
FN:664,(anonymous_148)
FN:676,(anonymous_149)
FN:678,(anonymous_150)
FN:680,(anonymous_151)
FN:689,(anonymous_152)
FN:698,(anonymous_153)
FN:699,(anonymous_154)
FN:700,(anonymous_155)
FNF:155
FNH:155
FNDA:1,(anonymous_1)
FNDA:68,withoutNew
FNDA:68,withNew
FNDA:1,(anonymous_4)
FNDA:1,(anonymous_5)
FNDA:1,(anonymous_6)
FNDA:1,(anonymous_7)
FNDA:1,(anonymous_8)
FNDA:1,(anonymous_9)
FNDA:1,(anonymous_10)
FNDA:1,(anonymous_11)
FNDA:1,(anonymous_12)
FNDA:1,(anonymous_13)
FNDA:1,(anonymous_14)
FNDA:1,(anonymous_15)
FNDA:1,(anonymous_16)
FNDA:1,(anonymous_17)
FNDA:1,(anonymous_18)
FNDA:1,(anonymous_19)
FNDA:1,(anonymous_20)
FNDA:1,(anonymous_21)
FNDA:1,(anonymous_22)
FNDA:1,(anonymous_23)
FNDA:1,(anonymous_24)
FNDA:1,(anonymous_25)
FNDA:1,(anonymous_26)
FNDA:1,(anonymous_27)
FNDA:1,(anonymous_28)
FNDA:1,(anonymous_29)
FNDA:1,(anonymous_30)
FNDA:1,(anonymous_31)
FNDA:1,(anonymous_32)
FNDA:1,(anonymous_33)
FNDA:1,(anonymous_34)
FNDA:1,(anonymous_35)
FNDA:1,(anonymous_36)
FNDA:1,(anonymous_37)
FNDA:2,shouldWorkWithConstructor
FNDA:34,definiteIterator
FNDA:24,indefiniteIterator
FNDA:122,(anonymous_41)
FNDA:2,(anonymous_42)
FNDA:2,(anonymous_43)
FNDA:2,(anonymous_44)
FNDA:2,(anonymous_45)
FNDA:2,(anonymous_46)
FNDA:2,(anonymous_47)
FNDA:2,(anonymous_48)
FNDA:2,(anonymous_49)
FNDA:2,(anonymous_50)
FNDA:2,(anonymous_51)
FNDA:2,(anonymous_52)
FNDA:2,(anonymous_53)
FNDA:2,(anonymous_54)
FNDA:2,(anonymous_55)
FNDA:2,(anonymous_56)
FNDA:2,(anonymous_57)
FNDA:2,(anonymous_58)
FNDA:2,(anonymous_59)
FNDA:2,(anonymous_60)
FNDA:2,(anonymous_61)
FNDA:2,(anonymous_62)
FNDA:2,(anonymous_63)
FNDA:2,(anonymous_64)
FNDA:10,next
FNDA:2,(anonymous_66)
FNDA:2,(anonymous_67)
FNDA:2,(anonymous_68)
FNDA:10,next
FNDA:2,(anonymous_70)
FNDA:2,(anonymous_71)
FNDA:2,(anonymous_72)
FNDA:2,(anonymous_73)
FNDA:6,(anonymous_74)
FNDA:2,(anonymous_75)
FNDA:2,(anonymous_76)
FNDA:6,(anonymous_77)
FNDA:2,(anonymous_78)
FNDA:2,(anonymous_79)
FNDA:6,(anonymous_80)
FNDA:2,(anonymous_81)
FNDA:2,(anonymous_82)
FNDA:6,(anonymous_83)
FNDA:2,(anonymous_84)
FNDA:2,(anonymous_85)
FNDA:6,(anonymous_86)
FNDA:2,(anonymous_87)
FNDA:2,(anonymous_88)
FNDA:2,(anonymous_89)
FNDA:4,(anonymous_90)
FNDA:6,(anonymous_91)
FNDA:2,(anonymous_92)
FNDA:8,(anonymous_93)
FNDA:8,(anonymous_94)
FNDA:2,(anonymous_95)
FNDA:8,(anonymous_96)
FNDA:8,(anonymous_97)
FNDA:2,(anonymous_98)
FNDA:2,(anonymous_99)
FNDA:2,(anonymous_100)
FNDA:2,(anonymous_101)
FNDA:2,(anonymous_102)
FNDA:2,(anonymous_103)
FNDA:2,(anonymous_104)
FNDA:2,(anonymous_105)
FNDA:2,(anonymous_106)
FNDA:2,(anonymous_107)
FNDA:2,(anonymous_108)
FNDA:2,(anonymous_109)
FNDA:6,(anonymous_110)
FNDA:2,(anonymous_111)
FNDA:2,(anonymous_112)
FNDA:2,(anonymous_113)
FNDA:2,(anonymous_114)
FNDA:2,(anonymous_115)
FNDA:2,(anonymous_116)
FNDA:2,(anonymous_117)
FNDA:10,(anonymous_118)
FNDA:2,(anonymous_119)
FNDA:2,(anonymous_120)
FNDA:2,(anonymous_121)
FNDA:2,(anonymous_122)
FNDA:2,(anonymous_123)
FNDA:2,(anonymous_124)
FNDA:2,(anonymous_125)
FNDA:2,(anonymous_126)
FNDA:8,(anonymous_127)
FNDA:2,(anonymous_128)
FNDA:8,(anonymous_129)
FNDA:2,(anonymous_130)
FNDA:2,(anonymous_131)
FNDA:14,(anonymous_132)
FNDA:2,(anonymous_133)
FNDA:10,(anonymous_134)
FNDA:2,(anonymous_135)
FNDA:2,(anonymous_136)
FNDA:2,(anonymous_137)
FNDA:2,(anonymous_138)
FNDA:2,(anonymous_139)
FNDA:22,(anonymous_140)
FNDA:2,(anonymous_141)
FNDA:2,(anonymous_142)
FNDA:2,(anonymous_143)
FNDA:2,(anonymous_144)
FNDA:8,(anonymous_145)
FNDA:2,(anonymous_146)
FNDA:2,(anonymous_147)
FNDA:6,(anonymous_148)
FNDA:2,(anonymous_149)
FNDA:2,(anonymous_150)
FNDA:6,(anonymous_151)
FNDA:2,(anonymous_152)
FNDA:2,(anonymous_153)
FNDA:2,(anonymous_154)
FNDA:6,(anonymous_155)
DA:2,1
DA:4,1
DA:6,1
DA:7,68
DA:10,1
DA:11,68
DA:14,1
DA:16,1
DA:17,1
DA:18,1
DA:19,10
DA:20,10
DA:21,10
DA:25,1
DA:26,1
DA:27,1
DA:28,2
DA:29,2
DA:30,2
DA:32,1
DA:33,1
DA:35,1
DA:36,1
DA:40,1
DA:41,1
DA:42,1
DA:43,1
DA:45,1
DA:46,1
DA:50,1
DA:51,1
DA:52,1
DA:53,1
DA:55,1
DA:56,1
DA:62,1
DA:64,1
DA:65,1
DA:66,1
DA:67,10
DA:71,1
DA:72,1
DA:73,1
DA:74,3
DA:76,1
DA:77,1
DA:79,1
DA:80,1
DA:86,1
DA:87,1
DA:88,1
DA:93,1
DA:94,9
DA:96,1
DA:97,1
DA:99,1
DA:100,1
DA:105,1
DA:106,1
DA:107,1
DA:112,1
DA:113,9
DA:115,1
DA:116,1
DA:118,1
DA:119,1
DA:124,1
DA:125,1
DA:126,1
DA:132,1
DA:133,1
DA:135,1
DA:136,1
DA:138,1
DA:139,1
DA:144,1
DA:145,1
DA:146,1
DA:152,1
DA:153,1
DA:155,1
DA:156,1
DA:158,1
DA:159,1
DA:164,1
DA:167,1
DA:172,1
DA:174,2
DA:175,34
DA:178,2
DA:179,24
DA:180,24
DA:181,122
DA:185,2
DA:186,2
DA:187,2
DA:188,2
DA:189,2
DA:190,2
DA:191,2
DA:193,2
DA:194,2
DA:198,2
DA:199,2
DA:200,2
DA:201,2
DA:202,2
DA:203,2
DA:204,2
DA:205,2
DA:206,2
DA:207,2
DA:208,2
DA:210,2
DA:211,2
DA:215,2
DA:216,2
DA:217,2
DA:218,2
DA:219,2
DA:220,2
DA:221,2
DA:223,2
DA:224,2
DA:228,2
DA:229,2
DA:230,2
DA:234,2
DA:235,2
DA:236,2
DA:240,2
DA:241,2
DA:242,2
DA:246,2
DA:247,2
DA:248,2
DA:249,2
DA:250,2
DA:251,2
DA:252,2
DA:253,2
DA:255,2
DA:256,2
DA:260,2
DA:261,2
DA:263,2
DA:266,2
DA:267,2
DA:268,2
DA:269,2
DA:270,2
DA:271,2
DA:273,2
DA:274,2
DA:278,2
DA:279,2
DA:280,2
DA:282,10
DA:283,4
DA:285,6
DA:289,2
DA:290,2
DA:291,2
DA:292,2
DA:293,2
DA:295,2
DA:296,2
DA:300,2
DA:301,2
DA:302,2
DA:303,10
DA:304,4
DA:306,6
DA:309,2
DA:310,2
DA:311,2
DA:312,2
DA:313,2
DA:315,2
DA:316,2
DA:320,2
DA:321,2
DA:322,2
DA:323,2
DA:324,2
DA:325,6
DA:326,6
DA:327,6
DA:328,6
DA:329,6
DA:331,2
DA:335,2
DA:336,2
DA:337,2
DA:338,2
DA:339,2
DA:340,6
DA:341,6
DA:342,6
DA:343,6
DA:345,2
DA:349,2
DA:350,2
DA:351,2
DA:352,2
DA:353,2
DA:354,6
DA:355,6
DA:356,6
DA:357,6
DA:358,6
DA:360,2
DA:361,2
DA:365,2
DA:366,2
DA:367,2
DA:368,2
DA:369,2
DA:370,6
DA:371,6
DA:372,6
DA:373,6
DA:374,6
DA:376,2
DA:377,2
DA:381,2
DA:382,2
DA:383,2
DA:384,6
DA:386,2
DA:387,2
DA:392,2
DA:393,2
DA:394,2
DA:395,4
DA:397,2
DA:398,6
DA:403,2
DA:404,2
DA:410,8
DA:411,8
DA:412,8
DA:413,8
DA:414,8
DA:419,2
DA:420,2
DA:426,8
DA:427,8
DA:428,8
DA:429,8
DA:430,8
DA:435,2
DA:436,2
DA:437,2
DA:441,2
DA:442,2
DA:443,2
DA:447,2
DA:448,2
DA:449,2
DA:453,2
DA:454,2
DA:455,2
DA:459,2
DA:460,2
DA:461,2
DA:475,2
DA:476,2
DA:477,2
DA:478,6
DA:480,2
DA:481,2
DA:489,2
DA:491,2
DA:492,2
DA:493,2
DA:500,2
DA:501,2
DA:502,2
DA:511,2
DA:512,2
DA:513,2
DA:517,2
DA:518,2
DA:519,2
DA:520,10
DA:528,2
DA:529,2
DA:530,2
DA:534,2
DA:535,2
DA:536,2
DA:540,2
DA:541,2
DA:542,2
DA:549,2
DA:551,2
DA:552,2
DA:554,8
DA:556,2
DA:557,2
DA:558,2
DA:559,2
DA:562,2
DA:563,2
DA:564,2
DA:565,8
DA:566,8
DA:567,8
DA:569,2
DA:570,2
DA:571,2
DA:572,2
DA:577,2
DA:579,2
DA:580,2
DA:582,14
DA:584,14
DA:586,2
DA:587,2
DA:588,2
DA:589,2
DA:592,2
DA:593,2
DA:594,2
DA:595,10
DA:596,10
DA:597,10
DA:599,2
DA:600,2
DA:601,2
DA:602,2
DA:607,2
DA:608,2
DA:609,2
DA:610,2
DA:611,2
DA:612,2
DA:613,2
DA:614,2
DA:615,2
DA:616,2
DA:617,2
DA:622,2
DA:624,2
DA:625,2
DA:627,22
DA:629,2
DA:630,2
DA:631,2
DA:634,2
DA:635,2
DA:636,2
DA:637,2
DA:638,2
DA:640,2
DA:641,2
DA:642,2
DA:647,2
DA:649,2
DA:650,2
DA:652,8
DA:654,2
DA:655,2
DA:656,2
DA:657,2
DA:658,2
DA:662,2
DA:663,2
DA:664,2
DA:665,6
DA:666,6
DA:667,6
DA:669,2
DA:670,2
DA:671,2
DA:676,2
DA:678,2
DA:679,2
DA:680,2
DA:681,6
DA:683,2
DA:684,2
DA:685,2
DA:686,2
DA:689,2
DA:690,2
[...]
FNDA:36,(anonymous_20)
FNDA:72,(anonymous_21)
FNDA:112,(anonymous_22)
FNDA:338,(anonymous_23)
FNDA:0,(anonymous_24)
FNDA:0,(anonymous_25)
FNDA:4,(anonymous_26)
FNDA:4,(anonymous_27)
FNDA:26,(anonymous_28)
FNDA:7,(anonymous_29)
FNDA:6,(anonymous_30)
FNDA:20,(anonymous_31)
FNDA:2,(anonymous_32)
DA:1,1
DA:3,1
DA:5,1
DA:6,1
DA:7,1
DA:8,1
DA:10,1
DA:11,455
DA:12,90
DA:14,365
DA:15,274
DA:16,274
DA:18,91
DA:20,365
DA:21,365
DA:22,365
DA:24,365
DA:25,365
DA:28,1
DA:29,1
DA:30,1
DA:32,1
DA:33,2104
DA:34,2104
DA:35,2104
DA:36,2621
DA:37,2621
DA:38,2621
DA:39,2060
DA:40,561
DA:41,259
DA:43,302
DA:46,1802
DA:49,1
DA:50,143
DA:51,143
DA:52,65
DA:54,78
DA:55,2
DA:57,78
DA:58,0
DA:60,78
DA:65,1
DA:66,2
DA:67,2
DA:68,0
DA:70,2
DA:71,2
DA:73,2
DA:74,0
DA:76,2
DA:81,1
DA:82,1140
DA:83,1140
DA:84,1099
DA:86,41
DA:87,41
DA:88,18
DA:90,41
DA:94,1
DA:95,40
DA:103,1
DA:104,819
DA:105,819
DA:108,1
DA:109,93
DA:110,93
DA:111,34
DA:113,59
DA:117,1
DA:118,1140
DA:119,1140
DA:120,0
DA:122,1140
DA:123,1140
DA:124,1140
DA:125,0
DA:127,1140
DA:130,1
DA:131,48
DA:132,48
DA:133,42
DA:134,0
DA:136,42
DA:137,42
DA:138,42
DA:139,0
DA:141,42
DA:143,6
DA:147,1
DA:148,0
DA:151,1
DA:152,0
DA:155,1
DA:156,2
DA:159,1
DA:160,2
DA:163,1
DA:164,12
DA:167,1
DA:168,12
DA:171,1
DA:172,4
DA:175,1
DA:176,4
DA:179,1
DA:180,90
DA:183,1
DA:184,36
DA:187,1
DA:188,72
DA:189,8
DA:191,64
DA:192,64
DA:193,8
DA:195,64
DA:196,16
DA:198,64
DA:199,64
DA:200,0
DA:202,64
DA:203,64
DA:204,64
DA:205,0
DA:207,64
DA:210,1
DA:211,112
DA:212,112
DA:213,338
DA:217,1
DA:218,0
DA:219,0
DA:220,0
DA:224,1
DA:225,4
DA:226,4
DA:230,1
DA:231,4
DA:232,4
DA:236,1
DA:237,26
DA:240,1
DA:241,7
DA:242,7
DA:243,0
DA:244,0
DA:246,7
DA:247,7
DA:248,7
DA:249,0
DA:253,1
DA:254,6
DA:257,1
DA:258,20
DA:261,1
DA:262,2
DA:265,1
LF:157
LH:140
BRDA:11,1,0,90
BRDA:11,1,1,365
BRDA:14,2,0,274
BRDA:14,2,1,91
BRDA:20,3,0,365
BRDA:20,3,1,300
BRDA:21,4,0,365
BRDA:21,4,1,300
BRDA:22,5,0,365
BRDA:22,5,1,325
BRDA:38,6,0,2060
BRDA:38,6,1,561
BRDA:40,7,0,259
BRDA:40,7,1,302
BRDA:51,8,0,65
BRDA:51,8,1,78
BRDA:54,9,0,80
BRDA:54,9,1,38
BRDA:57,10,0,0
BRDA:57,10,1,78
BRDA:67,11,0,0
BRDA:67,11,1,2
BRDA:70,12,0,4
BRDA:70,12,1,2
BRDA:73,13,0,0
BRDA:73,13,1,2
BRDA:83,14,0,1099
BRDA:83,14,1,41
BRDA:87,15,0,59
BRDA:87,15,1,22
BRDA:105,16,0,819
BRDA:105,16,1,181
BRDA:110,17,0,34
BRDA:110,17,1,59
BRDA:119,18,0,0
BRDA:119,18,1,1140
BRDA:124,19,0,0
BRDA:124,19,1,1140
BRDA:132,20,0,42
BRDA:132,20,1,6
BRDA:133,21,0,0
BRDA:133,21,1,42
BRDA:138,22,0,0
BRDA:138,22,1,42
BRDA:188,23,0,8
BRDA:188,23,1,64
BRDA:188,24,0,72
BRDA:188,24,1,8
BRDA:191,25,0,64
BRDA:191,25,1,16
BRDA:192,26,0,8
BRDA:192,26,1,56
BRDA:195,27,0,16
BRDA:195,27,1,48
BRDA:199,28,0,0
BRDA:199,28,1,64
BRDA:204,29,0,0
BRDA:204,29,1,64
BRDA:225,30,0,4
BRDA:225,30,1,0
BRDA:231,31,0,4
BRDA:231,31,1,0
BRDA:242,32,0,0
BRDA:242,32,1,7
BRDA:248,33,0,0
BRDA:248,33,1,7
BRF:66
BRH:53
end_of_record
TN:
SF:/Users/kris/collections/spec/sorted-array-set-spec.js
FN:7,(anonymous_1)
FN:9,newSortedArraySet
FN:13,(anonymous_3)
FN:19,(anonymous_4)
FNF:4
FNH:4
FNDA:1,(anonymous_1)
FNDA:60,newSortedArraySet
FNDA:2,(anonymous_3)
FNDA:1,(anonymous_4)
DA:2,1
DA:3,1
DA:4,1
DA:5,1
DA:7,1
DA:9,1
DA:10,60
DA:13,1
DA:14,2
DA:15,2
DA:16,2
DA:19,1
DA:20,1
DA:21,1
LF:14
LH:14
BRF:0
BRH:0
end_of_record
TN:
SF:/Users/kris/collections/spec/sorted-array-spec.js
FN:7,(anonymous_1)
FN:9,newSortedArray
FN:13,(anonymous_3)
FN:19,(anonymous_4)
FNF:4
FNH:4
FNDA:1,(anonymous_1)
FNDA:89,newSortedArray
FNDA:2,(anonymous_3)
FNDA:1,(anonymous_4)
DA:2,1
DA:3,1
DA:4,1
DA:5,1
DA:7,1
DA:9,1
DA:10,89
DA:13,1
DA:14,2
DA:15,2
DA:16,2
DA:19,1
DA:20,1
DA:21,1
LF:14
LH:14
BRF:0
BRH:0
end_of_record
TN:
SF:/Users/kris/collections/spec/sorted-map-spec.js
FN:5,(anonymous_1)
FN:8,(anonymous_2)
FN:15,(anonymous_3)
FNF:3
FNH:3
FNDA:1,(anonymous_1)
FNDA:1,(anonymous_2)
FNDA:4,(anonymous_3)
DA:2,1
DA:3,1
DA:5,1
DA:6,1
DA:8,1
DA:9,1
DA:15,1
DA:16,4
LF:8
LH:8
BRDA:16,1,0,4
BRDA:16,1,1,4
BRF:2
BRH:2
end_of_record
TN:
SF:/Users/kris/collections/sorted-map.js
FN:11,SortedMap
FN:23,keysEqual
FN:26,compareKeys
FN:38,(anonymous_4)
FN:47,(anonymous_5)
FN:49,(anonymous_6)
FN:54,(anonymous_7)
FNF:7
FNH:3
FNDA:16,SortedMap
FNDA:66,keysEqual
FNDA:116,compareKeys
FNDA:0,(anonymous_4)
FNDA:0,(anonymous_5)
FNDA:0,(anonymous_6)
FNDA:0,(anonymous_7)
DA:1,1
DA:3,1
DA:4,1
DA:5,1
DA:6,1
DA:7,1
DA:9,1
DA:11,1
DA:12,16
DA:13,8
DA:15,8
DA:16,8
DA:17,8
DA:18,8
DA:19,8
DA:20,8
DA:21,8
DA:24,66
DA:27,116
DA:30,8
DA:31,8
DA:34,1
DA:35,1
DA:36,1
DA:38,1
DA:39,0
DA:47,1
DA:48,0
DA:49,0
DA:50,0
DA:54,1
DA:55,0
DA:56,0
LF:33
LH:27
BRDA:12,1,0,8
BRDA:12,1,1,8
BRDA:15,2,0,8
BRDA:15,2,1,8
BRDA:16,3,0,8
BRDA:16,3,1,8
BRDA:17,4,0,8
BRDA:17,4,1,8
BRDA:48,5,0,0
BRDA:48,5,1,0
BRF:10
BRH:8
end_of_record
TN:
SF:/Users/kris/collections/sorted-set.js
FN:12,SortedSet
FN:29,(anonymous_2)
FN:38,(anonymous_3)
FN:47,(anonymous_4)
FN:57,(anonymous_5)
FN:112,(anonymous_6)
FN:146,(anonymous_7)
FN:156,(anonymous_8)
FN:165,(anonymous_9)
FN:175,(anonymous_10)
FN:185,(anonymous_11)
FN:193,(anonymous_12)
FN:201,(anonymous_13)
FN:214,(anonymous_14)
FN:223,(anonymous_15)
FN:231,(anonymous_16)
FN:239,(anonymous_17)
FN:243,(anonymous_18)
FN:247,(anonymous_19)
FN:271,(anonymous_20)
FN:275,(anonymous_21)
FN:315,(anonymous_22)
FN:433,(anonymous_23)
FN:457,(anonymous_24)
FN:464,(anonymous_25)
FN:471,(anonymous_26)
FN:478,(anonymous_27)
FN:485,(anonymous_28)
FN:491,(anonymous_29)
FN:504,(anonymous_30)
FN:510,(anonymous_31)
FN:518,(anonymous_32)
FN:531,(anonymous_33)
FN:539,Node
FN:548,(anonymous_35)
FN:564,(anonymous_36)
FN:578,(anonymous_37)
FN:585,(anonymous_38)
FN:595,(anonymous_39)
FN:607,(anonymous_40)
FN:618,(anonymous_41)
FN:631,(anonymous_42)
FN:649,innerWrite
FN:659,innerWriteAbove
FN:668,innerWrite
FN:676,innerWriteAbove
FN:685,innerWrite
FN:693,innerWriteAbove
FN:699,Iterator
FN:712,(anonymous_50)
FNF:50
FNH:42
FNDA:456,SortedSet
FNDA:30,(anonymous_2)
FNDA:176,(anonymous_3)
FNDA:1981,(anonymous_4)
FNDA:4122,(anonymous_5)
FNDA:1623,(anonymous_6)
FNDA:320,(anonymous_7)
FNDA:0,(anonymous_8)
FNDA:4,(anonymous_9)
FNDA:6,(anonymous_10)
FNDA:0,(anonymous_11)
FNDA:0,(anonymous_12)
FNDA:0,(anonymous_13)
FNDA:6,(anonymous_14)
FNDA:2,(anonymous_15)
FNDA:2,(anonymous_16)
FNDA:6,(anonymous_17)
FNDA:6,(anonymous_18)
FNDA:12,(anonymous_19)
FNDA:18,(anonymous_20)
FNDA:36,(anonymous_21)
FNDA:8860,(anonymous_22)
FNDA:60,(anonymous_23)
FNDA:141,(anonymous_24)
FNDA:1,(anonymous_25)
FNDA:2,(anonymous_26)
FNDA:2,(anonymous_27)
FNDA:12,(anonymous_28)
FNDA:6,(anonymous_29)
FNDA:2,(anonymous_30)
FNDA:0,(anonymous_31)
FNDA:12,(anonymous_32)
FNDA:8,(anonymous_33)
FNDA:29104,Node
FNDA:445,(anonymous_35)
FNDA:1,(anonymous_36)
FNDA:55862,(anonymous_37)
FNDA:0,(anonymous_38)
FNDA:64,(anonymous_39)
FNDA:0,(anonymous_40)
FNDA:0,(anonymous_41)
FNDA:32,(anonymous_42)
FNDA:18,innerWrite
FNDA:9,innerWriteAbove
FNDA:48,innerWrite
FNDA:16,innerWriteAbove
FNDA:28,innerWrite
FNDA:9,innerWriteAbove
FNDA:2,Iterator
FNDA:8,(anonymous_50)
DA:1,1
DA:3,1
DA:5,1
DA:6,1
DA:7,1
DA:8,1
DA:9,1
DA:10,1
DA:12,1
DA:13,456
DA:14,168
DA:16,288
DA:17,288
DA:18,288
DA:19,288
DA:20,288
DA:21,288
DA:24,1
DA:25,1
DA:26,1
DA:27,1
DA:29,1
DA:30,30
DA:38,1
DA:39,176
DA:40,168
DA:41,168
DA:43,8
DA:47,1
DA:48,1981
DA:49,1970
DA:50,1970
DA:51,1897
DA:54,84
DA:57,1
DA:58,4122
DA:59,4122
DA:60,3641
DA:61,3641
DA:62,2662
DA:63,300
DA:65,2662
DA:73,1218
DA:74,1218
DA:75,1218
DA:76,1218
DA:85,1444
DA:86,1444
DA:87,1444
DA:88,1444
DA:90,2662
DA:91,2662
DA:92,2662
DA:93,2662
DA:94,300
DA:96,2662
DA:99,481
DA:100,20
DA:102,481
DA:103,481
DA:104,481
DA:105,20
DA:107,481
DA:109,979
DA:112,1
DA:113,1623
DA:114,1623
DA:115,1623
DA:116,1593
DA:117,1593
DA:118,0
DA:120,1593
DA:121,567
DA:124,1026
DA:125,1026
DA:129,1026
DA:131,1026
DA:133,1593
DA:134,1593
DA:135,1376
DA:137,1593
DA:138,0
DA:140,1593
DA:143,30
DA:146,1
DA:147,320
DA:148,320
DA:149,320
DA:150,320
DA:153,0
DA:156,1
DA:157,0
DA:158,0
DA:159,0
DA:160,0
DA:165,1
DA:166,4
DA:167,4
DA:168,4
DA:169,0
DA:171,4
DA:175,1
DA:176,6
DA:177,6
DA:178,6
DA:179,6
DA:181,6
DA:185,1
DA:186,0
DA:187,0
DA:189,0
DA:193,1
DA:194,0
DA:195,0
DA:197,0
DA:201,1
DA:202,0
DA:203,0
DA:205,0
DA:206,0
DA:207,0
DA:209,0
DA:214,1
DA:215,6
DA:216,6
DA:218,6
DA:219,6
DA:223,1
DA:224,2
DA:225,2
DA:226,2
DA:227,2
DA:231,1
DA:232,2
DA:233,2
DA:234,2
DA:235,2
DA:239,1
DA:240,6
DA:243,1
DA:244,6
DA:247,1
DA:248,12
DA:249,12
DA:250,12
DA:251,12
DA:252,6
DA:254,12
DA:255,2
DA:257,12
DA:258,12
DA:259,12
DA:260,12
DA:261,24
DA:262,24
DA:263,6
DA:265,18
DA:268,12
DA:271,1
DA:272,18
DA:275,1
DA:276,36
DA:277,4
DA:279,32
DA:280,32
DA:281,4
DA:283,32
DA:284,8
DA:286,32
DA:288,32
DA:291,32
DA:294,32
DA:295,40
DA:296,40
DA:297,40
DA:298,40
DA:299,12
DA:301,28
DA:306,32
DA:308,32
DA:315,1
DA:316,8860
DA:318,8860
DA:319,0
DA:328,8860
DA:336,8860
DA:337,8860
DA:339,8860
DA:340,16122
DA:341,16122
DA:342,4714
DA:343,3704
DA:350,1926
DA:351,1926
DA:352,1926
DA:353,1926
DA:354,1926
DA:355,1926
DA:356,1926
DA:357,242
DA:361,3462
DA:362,3462
DA:363,3462
DA:364,3462
DA:366,3462
DA:367,3462
DA:368,3462
DA:369,3462
DA:371,1010
DA:373,11408
DA:374,6376
DA:375,4197
DA:382,2103
DA:383,2103
DA:384,2103
DA:385,2103
DA:386,2103
DA:387,2103
DA:388,2103
DA:389,397
DA:393,3800
DA:394,3800
DA:395,3800
DA:396,3800
DA:398,3800
DA:399,3800
DA:400,3800
DA:401,3800
DA:403,2179
DA:406,5032
DA:411,8860
DA:412,8860
DA:413,8860
DA:414,8860
DA:415,8860
DA:416,8860
DA:419,8860
DA:420,3462
DA:421,3462
DA:423,8860
DA:424,3800
DA:425,3800
DA:427,8860
DA:429,8860
DA:433,1
DA:434,60
DA:435,60
DA:436,60
DA:438,60
DA:439,132
DA:440,95
DA:441,95
DA:442,37
DA:443,33
DA:444,33
DA:446,4
DA:450,60
DA:452,60
DA:454,0
DA:457,1
DA:458,141
DA:459,133
DA:461,141
DA:464,1
DA:465,1
DA:466,1
DA:468,1
DA:471,1
DA:472,2
DA:473,2
DA:474,2
DA:478,1
DA:479,2
DA:480,2
DA:481,2
DA:485,1
DA:486,12
DA:487,8
DA:491,1
DA:492,6
DA:493,6
DA:494,0
DA:495,0
DA:497,6
DA:498,6
DA:499,6
DA:500,0
DA:504,1
DA:505,2
DA:508,1
DA:510,1
DA:511,0
DA:512,0
DA:514,0
DA:518,1
DA:519,12
DA:520,12
DA:521,12
DA:522,0
DA:523,0
DA:525,12
DA:526,12
DA:527,12
DA:531,1
DA:532,8
DA:535,1
DA:537,1
DA:539,1
DA:540,29104
DA:541,29104
DA:542,29104
DA:543,29104
DA:548,1
DA:549,445
DA:550,445
DA:552,257
DA:553,257
DA:554,257
DA:556,445
DA:557,445
DA:558,445
DA:559,54
DA:561,445
DA:564,1
DA:565,1
DA:566,1
DA:567,0
DA:568,0
DA:570,1
DA:571,1
DA:572,1
DA:573,1
DA:575,1
DA:578,1
DA:579,55862
DA:582,55862
DA:585,1
DA:586,0
DA:587,0
DA:588,0
DA:589,0
DA:590,0
DA:591,0
DA:595,1
DA:596,64
DA:597,64
DA:598,50
DA:599,50
DA:600,6
DA:602,50
DA:607,1
DA:608,0
DA:609,0
DA:610,0
DA:611,0
DA:612,0
DA:614,0
DA:618,1
DA:619,0
DA:620,0
DA:621,0
DA:622,0
DA:624,0
DA:631,1
DA:632,32
DA:634,32
DA:635,32
DA:636,6
DA:637,26
DA:638,4
DA:639,22
DA:640,4
DA:642,18
DA:645,32
DA:646,32
DA:650,18
DA:651,10
DA:653,10
DA:656,8
DA:661,9
DA:665,32
DA:666,32
DA:669,48
DA:670,32
DA:671,32
DA:673,16
DA:677,16
DA:681,32
DA:682,32
DA:686,28
DA:687,10
DA:688,10
DA:690,18
DA:694,9
DA:699,1
DA:700,2
DA:701,2
DA:702,2
DA:703,2
DA:704,0
DA:705,0
DA:706,0
DA:707,0
DA:712,1
DA:713,8
DA:714,8
DA:715,6
DA:717,2
DA:719,8
DA:720,2
DA:722,6
DA:726,0
DA:728,6
DA:729,6
LF:414
LH:360
BRDA:13,1,0,168
BRDA:13,1,1,288
BRDA:16,2,0,288
BRDA:16,2,1,250
BRDA:17,3,0,288
BRDA:17,3,1,250
BRDA:18,4,0,288
BRDA:18,4,1,258
BRDA:39,5,0,168
BRDA:39,5,1,8
BRDA:48,6,0,1970
BRDA:48,6,1,11
BRDA:50,7,0,1897
BRDA:50,7,1,73
BRDA:59,8,0,3641
BRDA:59,8,1,481
BRDA:61,9,0,2662
BRDA:61,9,1,979
BRDA:62,10,0,300
BRDA:62,10,1,2362
BRDA:65,11,0,1218
BRDA:65,11,1,1444
BRDA:93,12,0,300
BRDA:93,12,1,2362
BRDA:99,13,0,20
BRDA:99,13,1,461
BRDA:104,14,0,20
BRDA:104,14,1,461
BRDA:113,15,0,1623
BRDA:113,15,1,0
BRDA:115,16,0,1593
BRDA:115,16,1,30
BRDA:117,17,0,0
BRDA:117,17,1,1593
BRDA:120,18,0,567
BRDA:120,18,1,1026
BRDA:134,19,0,1376
BRDA:134,19,1,217
BRDA:137,20,0,0
BRDA:137,20,1,1593
BRDA:147,21,0,320
BRDA:147,21,1,0
BRDA:149,22,0,320
BRDA:149,22,1,0
BRDA:157,23,0,0
BRDA:157,23,1,0
BRDA:159,24,0,0
BRDA:159,24,1,0
BRDA:166,25,0,4
BRDA:166,25,1,0
BRDA:167,26,0,4
BRDA:167,26,1,4
BRDA:176,27,0,6
BRDA:176,27,1,0
BRDA:177,28,0,6
BRDA:177,28,1,6
BRDA:186,29,0,0
BRDA:186,29,1,0
BRDA:194,30,0,0
BRDA:194,30,1,0
BRDA:202,31,0,0
BRDA:202,31,1,0
BRDA:206,32,0,0
BRDA:206,32,1,0
BRDA:215,33,0,6
BRDA:215,33,1,0
BRDA:224,34,0,2
BRDA:224,34,1,0
BRDA:232,35,0,2
BRDA:232,35,1,0
BRDA:249,36,0,12
BRDA:249,36,1,2
BRDA:250,37,0,12
BRDA:250,37,1,6
BRDA:251,38,0,6
BRDA:251,38,1,6
BRDA:254,39,0,2
BRDA:254,39,1,10
BRDA:258,40,0,12
BRDA:258,40,1,0
BRDA:262,41,0,6
BRDA:262,41,1,18
BRDA:276,42,0,4
BRDA:276,42,1,32
BRDA:276,43,0,36
BRDA:276,43,1,4
BRDA:279,44,0,32
BRDA:279,44,1,8
BRDA:280,45,0,4
BRDA:280,45,1,28
BRDA:283,46,0,8
BRDA:283,46,1,24
BRDA:288,47,0,32
BRDA:288,47,1,0
BRDA:298,48,0,12
BRDA:298,48,1,28
BRDA:318,49,0,0
BRDA:318,49,1,8860
BRDA:341,50,0,4714
BRDA:341,50,1,11408
BRDA:342,51,0,3704
BRDA:342,51,1,1010
BRDA:343,52,0,1926
BRDA:343,52,1,1778
BRDA:356,53,0,242
BRDA:356,53,1,1684
BRDA:373,54,0,6376
BRDA:373,54,1,5032
BRDA:374,55,0,4197
BRDA:374,55,1,2179
BRDA:375,56,0,2103
BRDA:375,56,1,2094
BRDA:388,57,0,397
BRDA:388,57,1,1706
BRDA:434,58,0,60
BRDA:434,58,1,0
BRDA:439,59,0,95
BRDA:439,59,1,37
BRDA:439,60,0,132
BRDA:439,60,1,95
BRDA:441,61,0,18
BRDA:441,61,1,77
BRDA:442,62,0,33
BRDA:442,62,1,4
BRDA:442,63,0,37
BRDA:442,63,1,37
BRDA:444,64,0,17
BRDA:444,64,1,16
BRDA:458,65,0,133
BRDA:458,65,1,8
BRDA:465,66,0,1
BRDA:465,66,1,0
BRDA:473,67,0,2
BRDA:473,67,1,0
BRDA:480,68,0,2
BRDA:480,68,1,0
BRDA:486,69,0,8
BRDA:486,69,1,4
BRDA:493,70,0,0
BRDA:493,70,1,6
BRDA:499,71,0,0
BRDA:499,71,1,6
BRDA:511,72,0,0
BRDA:511,72,1,0
BRDA:519,73,0,12
BRDA:519,73,1,0
BRDA:520,74,0,12
BRDA:520,74,1,3
BRDA:521,75,0,0
BRDA:521,75,1,12
BRDA:526,76,0,12
BRDA:526,76,1,0
BRDA:549,77,0,445
BRDA:549,77,1,133
BRDA:550,78,0,257
BRDA:550,78,1,188
BRDA:558,79,0,54
BRDA:558,79,1,391
BRDA:565,80,0,1
BRDA:565,80,1,1
BRDA:566,81,0,0
BRDA:566,81,1,1
BRDA:572,82,0,1
BRDA:572,82,1,0
BRDA:580,83,0,30173
BRDA:580,83,1,25689
BRDA:581,84,0,31759
BRDA:581,84,1,24103
BRDA:582,85,0,30173
BRDA:582,85,1,25689
BRDA:587,86,0,0
BRDA:587,86,1,0
BRDA:588,87,0,0
BRDA:588,87,1,0
BRDA:589,88,0,0
BRDA:589,88,1,0
BRDA:597,89,0,50
BRDA:597,89,1,14
BRDA:609,90,0,0
BRDA:609,90,1,0
BRDA:619,91,0,0
BRDA:619,91,1,0
BRDA:621,92,0,0
BRDA:621,92,1,0
BRDA:621,93,0,0
BRDA:621,93,1,0
BRDA:625,94,0,0
BRDA:625,94,1,0
BRDA:627,95,0,0
BRDA:627,95,1,0
BRDA:635,96,0,6
BRDA:635,96,1,26
BRDA:635,97,0,32
BRDA:635,97,1,10
BRDA:637,98,0,4
BRDA:637,98,1,22
BRDA:639,99,0,4
BRDA:639,99,1,18
BRDA:646,100,0,32
BRDA:646,100,1,10
BRDA:650,101,0,10
BRDA:650,101,1,8
BRDA:669,102,0,32
BRDA:669,102,1,16
BRDA:673,103,0,6
BRDA:673,103,1,10
BRDA:677,104,0,5
BRDA:677,104,1,11
BRDA:682,105,0,32
BRDA:682,105,1,10
BRDA:686,106,0,10
BRDA:686,106,1,18
BRDA:703,107,0,0
BRDA:703,107,1,2
BRDA:705,108,0,0
BRDA:705,108,1,0
BRDA:714,109,0,6
BRDA:714,109,1,2
BRDA:719,110,0,2
BRDA:719,110,1,6
BRDA:722,111,0,0
BRDA:722,111,1,6
BRDA:723,112,0,6
BRDA:723,112,1,0
BRF:224
BRH:163
end_of_record
TN:
SF:/Users/kris/collections/spec/sorted-set-spec.js
FN:10,(anonymous_1)
FN:12,newSortedSet
FN:16,(anonymous_3)
FN:24,Value
FN:27,(anonymous_5)
FN:47,(anonymous_6)
FN:49,draw
FN:55,(anonymous_8)
FN:64,(anonymous_9)
FN:74,(anonymous_10)
FN:86,(anonymous_11)
FN:88,draw
FN:90,(anonymous_13)
FN:96,expectNodeToHaveCorrectSubtreeLengths
FN:106,(anonymous_15)
FN:114,(anonymous_16)
FN:123,(anonymous_17)
FN:133,(anonymous_18)
FN:143,makeCase
FN:144,(anonymous_20)
FN:155,(anonymous_21)
FN:163,(anonymous_22)
FN:164,(anonymous_23)
FN:167,(anonymous_24)
FN:171,(anonymous_25)
FN:179,(anonymous_26)
FN:182,(anonymous_27)
FN:185,(anonymous_28)
FN:188,(anonymous_29)
FN:190,(anonymous_30)
FN:198,(anonymous_31)
FN:201,(anonymous_32)
FN:204,(anonymous_33)
FN:207,(anonymous_34)
FN:210,(anonymous_35)
FN:215,(anonymous_36)
FN:223,(anonymous_37)
FN:225,draw
FN:236,(anonymous_39)
FN:247,(anonymous_40)
FN:256,(anonymous_41)
FN:268,(anonymous_42)
FN:280,(anonymous_43)
FN:295,(anonymous_44)
FNF:44
FNH:44
FNDA:1,(anonymous_1)
FNDA:73,newSortedSet
FNDA:2,(anonymous_3)
FNDA:8,Value
FNDA:264,(anonymous_5)
FNDA:1,(anonymous_6)
FNDA:3,draw
FNDA:1,(anonymous_8)
FNDA:1,(anonymous_9)
FNDA:1,(anonymous_10)
FNDA:1,(anonymous_11)
FNDA:4,draw
FNDA:8,(anonymous_13)
FNDA:711,expectNodeToHaveCorrectSubtreeLengths
FNDA:1,(anonymous_15)
FNDA:1,(anonymous_16)
FNDA:1,(anonymous_17)
FNDA:1,(anonymous_18)
FNDA:51,makeCase
FNDA:51,(anonymous_20)
FNDA:50,(anonymous_21)
FNDA:1,(anonymous_22)
FNDA:1,(anonymous_23)
FNDA:44,(anonymous_24)
FNDA:16,(anonymous_25)
FNDA:1,(anonymous_26)
FNDA:20,(anonymous_27)
FNDA:729,(anonymous_28)
FNDA:20,(anonymous_29)
FNDA:320,(anonymous_30)
FNDA:1,(anonymous_31)
FNDA:20,(anonymous_32)
FNDA:729,(anonymous_33)
FNDA:20,(anonymous_34)
FNDA:320,(anonymous_35)
FNDA:320,(anonymous_36)
FNDA:1,(anonymous_37)
FNDA:5,draw
FNDA:16,(anonymous_39)
FNDA:1,(anonymous_40)
FNDA:1,(anonymous_41)
FNDA:1,(anonymous_42)
FNDA:1,(anonymous_43)
FNDA:1,(anonymous_44)
DA:2,1
DA:3,1
DA:4,1
DA:5,1
DA:6,1
DA:7,1
DA:8,1
DA:10,1
DA:12,1
DA:13,73
DA:16,1
DA:21,2
DA:24,2
DA:25,8
DA:27,2
DA:28,264
DA:30,2
DA:31,2
DA:32,2
DA:33,2
DA:34,2
DA:35,2
DA:41,2
DA:43,2
DA:47,1
DA:49,1
DA:50,3
DA:51,3
DA:52,3
DA:55,1
DA:56,1
DA:57,1
DA:64,1
DA:65,1
DA:66,1
DA:67,1
DA:74,1
DA:75,1
DA:76,1
DA:77,1
DA:78,1
DA:86,1
DA:88,1
DA:89,4
DA:90,4
DA:91,8
DA:93,4
DA:96,1
DA:97,711
DA:98,383
DA:99,328
DA:100,328
DA:101,328
DA:102,328
DA:103,328
DA:106,1
DA:107,1
DA:108,1
DA:111,1
DA:114,1
DA:115,1
DA:116,1
DA:120,1
DA:123,1
DA:124,1
DA:125,1
DA:126,1
DA:130,1
DA:133,1
DA:134,1
DA:135,1
DA:140,1
DA:143,1
DA:144,51
DA:145,51
DA:146,51
DA:147,51
DA:151,1
DA:154,1
DA:155,50
DA:156,50
DA:157,50
DA:163,1
DA:164,1
DA:165,1
DA:166,1
DA:167,1
DA:168,44
DA:170,1
DA:171,1
DA:172,16
DA:173,16
DA:174,16
DA:179,1
DA:181,1
DA:182,20
DA:183,20
DA:184,20
DA:185,20
DA:186,729
DA:188,20
DA:189,20
DA:190,20
DA:191,320
DA:198,1
DA:200,1
DA:201,20
DA:202,20
DA:203,20
DA:204,20
DA:205,729
DA:207,20
DA:208,20
DA:209,20
DA:210,20
DA:211,320
DA:213,20
DA:214,20
DA:215,20
DA:216,320
DA:223,1
DA:225,1
DA:226,5
DA:227,5
DA:237,16
DA:238,16
DA:239,16
DA:240,16
DA:241,16
DA:242,16
DA:244,5
DA:247,1
DA:248,1
DA:249,1
DA:256,1
DA:257,1
DA:258,1
DA:268,1
DA:269,1
DA:270,1
DA:280,1
DA:281,1
DA:282,1
DA:295,1
DA:296,1
DA:297,1
LF:146
LH:146
BRDA:97,1,0,383
BRDA:97,1,1,328
BRF:2
BRH:2
end_of_record
TN:
SF:/Users/kris/collections/spec/fuzz.js
FN:3,makeFuzz
FN:10,(anonymous_2)
FN:30,stringifyFuzz
FN:31,(anonymous_4)
FN:43,parseFuzz
FN:44,(anonymous_6)
FN:56,executeFuzz
FN:57,(anonymous_8)
FN:68,(anonymous_9)
FN:76,makeRandom
FN:77,(anonymous_11)
FNF:11
FNH:10
FNDA:50,makeFuzz
FNDA:49147,(anonymous_2)
FNDA:50,stringifyFuzz
FNDA:6125,(anonymous_4)
FNDA:51,parseFuzz
FNDA:6131,(anonymous_6)
FNDA:51,executeFuzz
FNDA:6131,(anonymous_8)
FNDA:0,(anonymous_9)
FNDA:91,makeRandom
FNDA:58649,(anonymous_11)
DA:2,1
DA:3,1
DA:4,50
DA:5,50
DA:6,50
DA:7,50
DA:8,50
DA:9,50
DA:10,6125
DA:11,49147
DA:13,6125
DA:14,6125
DA:15,1533
DA:16,4592
DA:17,1826
DA:18,2766
DA:19,1875
DA:20,1875
DA:21,1875
DA:23,6125
DA:24,6125
DA:26,50
DA:29,1
DA:30,1
DA:31,50
DA:32,6125
DA:33,2766
DA:34,3359
DA:35,1533
DA:36,1826
DA:37,1826
DA:42,1
DA:43,1
DA:44,51
DA:45,6131
DA:46,2770
DA:47,3361
DA:48,1533
DA:50,1828
DA:55,1
DA:56,1
DA:57,51
DA:58,6131
DA:59,2770
DA:60,3361
DA:61,1828
DA:62,1533
DA:63,1533
DA:65,6131
DA:66,0
DA:67,0
DA:68,0
DA:69,0
DA:75,1
DA:76,1
DA:77,91
DA:78,58649
DA:79,58649
LF:58
LH:54
BRDA:14,1,0,1533
BRDA:14,1,1,4592
BRDA:14,2,0,6125
BRDA:14,2,1,4602
BRDA:14,2,2,4553
BRDA:16,3,0,1826
BRDA:16,3,1,2766
BRDA:16,4,0,4592
BRDA:16,4,1,3392
BRDA:16,4,2,3145
BRDA:18,5,0,1875
BRDA:18,5,1,891
BRDA:32,6,0,2766
BRDA:32,6,1,3359
BRDA:34,7,0,1533
BRDA:34,7,1,1826
BRDA:36,8,0,1826
BRDA:36,8,1,0
BRDA:45,9,0,2770
BRDA:45,9,1,3361
BRDA:47,10,0,1533
BRDA:47,10,1,1828
BRDA:58,11,0,2770
BRDA:58,11,1,3361
BRDA:60,12,0,1828
BRDA:60,12,1,1533
BRDA:62,13,0,1533
BRDA:62,13,1,0
BRDA:65,14,0,0
BRDA:65,14,1,6131
BRF:30
BRH:27
end_of_record
TN:
SF:/Users/kris/collections/spec/weak-map-spec.js
FNF:0
FNH:0
LF:0
LH:0
BRF:0
BRH:0
end_of_record
